7.4145 	EXP 	Created window1 = Window(allowGUI=True, allowStencil=False, autoLog=True, backendConf=UNKNOWN, bitsMode=UNKNOWN, blendMode='avg', bpc=(8, 8, 8), color=array([0, 0, 0]), colorSpace='rgb', depthBits=8, fullscr=<method-wrapper '__getattribute__' of attributeSetter object at 0x7fb789270ba8>, gamma=None, gammaErrorPolicy='raise', lms=UNKNOWN, monitor=<psychopy.monitors.calibTools.Monitor object at 0x7fb788895320>, multiSample=False, name='window1', numSamples=2, pos=[477.5, 237.5], screen=0, size=array([1300, 1300]), stencilBits=0, stereo=False, units='norm', useFBO=True, useRetina=True, viewOri=0.0, viewPos=None, viewScale=None, waitBlanking=True, winType='pyglet')
7.4181 	EXP 	window1: mouseVisible = True
7.4181 	EXP 	window1: recordFrameIntervals = False
7.5783 	EXP 	window1: recordFrameIntervals = True
7.7628 	EXP 	window1: recordFrameIntervals = False
7.7743 	EXP 	Created target = Circle(__class__=<class 'psychopy.visual.circle.Circle'>, autoDraw=False, autoLog=True, closeShape=True, color=method-wrapper(...), colorSpace='rgb', contrast=None, depth=-1.0, fillColor=array([ 1, -1, -1]), fillColorSpace='rgb', fillRGB=array([ 1, -1, -1]), interpolate=True, lineColor=array([0., 0., 0.]), lineColorSpace='rgb', lineRGB=array([0, 0, 0]), lineWidth=1.5, name='target', opacity=0.25, ori=0.0, pos=array([0., 0.]), size=array([1., 1.]), units='norm', vertices=ndarray(...), win=Window(...))
7.7774 	EXP 	Created polygon = ShapeStim(__class__=<class 'psychopy.visual.shape.ShapeStim'>, autoDraw=False, autoLog=True, closeShape=True, color=method-wrapper(...), colorSpace='rgb', contrast=None, depth=0.0, fillColor=array([-1., -1., -1.]), fillColorSpace='rgb', fillRGB=array([-1., -1., -1.]), interpolate=True, lineColor=array([1., 1., 1.]), lineColorSpace='rgb', lineRGB=array([1, 1, 1]), lineWidth=1, name='polygon', opacity=1, ori=0.0, pos=array([0., 0.]), size=array([0.075, 0.075]), units='norm', vertices=ndarray(...), win=Window(...), windingRule=None)
8.0486 	EXP 	Created unnamed TextStim = TextStim(__class__=<class 'psychopy.visual.text.TextStim'>, alignHoriz=method-wrapper(...), alignText='center', alignVert=method-wrapper(...), anchorHoriz='center', anchorVert='center', antialias=True, autoLog=True, bold=False, color=array([1., 1., 1.]), colorSpace='rgb', contrast=1.0, depth=0, flipHoriz=False, flipVert=False, font='', fontFiles=[], height=0.1, italic=False, languageStyle='LTR', name='unnamed TextStim', opacity=1.0, ori=0.0, pos=array([0., 0.]), rgb=UNKNOWN, text=str(...), units='norm', win=Window(...), wrapWidth=1)
19.4892 	DATA 	Mouse: Left button down, pos=(476,440)
19.6058 	DATA 	Mouse:  Left button up, pos=(476,440)
19.8421 	DATA 	Keypress: space
19.8774 	EXP 	unnamed TextStim: text = 'Now squeeze the Right sensor as hard as you comfortably can\nPress Space bar when done'
20.6246 	DATA 	Keypress: space
20.6582 	EXP 	Created unnamed TextStim = TextStim(__class__=<class 'psychopy.visual.text.TextStim'>, alignHoriz=method-wrapper(...), alignText='center', alignVert=method-wrapper(...), anchorHoriz='center', anchorVert='center', antialias=True, autoLog=True, bold=False, color=array([1., 1., 1.]), colorSpace='rgb', contrast=1.0, depth=0, flipHoriz=False, flipVert=False, font='', fontFiles=[], height=0.075, italic=False, languageStyle='LTR', name='unnamed TextStim', opacity=1.0, ori=0.0, pos=array([0., 0.]), rgb=UNKNOWN, text=str(...), units='norm', win=Window(...), wrapWidth=1)
20.6698 	EXP 	unnamed TextStim: autoDraw = True
20.6698 	EXP 	polygon: autoDraw = True
20.6698 	EXP 	polygon: pos = array([0.99, 0.99])
20.6883 	EXP 	polygon: pos = array([0.99, 0.99])
20.7048 	EXP 	polygon: pos = array([0.99, 0.99])
20.7220 	EXP 	polygon: pos = array([0.99, 0.99])
20.7386 	EXP 	polygon: pos = array([0.99, 0.99])
20.7553 	EXP 	polygon: pos = array([0.99, 0.99])
20.7718 	EXP 	polygon: pos = array([0.99, 0.99])
20.7889 	EXP 	polygon: pos = array([0.99, 0.99])
20.8053 	EXP 	polygon: pos = array([0.99, 0.99])
20.8216 	EXP 	polygon: pos = array([0.99, 0.99])
20.8386 	EXP 	polygon: pos = array([0.99, 0.99])
20.8551 	EXP 	polygon: pos = array([0.99, 0.99])
20.8717 	EXP 	polygon: pos = array([0.99, 0.99])
20.8885 	EXP 	polygon: pos = array([0.99, 0.99])
20.9051 	EXP 	polygon: pos = array([0.99, 0.99])
20.9220 	EXP 	polygon: pos = array([0.99, 0.99])
20.9385 	EXP 	polygon: pos = array([0.99, 0.99])
20.9557 	EXP 	polygon: pos = array([0.99, 0.99])
20.9719 	EXP 	polygon: pos = array([0.99, 0.99])
20.9888 	EXP 	polygon: pos = array([0.99, 0.99])
21.0055 	EXP 	polygon: pos = array([0.99, 0.99])
21.0219 	EXP 	polygon: pos = array([0.99, 0.99])
21.0386 	EXP 	polygon: pos = array([0.99, 0.99])
21.0550 	EXP 	polygon: pos = array([0.99, 0.99])
21.0717 	EXP 	polygon: pos = array([0.99, 0.99])
21.0887 	EXP 	polygon: pos = array([0.99, 0.99])
21.1052 	EXP 	polygon: pos = array([0.99, 0.99])
21.1220 	EXP 	polygon: pos = array([0.99, 0.99])
21.1380 	EXP 	polygon: pos = array([0.99, 0.99])
21.1554 	EXP 	polygon: pos = array([0.99, 0.99])
21.1722 	EXP 	polygon: pos = array([0.99, 0.99])
21.1885 	EXP 	polygon: pos = array([0.99, 0.99])
21.2064 	EXP 	polygon: pos = array([0.99, 0.99])
21.2236 	EXP 	polygon: pos = array([0.99, 0.99])
21.2393 	EXP 	polygon: pos = array([0.99, 0.99])
21.2544 	EXP 	polygon: pos = array([0.99, 0.99])
21.2719 	EXP 	polygon: pos = array([0.99, 0.99])
21.2886 	EXP 	polygon: pos = array([0.99, 0.99])
21.3053 	EXP 	polygon: pos = array([0.99, 0.99])
21.3221 	EXP 	polygon: pos = array([0.99, 0.99])
21.3387 	EXP 	polygon: pos = array([0.99, 0.99])
21.3555 	EXP 	polygon: pos = array([0.99, 0.99])
21.3724 	EXP 	polygon: pos = array([0.99, 0.99])
21.3890 	EXP 	polygon: pos = array([0.99, 0.99])
21.4056 	EXP 	polygon: pos = array([0.99, 0.99])
21.4222 	EXP 	polygon: pos = array([0.99, 0.99])
21.4386 	EXP 	polygon: pos = array([0.99, 0.99])
21.4554 	EXP 	polygon: pos = array([0.99, 0.99])
21.4718 	EXP 	polygon: pos = array([0.99, 0.99])
21.4882 	EXP 	polygon: pos = array([0.99, 0.99])
21.5054 	EXP 	polygon: pos = array([0.99, 0.99])
21.5218 	EXP 	polygon: pos = array([0.99, 0.99])
21.5389 	EXP 	polygon: pos = array([0.99, 0.99])
21.5557 	EXP 	polygon: pos = array([0.99, 0.99])
21.5705 	EXP 	polygon: pos = array([0.99, 0.99])
21.5873 	EXP 	polygon: pos = array([0.99, 0.99])
21.6039 	EXP 	polygon: pos = array([0.99, 0.99])
21.6204 	EXP 	polygon: pos = array([0.99, 0.99])
21.6372 	EXP 	polygon: pos = array([0.99, 0.99])
21.6548 	EXP 	polygon: pos = array([0.99, 0.99])
21.6721 	EXP 	polygon: pos = array([0.99, 0.99])
21.6890 	EXP 	polygon: pos = array([0.99, 0.99])
21.7047 	EXP 	polygon: pos = array([0.99, 0.99])
21.7224 	EXP 	polygon: pos = array([0.99, 0.99])
21.7391 	EXP 	polygon: pos = array([0.99, 0.99])
21.7561 	EXP 	polygon: pos = array([0.99, 0.99])
21.7726 	EXP 	polygon: pos = array([0.99, 0.99])
21.7887 	EXP 	polygon: pos = array([0.99, 0.99])
21.8056 	EXP 	polygon: pos = array([0.99, 0.99])
21.8224 	EXP 	polygon: pos = array([0.99, 0.99])
21.8389 	EXP 	polygon: pos = array([0.99, 0.99])
21.8555 	EXP 	polygon: pos = array([0.99, 0.99])
21.8721 	EXP 	polygon: pos = array([0.99, 0.99])
21.8888 	EXP 	polygon: pos = array([0.99, 0.99])
21.9057 	EXP 	polygon: pos = array([0.99, 0.99])
21.9222 	EXP 	polygon: pos = array([0.99, 0.99])
21.9389 	EXP 	polygon: pos = array([0.99, 0.99])
21.9563 	EXP 	polygon: pos = array([0.99, 0.99])
21.9725 	EXP 	polygon: pos = array([0.99, 0.99])
21.9895 	EXP 	polygon: pos = array([0.99, 0.99])
22.0058 	EXP 	polygon: pos = array([0.99, 0.99])
22.0226 	EXP 	polygon: pos = array([0.99, 0.99])
22.0389 	EXP 	polygon: pos = array([0.99, 0.99])
22.0556 	EXP 	polygon: pos = array([0.99, 0.99])
22.0722 	EXP 	polygon: pos = array([0.99, 0.99])
22.0890 	EXP 	polygon: pos = array([0.99, 0.99])
22.1060 	EXP 	polygon: pos = array([0.99, 0.99])
22.1224 	EXP 	polygon: pos = array([0.99, 0.99])
22.1392 	EXP 	polygon: pos = array([0.99, 0.99])
22.1564 	EXP 	polygon: pos = array([0.99, 0.99])
22.1586 	DATA 	Keypress: space
22.1721 	EXP 	polygon: pos = array([0.99, 0.99])
22.1892 	EXP 	unnamed TextStim: autoDraw = False
22.1892 	EXP 	polygon: autoDraw = False
22.2007 	EXP 	Created unnamed TextStim = TextStim(__class__=<class 'psychopy.visual.text.TextStim'>, alignHoriz=method-wrapper(...), alignText='center', alignVert=method-wrapper(...), anchorHoriz='center', anchorVert='center', antialias=True, autoLog=True, bold=False, color=array([1., 1., 1.]), colorSpace='rgb', contrast=1.0, depth=0, flipHoriz=False, flipVert=False, font='', fontFiles=[], height=0.075, italic=False, languageStyle='LTR', name='unnamed TextStim', opacity=1.0, ori=0.0, pos=array([0., 0.]), rgb=UNKNOWN, text='TRAINING TRIALS', units='norm', win=Window(...), wrapWidth=1)
22.2114 	EXP 	unnamed TextStim: autoDraw = True
22.2114 	EXP 	polygon: pos = array([0.99, 0.99])
22.2114 	EXP 	polygon: autoDraw = True
22.2232 	EXP 	polygon: pos = array([0.99, 0.99])
22.2232 	EXP 	polygon: autoDraw = True
22.2396 	EXP 	polygon: pos = array([0.99, 0.99])
22.2396 	EXP 	polygon: autoDraw = True
22.2560 	EXP 	polygon: pos = array([0.99, 0.99])
22.2560 	EXP 	polygon: autoDraw = True
22.2724 	EXP 	polygon: pos = array([0.99, 0.99])
22.2724 	EXP 	polygon: autoDraw = True
22.2890 	EXP 	polygon: pos = array([0.99, 0.99])
22.2890 	EXP 	polygon: autoDraw = True
22.3058 	EXP 	polygon: pos = array([0.99, 0.99])
22.3058 	EXP 	polygon: autoDraw = True
22.3226 	EXP 	polygon: pos = array([0.99, 0.99])
22.3226 	EXP 	polygon: autoDraw = True
22.3396 	EXP 	polygon: pos = array([0.99, 0.99])
22.3396 	EXP 	polygon: autoDraw = True
22.3561 	EXP 	polygon: pos = array([0.99, 0.99])
22.3561 	EXP 	polygon: autoDraw = True
22.3728 	EXP 	polygon: pos = array([0.99, 0.99])
22.3728 	EXP 	polygon: autoDraw = True
22.3895 	EXP 	polygon: pos = array([0.99, 0.99])
22.3895 	EXP 	polygon: autoDraw = True
22.4061 	EXP 	polygon: pos = array([0.99, 0.99])
22.4061 	EXP 	polygon: autoDraw = True
22.4226 	EXP 	polygon: pos = array([0.99, 0.99])
22.4226 	EXP 	polygon: autoDraw = True
22.4392 	EXP 	polygon: pos = array([0.99, 0.99])
22.4392 	EXP 	polygon: autoDraw = True
22.4558 	EXP 	polygon: pos = array([0.99, 0.99])
22.4558 	EXP 	polygon: autoDraw = True
22.4724 	EXP 	polygon: pos = array([0.99, 0.99])
22.4724 	EXP 	polygon: autoDraw = True
22.4893 	EXP 	polygon: pos = array([0.99, 0.99])
22.4893 	EXP 	polygon: autoDraw = True
22.5061 	EXP 	polygon: pos = array([0.99, 0.99])
22.5061 	EXP 	polygon: autoDraw = True
22.5226 	EXP 	polygon: pos = array([0.99, 0.99])
22.5226 	EXP 	polygon: autoDraw = True
22.5395 	EXP 	polygon: pos = array([0.99, 0.99])
22.5395 	EXP 	polygon: autoDraw = True
22.5561 	EXP 	polygon: pos = array([0.99, 0.99])
22.5561 	EXP 	polygon: autoDraw = True
22.5729 	EXP 	polygon: pos = array([0.99, 0.99])
22.5729 	EXP 	polygon: autoDraw = True
22.5895 	EXP 	polygon: pos = array([0.99, 0.99])
22.5895 	EXP 	polygon: autoDraw = True
22.6061 	EXP 	polygon: pos = array([0.99, 0.99])
22.6061 	EXP 	polygon: autoDraw = True
22.6226 	EXP 	polygon: pos = array([0.99, 0.99])
22.6226 	EXP 	polygon: autoDraw = True
22.6394 	EXP 	polygon: pos = array([0.99, 0.99])
22.6394 	EXP 	polygon: autoDraw = True
22.6548 	EXP 	polygon: pos = array([0.99, 0.99])
22.6548 	EXP 	polygon: autoDraw = True
22.6714 	EXP 	polygon: pos = array([0.99, 0.99])
22.6714 	EXP 	polygon: autoDraw = True
22.6878 	EXP 	polygon: pos = array([0.99, 0.99])
22.6878 	EXP 	polygon: autoDraw = True
22.7047 	EXP 	polygon: pos = array([0.99, 0.99])
22.7047 	EXP 	polygon: autoDraw = True
22.7210 	EXP 	polygon: pos = array([0.99, 0.99])
22.7210 	EXP 	polygon: autoDraw = True
22.7378 	EXP 	polygon: pos = array([0.99, 0.99])
22.7378 	EXP 	polygon: autoDraw = True
22.7553 	EXP 	polygon: pos = array([0.99, 0.99])
22.7553 	EXP 	polygon: autoDraw = True
22.7727 	EXP 	polygon: pos = array([0.99, 0.99])
22.7727 	EXP 	polygon: autoDraw = True
22.7888 	EXP 	polygon: pos = array([0.99, 0.99])
22.7888 	EXP 	polygon: autoDraw = True
22.8060 	EXP 	polygon: pos = array([0.99, 0.99])
22.8060 	EXP 	polygon: autoDraw = True
22.8228 	EXP 	polygon: pos = array([0.99, 0.99])
22.8228 	EXP 	polygon: autoDraw = True
22.8395 	EXP 	polygon: pos = array([0.99, 0.99])
22.8395 	EXP 	polygon: autoDraw = True
22.8559 	EXP 	polygon: pos = array([0.99, 0.99])
22.8559 	EXP 	polygon: autoDraw = True
22.8727 	EXP 	polygon: pos = array([0.99, 0.99])
22.8727 	EXP 	polygon: autoDraw = True
22.8893 	EXP 	polygon: pos = array([0.99, 0.99])
22.8893 	EXP 	polygon: autoDraw = True
22.9054 	EXP 	polygon: pos = array([0.99, 0.99])
22.9054 	EXP 	polygon: autoDraw = True
22.9226 	EXP 	polygon: pos = array([0.99, 0.99])
22.9226 	EXP 	polygon: autoDraw = True
22.9267 	DATA 	Keypress: space
22.9396 	EXP 	polygon: pos = array([0.99, 0.99])
22.9396 	EXP 	polygon: autoDraw = True
22.9565 	EXP 	polygon: pos = array([0.99, 0.99])
22.9565 	EXP 	polygon: autoDraw = True
22.9731 	EXP 	polygon: pos = array([0.99, 0.99])
22.9731 	EXP 	polygon: autoDraw = True
22.9898 	EXP 	polygon: pos = array([0.99, 0.99])
22.9898 	EXP 	polygon: autoDraw = True
23.0061 	EXP 	polygon: pos = array([0.99, 0.99])
23.0061 	EXP 	polygon: autoDraw = True
23.0222 	EXP 	polygon: pos = array([0.99, 0.99])
23.0222 	EXP 	polygon: autoDraw = True
23.0395 	EXP 	polygon: pos = array([0.99, 0.99])
23.0395 	EXP 	polygon: autoDraw = True
23.0561 	EXP 	polygon: pos = array([0.99, 0.99])
23.0561 	EXP 	polygon: autoDraw = True
23.0728 	EXP 	polygon: pos = array([0.99, 0.99])
23.0728 	EXP 	polygon: autoDraw = True
23.0898 	EXP 	polygon: pos = array([0.99, 0.99])
23.0898 	EXP 	polygon: autoDraw = True
23.1055 	EXP 	polygon: pos = array([0.99, 0.99])
23.1055 	EXP 	polygon: autoDraw = True
23.1230 	EXP 	polygon: pos = array([0.99, 0.99])
23.1230 	EXP 	polygon: autoDraw = True
23.1399 	EXP 	polygon: pos = array([0.99, 0.99])
23.1399 	EXP 	polygon: autoDraw = True
23.1563 	EXP 	polygon: pos = array([0.99, 0.99])
23.1563 	EXP 	polygon: autoDraw = True
23.1732 	EXP 	polygon: pos = array([0.99, 0.99])
23.1732 	EXP 	polygon: autoDraw = True
23.1899 	EXP 	polygon: pos = array([0.99, 0.99])
23.1899 	EXP 	polygon: autoDraw = True
23.2070 	EXP 	polygon: pos = array([0.99, 0.99])
23.2070 	EXP 	polygon: autoDraw = True
23.2244 	EXP 	polygon: pos = array([0.99, 0.99])
23.2244 	EXP 	polygon: autoDraw = True
23.2394 	EXP 	polygon: pos = array([0.99, 0.99])
23.2394 	EXP 	polygon: autoDraw = True
23.2561 	EXP 	polygon: pos = array([0.99, 0.99])
23.2561 	EXP 	polygon: autoDraw = True
23.2725 	EXP 	polygon: pos = array([0.99, 0.99])
23.2725 	EXP 	polygon: autoDraw = True
23.2890 	EXP 	polygon: pos = array([0.99, 0.99])
23.2890 	EXP 	polygon: autoDraw = True
23.3055 	EXP 	polygon: pos = array([0.99, 0.99])
23.3055 	EXP 	polygon: autoDraw = True
23.3221 	EXP 	polygon: pos = array([0.99, 0.99])
23.3221 	EXP 	polygon: autoDraw = True
23.3386 	EXP 	polygon: pos = array([0.99, 0.99])
23.3386 	EXP 	polygon: autoDraw = True
23.3551 	EXP 	polygon: pos = array([0.99, 0.99])
23.3551 	EXP 	polygon: autoDraw = True
23.3722 	EXP 	polygon: pos = array([0.99, 0.99])
23.3722 	EXP 	polygon: autoDraw = True
23.3895 	EXP 	polygon: pos = array([0.99, 0.99])
23.3895 	EXP 	polygon: autoDraw = True
23.4055 	EXP 	polygon: pos = array([0.99, 0.99])
23.4055 	EXP 	polygon: autoDraw = True
23.4229 	EXP 	polygon: pos = array([0.99, 0.99])
23.4229 	EXP 	polygon: autoDraw = True
23.4399 	EXP 	polygon: pos = array([0.99, 0.99])
23.4399 	EXP 	polygon: autoDraw = True
23.4562 	EXP 	polygon: pos = array([0.99, 0.99])
23.4562 	EXP 	polygon: autoDraw = True
23.4722 	EXP 	polygon: pos = array([0.99, 0.99])
23.4722 	EXP 	polygon: autoDraw = True
23.4885 	EXP 	polygon: pos = array([0.99, 0.99])
23.4885 	EXP 	polygon: autoDraw = True
23.5054 	EXP 	polygon: pos = array([0.99, 0.99])
23.5054 	EXP 	polygon: autoDraw = True
23.5223 	EXP 	polygon: pos = array([0.99, 0.99])
23.5223 	EXP 	polygon: autoDraw = True
23.5387 	EXP 	polygon: pos = array([0.99, 0.99])
23.5387 	EXP 	polygon: autoDraw = True
23.5559 	EXP 	polygon: pos = array([0.99, 0.99])
23.5559 	EXP 	polygon: autoDraw = True
23.5723 	EXP 	polygon: pos = array([0.99, 0.99])
23.5723 	EXP 	polygon: autoDraw = True
23.5895 	EXP 	polygon: pos = array([0.99, 0.99])
23.5895 	EXP 	polygon: autoDraw = True
23.6066 	EXP 	polygon: pos = array([0.99, 0.99])
23.6066 	EXP 	polygon: autoDraw = True
23.6233 	EXP 	polygon: pos = array([0.99, 0.99])
23.6233 	EXP 	polygon: autoDraw = True
23.6401 	EXP 	polygon: pos = array([0.99, 0.99])
23.6401 	EXP 	polygon: autoDraw = True
23.6559 	EXP 	polygon: pos = array([0.99, 0.99])
23.6559 	EXP 	polygon: autoDraw = True
23.6721 	EXP 	polygon: pos = array([0.99, 0.99])
23.6721 	EXP 	polygon: autoDraw = True
23.6888 	EXP 	polygon: pos = array([0.99, 0.99])
23.6888 	EXP 	polygon: autoDraw = True
23.7055 	EXP 	polygon: pos = array([0.99, 0.99])
23.7055 	EXP 	polygon: autoDraw = True
23.7221 	EXP 	polygon: pos = array([0.99, 0.99])
23.7221 	EXP 	polygon: autoDraw = True
23.7387 	EXP 	polygon: pos = array([0.99, 0.99])
23.7387 	EXP 	polygon: autoDraw = True
23.7555 	EXP 	polygon: pos = array([0.99, 0.99])
23.7555 	EXP 	polygon: autoDraw = True
23.7719 	EXP 	polygon: pos = array([0.99, 0.99])
23.7719 	EXP 	polygon: autoDraw = True
23.7887 	EXP 	polygon: pos = array([0.99, 0.99])
23.7887 	EXP 	polygon: autoDraw = True
23.8057 	EXP 	polygon: pos = array([0.99, 0.99])
23.8057 	EXP 	polygon: autoDraw = True
23.8222 	EXP 	polygon: pos = array([0.99, 0.99])
23.8222 	EXP 	polygon: autoDraw = True
23.8384 	EXP 	polygon: pos = array([0.99, 0.99])
23.8384 	EXP 	polygon: autoDraw = True
23.8550 	EXP 	polygon: pos = array([0.99, 0.99])
23.8550 	EXP 	polygon: autoDraw = True
23.8724 	EXP 	polygon: pos = array([0.99, 0.99])
23.8724 	EXP 	polygon: autoDraw = True
23.8889 	EXP 	polygon: pos = array([0.99, 0.99])
23.8889 	EXP 	polygon: autoDraw = True
23.9060 	EXP 	polygon: pos = array([0.99, 0.99])
23.9060 	EXP 	polygon: autoDraw = True
23.9228 	EXP 	polygon: pos = array([0.99, 0.99])
23.9228 	EXP 	polygon: autoDraw = True
23.9392 	EXP 	polygon: pos = array([0.99, 0.99])
23.9392 	EXP 	polygon: autoDraw = True
23.9564 	EXP 	polygon: pos = array([0.99, 0.99])
23.9564 	EXP 	polygon: autoDraw = True
23.9731 	EXP 	polygon: pos = array([0.99, 0.99])
23.9731 	EXP 	polygon: autoDraw = True
23.9898 	EXP 	polygon: pos = array([0.99, 0.99])
23.9898 	EXP 	polygon: autoDraw = True
24.0064 	EXP 	polygon: pos = array([0.99, 0.99])
24.0064 	EXP 	polygon: autoDraw = True
24.0221 	EXP 	polygon: pos = array([0.99, 0.99])
24.0221 	EXP 	polygon: autoDraw = True
24.0393 	EXP 	polygon: pos = array([0.99, 0.99])
24.0393 	EXP 	polygon: autoDraw = True
24.0559 	EXP 	polygon: pos = array([0.99, 0.99])
24.0559 	EXP 	polygon: autoDraw = True
24.0723 	EXP 	polygon: pos = array([0.99, 0.99])
24.0723 	EXP 	polygon: autoDraw = True
24.0888 	EXP 	polygon: pos = array([0.99, 0.99])
24.0888 	EXP 	polygon: autoDraw = True
24.1059 	EXP 	polygon: pos = array([0.99, 0.99])
24.1059 	EXP 	polygon: autoDraw = True
24.1221 	EXP 	polygon: pos = array([0.99, 0.99])
24.1221 	EXP 	polygon: autoDraw = True
24.1400 	EXP 	polygon: pos = array([0.99, 0.99])
24.1400 	EXP 	polygon: autoDraw = True
24.1572 	EXP 	polygon: pos = array([0.99, 0.99])
24.1572 	EXP 	polygon: autoDraw = True
24.1733 	EXP 	polygon: pos = array([0.99, 0.99])
24.1733 	EXP 	polygon: autoDraw = True
24.1898 	EXP 	polygon: pos = array([0.99, 0.99])
24.1898 	EXP 	polygon: autoDraw = True
24.2076 	EXP 	polygon: pos = array([0.99, 0.99])
24.2076 	EXP 	polygon: autoDraw = True
24.2240 	EXP 	polygon: pos = array([0.99, 0.99])
24.2240 	EXP 	polygon: autoDraw = True
24.2398 	EXP 	polygon: pos = array([0.99, 0.99])
24.2398 	EXP 	polygon: autoDraw = True
24.2568 	EXP 	polygon: pos = array([0.99, 0.99])
24.2568 	EXP 	polygon: autoDraw = True
24.2735 	EXP 	polygon: pos = array([0.99, 0.99])
24.2735 	EXP 	polygon: autoDraw = True
24.2904 	EXP 	polygon: pos = array([0.99, 0.99])
24.2904 	EXP 	polygon: autoDraw = True
24.3069 	EXP 	polygon: pos = array([0.99, 0.99])
24.3069 	EXP 	polygon: autoDraw = True
24.3236 	EXP 	polygon: pos = array([0.99, 0.99])
24.3236 	EXP 	polygon: autoDraw = True
24.3400 	EXP 	polygon: pos = array([0.99, 0.99])
24.3400 	EXP 	polygon: autoDraw = True
24.3575 	EXP 	polygon: pos = array([0.99, 0.99])
24.3575 	EXP 	polygon: autoDraw = True
24.3741 	EXP 	polygon: pos = array([0.99, 0.99])
24.3741 	EXP 	polygon: autoDraw = True
24.3898 	EXP 	polygon: pos = array([0.99, 0.99])
24.3898 	EXP 	polygon: autoDraw = True
24.4069 	EXP 	polygon: pos = array([0.99, 0.99])
24.4069 	EXP 	polygon: autoDraw = True
24.4227 	EXP 	polygon: pos = array([0.99, 0.99])
24.4227 	EXP 	polygon: autoDraw = True
24.4394 	EXP 	polygon: pos = array([0.99, 0.99])
24.4394 	EXP 	polygon: autoDraw = True
24.4558 	EXP 	polygon: pos = array([0.99, 0.99])
24.4558 	EXP 	polygon: autoDraw = True
24.4724 	EXP 	polygon: pos = array([0.99, 0.99])
24.4724 	EXP 	polygon: autoDraw = True
24.4891 	EXP 	polygon: pos = array([0.99, 0.99])
24.4891 	EXP 	polygon: autoDraw = True
24.5059 	EXP 	polygon: pos = array([0.99, 0.99])
24.5059 	EXP 	polygon: autoDraw = True
24.5239 	EXP 	polygon: pos = array([0.99, 0.99])
24.5239 	EXP 	polygon: autoDraw = True
24.5399 	EXP 	polygon: pos = array([0.99, 0.99])
24.5399 	EXP 	polygon: autoDraw = True
24.5573 	EXP 	polygon: pos = array([0.99, 0.99])
24.5573 	EXP 	polygon: autoDraw = True
24.5735 	EXP 	polygon: pos = array([0.99, 0.99])
24.5735 	EXP 	polygon: autoDraw = True
24.5895 	EXP 	polygon: pos = array([0.99, 0.99])
24.5895 	EXP 	polygon: autoDraw = True
24.6069 	EXP 	polygon: pos = array([0.99, 0.99])
24.6069 	EXP 	polygon: autoDraw = True
24.6236 	EXP 	polygon: pos = array([0.99, 0.99])
24.6236 	EXP 	polygon: autoDraw = True
24.6395 	EXP 	polygon: pos = array([0.99, 0.99])
24.6395 	EXP 	polygon: autoDraw = True
24.6567 	EXP 	polygon: pos = array([0.99, 0.99])
24.6567 	EXP 	polygon: autoDraw = True
24.6739 	EXP 	polygon: pos = array([0.99, 0.99])
24.6739 	EXP 	polygon: autoDraw = True
24.6904 	EXP 	polygon: pos = array([0.99, 0.99])
24.6904 	EXP 	polygon: autoDraw = True
24.7071 	EXP 	polygon: pos = array([0.99, 0.99])
24.7071 	EXP 	polygon: autoDraw = True
24.7241 	EXP 	polygon: pos = array([0.99, 0.99])
24.7241 	EXP 	polygon: autoDraw = True
24.7397 	EXP 	polygon: pos = array([0.99, 0.99])
24.7397 	EXP 	polygon: autoDraw = True
24.7571 	EXP 	polygon: pos = array([0.99, 0.99])
24.7571 	EXP 	polygon: autoDraw = True
24.7737 	EXP 	polygon: pos = array([0.99, 0.99])
24.7737 	EXP 	polygon: autoDraw = True
24.7902 	EXP 	polygon: pos = array([0.99, 0.99])
24.7902 	EXP 	polygon: autoDraw = True
24.8069 	EXP 	polygon: pos = array([0.99, 0.99])
24.8069 	EXP 	polygon: autoDraw = True
24.8236 	EXP 	polygon: pos = array([0.99, 0.99])
24.8236 	EXP 	polygon: autoDraw = True
24.8404 	EXP 	polygon: pos = array([0.99, 0.99])
24.8404 	EXP 	polygon: autoDraw = True
24.8568 	EXP 	polygon: pos = array([0.99, 0.99])
24.8568 	EXP 	polygon: autoDraw = True
24.8723 	EXP 	polygon: pos = array([0.99, 0.99])
24.8723 	EXP 	polygon: autoDraw = True
24.8888 	EXP 	polygon: pos = array([0.99, 0.99])
24.8888 	EXP 	polygon: autoDraw = True
24.9056 	EXP 	polygon: pos = array([0.99, 0.99])
24.9056 	EXP 	polygon: autoDraw = True
24.9222 	EXP 	polygon: pos = array([0.99, 0.99])
24.9222 	EXP 	polygon: autoDraw = True
24.9388 	EXP 	polygon: pos = array([0.99, 0.99])
24.9388 	EXP 	polygon: autoDraw = True
24.9579 	EXP 	polygon: pos = array([0.99, 0.99])
24.9579 	EXP 	polygon: autoDraw = True
24.9739 	EXP 	polygon: pos = array([0.99, 0.99])
24.9739 	EXP 	polygon: autoDraw = True
24.9905 	EXP 	polygon: pos = array([0.99, 0.99])
24.9905 	EXP 	polygon: autoDraw = True
25.0064 	EXP 	polygon: pos = array([0.99, 0.99])
25.0064 	EXP 	polygon: autoDraw = True
25.0237 	EXP 	polygon: pos = array([0.99, 0.99])
25.0237 	EXP 	polygon: autoDraw = True
25.0402 	EXP 	polygon: pos = array([0.99, 0.99])
25.0402 	EXP 	polygon: autoDraw = True
25.0567 	EXP 	polygon: pos = array([0.99, 0.99])
25.0567 	EXP 	polygon: autoDraw = True
25.0741 	EXP 	polygon: pos = array([0.99, 0.99])
25.0741 	EXP 	polygon: autoDraw = True
25.0906 	EXP 	polygon: pos = array([0.99, 0.99])
25.0906 	EXP 	polygon: autoDraw = True
25.1074 	EXP 	polygon: pos = array([0.99, 0.99])
25.1074 	EXP 	polygon: autoDraw = True
25.1243 	EXP 	polygon: pos = array([0.99, 0.99])
25.1243 	EXP 	polygon: autoDraw = True
25.1408 	EXP 	polygon: pos = array([0.99, 0.99])
25.1408 	EXP 	polygon: autoDraw = True
25.1571 	EXP 	polygon: pos = array([0.99, 0.99])
25.1571 	EXP 	polygon: autoDraw = True
25.1739 	EXP 	polygon: pos = array([0.99, 0.99])
25.1739 	EXP 	polygon: autoDraw = True
25.1905 	EXP 	polygon: pos = array([0.99, 0.99])
25.1905 	EXP 	polygon: autoDraw = True
25.2076 	EXP 	polygon: pos = array([0.99, 0.99])
25.2076 	EXP 	polygon: autoDraw = True
25.2258 	EXP 	unnamed TextStim: autoDraw = False
25.2258 	EXP 	polygon: autoDraw = False
25.2323 	EXP 	Created unnamed TextStim = TextStim(__class__=<class 'psychopy.visual.text.TextStim'>, alignHoriz=method-wrapper(...), alignText='center', alignVert=method-wrapper(...), anchorHoriz='center', anchorVert='center', antialias=True, autoLog=True, bold=False, color=array([1., 1., 1.]), colorSpace='rgb', contrast=1.0, depth=0, flipHoriz=False, flipVert=False, font='', fontFiles=[], height=0.075, italic=False, languageStyle='LTR', name='unnamed TextStim', opacity=1.0, ori=0.0, pos=array([0., 0.]), rgb=UNKNOWN, text='Training Trial 1', units='norm', win=Window(...), wrapWidth=1)
25.2430 	EXP 	unnamed TextStim: autoDraw = True
25.2430 	EXP 	polygon: pos = array([0.99, 0.99])
25.2430 	EXP 	polygon: autoDraw = True
25.2564 	EXP 	polygon: pos = array([0.99, 0.99])
25.2564 	EXP 	polygon: autoDraw = True
25.2739 	EXP 	polygon: pos = array([0.99, 0.99])
25.2739 	EXP 	polygon: autoDraw = True
25.2905 	EXP 	polygon: pos = array([0.99, 0.99])
25.2905 	EXP 	polygon: autoDraw = True
25.3074 	EXP 	polygon: pos = array([0.99, 0.99])
25.3074 	EXP 	polygon: autoDraw = True
25.3241 	EXP 	polygon: pos = array([0.99, 0.99])
25.3241 	EXP 	polygon: autoDraw = True
25.3410 	EXP 	polygon: pos = array([0.99, 0.99])
25.3410 	EXP 	polygon: autoDraw = True
25.3576 	EXP 	polygon: pos = array([0.99, 0.99])
25.3576 	EXP 	polygon: autoDraw = True
25.3739 	EXP 	polygon: pos = array([0.99, 0.99])
25.3739 	EXP 	polygon: autoDraw = True
25.3909 	EXP 	polygon: pos = array([0.99, 0.99])
25.3909 	EXP 	polygon: autoDraw = True
25.4073 	EXP 	polygon: pos = array([0.99, 0.99])
25.4073 	EXP 	polygon: autoDraw = True
25.4237 	EXP 	polygon: pos = array([0.99, 0.99])
25.4237 	EXP 	polygon: autoDraw = True
25.4405 	EXP 	polygon: pos = array([0.99, 0.99])
25.4405 	EXP 	polygon: autoDraw = True
25.4573 	EXP 	polygon: pos = array([0.99, 0.99])
25.4573 	EXP 	polygon: autoDraw = True
25.4742 	EXP 	polygon: pos = array([0.99, 0.99])
25.4742 	EXP 	polygon: autoDraw = True
25.4907 	EXP 	polygon: pos = array([0.99, 0.99])
25.4907 	EXP 	polygon: autoDraw = True
25.5076 	EXP 	polygon: pos = array([0.99, 0.99])
25.5076 	EXP 	polygon: autoDraw = True
25.5241 	EXP 	polygon: pos = array([0.99, 0.99])
25.5241 	EXP 	polygon: autoDraw = True
25.5410 	EXP 	polygon: pos = array([0.99, 0.99])
25.5410 	EXP 	polygon: autoDraw = True
25.5576 	EXP 	polygon: pos = array([0.99, 0.99])
25.5576 	EXP 	polygon: autoDraw = True
25.5741 	EXP 	polygon: pos = array([0.99, 0.99])
25.5741 	EXP 	polygon: autoDraw = True
25.5908 	EXP 	polygon: pos = array([0.99, 0.99])
25.5908 	EXP 	polygon: autoDraw = True
25.6073 	EXP 	polygon: pos = array([0.99, 0.99])
25.6073 	EXP 	polygon: autoDraw = True
25.6240 	EXP 	polygon: pos = array([0.99, 0.99])
25.6240 	EXP 	polygon: autoDraw = True
25.6406 	EXP 	polygon: pos = array([0.99, 0.99])
25.6406 	EXP 	polygon: autoDraw = True
25.6575 	EXP 	polygon: pos = array([0.99, 0.99])
25.6575 	EXP 	polygon: autoDraw = True
25.6733 	EXP 	polygon: pos = array([0.99, 0.99])
25.6733 	EXP 	polygon: autoDraw = True
25.6914 	EXP 	polygon: pos = array([0.99, 0.99])
25.6914 	EXP 	polygon: autoDraw = True
25.7076 	EXP 	polygon: pos = array([0.99, 0.99])
25.7076 	EXP 	polygon: autoDraw = True
25.7244 	EXP 	polygon: pos = array([0.99, 0.99])
25.7244 	EXP 	polygon: autoDraw = True
25.7409 	EXP 	polygon: pos = array([0.99, 0.99])
25.7409 	EXP 	polygon: autoDraw = True
25.7577 	EXP 	polygon: pos = array([0.99, 0.99])
25.7577 	EXP 	polygon: autoDraw = True
25.7744 	EXP 	polygon: pos = array([0.99, 0.99])
25.7744 	EXP 	polygon: autoDraw = True
25.7908 	EXP 	polygon: pos = array([0.99, 0.99])
25.7908 	EXP 	polygon: autoDraw = True
25.8074 	EXP 	polygon: pos = array([0.99, 0.99])
25.8074 	EXP 	polygon: autoDraw = True
25.8240 	EXP 	polygon: pos = array([0.99, 0.99])
25.8240 	EXP 	polygon: autoDraw = True
25.8409 	EXP 	polygon: pos = array([0.99, 0.99])
25.8409 	EXP 	polygon: autoDraw = True
25.8575 	EXP 	polygon: pos = array([0.99, 0.99])
25.8575 	EXP 	polygon: autoDraw = True
25.8741 	EXP 	polygon: pos = array([0.99, 0.99])
25.8741 	EXP 	polygon: autoDraw = True
25.8908 	EXP 	polygon: pos = array([0.99, 0.99])
25.8908 	EXP 	polygon: autoDraw = True
25.9075 	EXP 	polygon: pos = array([0.99, 0.99])
25.9075 	EXP 	polygon: autoDraw = True
25.9245 	EXP 	polygon: pos = array([0.99, 0.99])
25.9245 	EXP 	polygon: autoDraw = True
25.9412 	EXP 	polygon: pos = array([0.99, 0.99])
25.9412 	EXP 	polygon: autoDraw = True
25.9564 	EXP 	polygon: pos = array([0.99, 0.99])
25.9564 	EXP 	polygon: autoDraw = True
25.9729 	EXP 	polygon: pos = array([0.99, 0.99])
25.9729 	EXP 	polygon: autoDraw = True
25.9894 	EXP 	polygon: pos = array([0.99, 0.99])
25.9894 	EXP 	polygon: autoDraw = True
26.0058 	EXP 	polygon: pos = array([0.99, 0.99])
26.0058 	EXP 	polygon: autoDraw = True
26.0227 	EXP 	polygon: pos = array([0.99, 0.99])
26.0227 	EXP 	polygon: autoDraw = True
26.0400 	EXP 	polygon: pos = array([0.99, 0.99])
26.0400 	EXP 	polygon: autoDraw = True
26.0575 	EXP 	polygon: pos = array([0.99, 0.99])
26.0575 	EXP 	polygon: autoDraw = True
26.0743 	EXP 	polygon: pos = array([0.99, 0.99])
26.0743 	EXP 	polygon: autoDraw = True
26.0909 	EXP 	polygon: pos = array([0.99, 0.99])
26.0909 	EXP 	polygon: autoDraw = True
26.1078 	EXP 	polygon: pos = array([0.99, 0.99])
26.1078 	EXP 	polygon: autoDraw = True
26.1245 	EXP 	polygon: pos = array([0.99, 0.99])
26.1245 	EXP 	polygon: autoDraw = True
26.1412 	EXP 	polygon: pos = array([0.99, 0.99])
26.1412 	EXP 	polygon: autoDraw = True
26.1576 	EXP 	polygon: pos = array([0.99, 0.99])
26.1576 	EXP 	polygon: autoDraw = True
26.1743 	EXP 	polygon: pos = array([0.99, 0.99])
26.1743 	EXP 	polygon: autoDraw = True
26.1905 	EXP 	polygon: pos = array([0.99, 0.99])
26.1905 	EXP 	polygon: autoDraw = True
26.2090 	EXP 	polygon: pos = array([0.99, 0.99])
26.2090 	EXP 	polygon: autoDraw = True
26.2251 	EXP 	polygon: pos = array([0.99, 0.99])
26.2251 	EXP 	polygon: autoDraw = True
26.2415 	EXP 	polygon: pos = array([0.99, 0.99])
26.2415 	EXP 	polygon: autoDraw = True
26.2570 	EXP 	polygon: pos = array([0.99, 0.99])
26.2570 	EXP 	polygon: autoDraw = True
26.2747 	EXP 	polygon: pos = array([0.99, 0.99])
26.2747 	EXP 	polygon: autoDraw = True
26.2914 	EXP 	polygon: pos = array([0.99, 0.99])
26.2914 	EXP 	polygon: autoDraw = True
26.3081 	EXP 	polygon: pos = array([0.99, 0.99])
26.3081 	EXP 	polygon: autoDraw = True
26.3247 	EXP 	polygon: pos = array([0.99, 0.99])
26.3247 	EXP 	polygon: autoDraw = True
26.3415 	EXP 	polygon: pos = array([0.99, 0.99])
26.3415 	EXP 	polygon: autoDraw = True
26.3574 	EXP 	polygon: pos = array([0.99, 0.99])
26.3574 	EXP 	polygon: autoDraw = True
26.3744 	EXP 	polygon: pos = array([0.99, 0.99])
26.3744 	EXP 	polygon: autoDraw = True
26.3912 	EXP 	polygon: pos = array([0.99, 0.99])
26.3912 	EXP 	polygon: autoDraw = True
26.4070 	EXP 	polygon: pos = array([0.99, 0.99])
26.4070 	EXP 	polygon: autoDraw = True
26.4245 	EXP 	polygon: pos = array([0.99, 0.99])
26.4245 	EXP 	polygon: autoDraw = True
26.4410 	EXP 	polygon: pos = array([0.99, 0.99])
26.4410 	EXP 	polygon: autoDraw = True
26.4581 	EXP 	polygon: pos = array([0.99, 0.99])
26.4581 	EXP 	polygon: autoDraw = True
26.4745 	EXP 	polygon: pos = array([0.99, 0.99])
26.4745 	EXP 	polygon: autoDraw = True
26.4914 	EXP 	polygon: pos = array([0.99, 0.99])
26.4914 	EXP 	polygon: autoDraw = True
26.5081 	EXP 	polygon: pos = array([0.99, 0.99])
26.5081 	EXP 	polygon: autoDraw = True
26.5249 	EXP 	polygon: pos = array([0.99, 0.99])
26.5249 	EXP 	polygon: autoDraw = True
26.5414 	EXP 	polygon: pos = array([0.99, 0.99])
26.5414 	EXP 	polygon: autoDraw = True
26.5579 	EXP 	polygon: pos = array([0.99, 0.99])
26.5579 	EXP 	polygon: autoDraw = True
26.5744 	EXP 	polygon: pos = array([0.99, 0.99])
26.5744 	EXP 	polygon: autoDraw = True
26.5912 	EXP 	polygon: pos = array([0.99, 0.99])
26.5912 	EXP 	polygon: autoDraw = True
26.6078 	EXP 	polygon: pos = array([0.99, 0.99])
26.6078 	EXP 	polygon: autoDraw = True
26.6246 	EXP 	polygon: pos = array([0.99, 0.99])
26.6246 	EXP 	polygon: autoDraw = True
26.6412 	EXP 	polygon: pos = array([0.99, 0.99])
26.6412 	EXP 	polygon: autoDraw = True
26.6582 	EXP 	polygon: pos = array([0.99, 0.99])
26.6582 	EXP 	polygon: autoDraw = True
26.6746 	EXP 	polygon: pos = array([0.99, 0.99])
26.6746 	EXP 	polygon: autoDraw = True
26.6914 	EXP 	polygon: pos = array([0.99, 0.99])
26.6914 	EXP 	polygon: autoDraw = True
26.7083 	EXP 	polygon: pos = array([0.99, 0.99])
26.7083 	EXP 	polygon: autoDraw = True
26.7248 	EXP 	polygon: pos = array([0.99, 0.99])
26.7248 	EXP 	polygon: autoDraw = True
26.7415 	EXP 	polygon: pos = array([0.99, 0.99])
26.7415 	EXP 	polygon: autoDraw = True
26.7579 	EXP 	polygon: pos = array([0.99, 0.99])
26.7579 	EXP 	polygon: autoDraw = True
26.7744 	EXP 	polygon: pos = array([0.99, 0.99])
26.7744 	EXP 	polygon: autoDraw = True
26.7913 	EXP 	polygon: pos = array([0.99, 0.99])
26.7913 	EXP 	polygon: autoDraw = True
26.8079 	EXP 	polygon: pos = array([0.99, 0.99])
26.8079 	EXP 	polygon: autoDraw = True
26.8245 	EXP 	polygon: pos = array([0.99, 0.99])
26.8245 	EXP 	polygon: autoDraw = True
26.8413 	EXP 	polygon: pos = array([0.99, 0.99])
26.8413 	EXP 	polygon: autoDraw = True
26.8581 	EXP 	polygon: pos = array([0.99, 0.99])
26.8581 	EXP 	polygon: autoDraw = True
26.8746 	EXP 	polygon: pos = array([0.99, 0.99])
26.8746 	EXP 	polygon: autoDraw = True
26.8914 	EXP 	polygon: pos = array([0.99, 0.99])
26.8914 	EXP 	polygon: autoDraw = True
26.9086 	EXP 	polygon: pos = array([0.99, 0.99])
26.9086 	EXP 	polygon: autoDraw = True
26.9248 	EXP 	polygon: pos = array([0.99, 0.99])
26.9248 	EXP 	polygon: autoDraw = True
26.9416 	EXP 	polygon: pos = array([0.99, 0.99])
26.9416 	EXP 	polygon: autoDraw = True
26.9581 	EXP 	polygon: pos = array([0.99, 0.99])
26.9581 	EXP 	polygon: autoDraw = True
26.9747 	EXP 	polygon: pos = array([0.99, 0.99])
26.9747 	EXP 	polygon: autoDraw = True
26.9913 	EXP 	polygon: pos = array([0.99, 0.99])
26.9913 	EXP 	polygon: autoDraw = True
27.0080 	EXP 	polygon: pos = array([0.99, 0.99])
27.0080 	EXP 	polygon: autoDraw = True
27.0246 	EXP 	polygon: pos = array([0.99, 0.99])
27.0246 	EXP 	polygon: autoDraw = True
27.0411 	EXP 	polygon: pos = array([0.99, 0.99])
27.0411 	EXP 	polygon: autoDraw = True
27.0567 	EXP 	polygon: pos = array([0.99, 0.99])
27.0567 	EXP 	polygon: autoDraw = True
27.0733 	EXP 	polygon: pos = array([0.99, 0.99])
27.0733 	EXP 	polygon: autoDraw = True
27.0901 	EXP 	polygon: pos = array([0.99, 0.99])
27.0901 	EXP 	polygon: autoDraw = True
27.1064 	EXP 	polygon: pos = array([0.99, 0.99])
27.1064 	EXP 	polygon: autoDraw = True
27.1233 	EXP 	polygon: pos = array([0.99, 0.99])
27.1233 	EXP 	polygon: autoDraw = True
27.1419 	EXP 	polygon: pos = array([0.99, 0.99])
27.1419 	EXP 	polygon: autoDraw = True
27.1581 	EXP 	polygon: pos = array([0.99, 0.99])
27.1581 	EXP 	polygon: autoDraw = True
27.1748 	EXP 	polygon: pos = array([0.99, 0.99])
27.1748 	EXP 	polygon: autoDraw = True
27.1915 	EXP 	polygon: pos = array([0.99, 0.99])
27.1915 	EXP 	polygon: autoDraw = True
27.2089 	EXP 	polygon: pos = array([0.99, 0.99])
27.2089 	EXP 	polygon: autoDraw = True
27.2268 	EXP 	polygon: pos = array([0.99, 0.99])
27.2268 	EXP 	polygon: autoDraw = True
27.2408 	EXP 	polygon: pos = array([0.99, 0.99])
27.2408 	EXP 	polygon: autoDraw = True
27.2583 	EXP 	polygon: pos = array([0.99, 0.99])
27.2583 	EXP 	polygon: autoDraw = True
27.2583 	EXP 	unnamed TextStim: autoDraw = False
27.2649 	EXP 	Created unnamed TextStim = TextStim(__class__=<class 'psychopy.visual.text.TextStim'>, alignHoriz=method-wrapper(...), alignText='center', alignVert=method-wrapper(...), anchorHoriz='center', anchorVert='center', antialias=True, autoLog=True, bold=False, color=array([1., 1., 1.]), colorSpace='rgb', contrast=1.0, depth=0, flipHoriz=False, flipVert=False, font='', fontFiles=[], height=0.075, italic=False, languageStyle='LTR', name='unnamed TextStim', opacity=1.0, ori=0.0, pos=array([0., 0.]), rgb=UNKNOWN, text='Training Trial 2', units='norm', win=Window(...), wrapWidth=1)
27.2764 	EXP 	unnamed TextStim: autoDraw = True
27.2764 	EXP 	polygon: pos = array([0.99, 0.99])
27.2764 	EXP 	polygon: autoDraw = True
27.2916 	EXP 	polygon: pos = array([0.99, 0.99])
27.2916 	EXP 	polygon: autoDraw = True
27.3084 	EXP 	polygon: pos = array([0.99, 0.99])
27.3084 	EXP 	polygon: autoDraw = True
27.3250 	EXP 	polygon: pos = array([0.99, 0.99])
27.3250 	EXP 	polygon: autoDraw = True
27.3418 	EXP 	polygon: pos = array([0.99, 0.99])
27.3418 	EXP 	polygon: autoDraw = True
27.3582 	EXP 	polygon: pos = array([0.99, 0.99])
27.3582 	EXP 	polygon: autoDraw = True
27.3747 	EXP 	polygon: pos = array([0.99, 0.99])
27.3747 	EXP 	polygon: autoDraw = True
27.3917 	EXP 	polygon: pos = array([0.99, 0.99])
27.3917 	EXP 	polygon: autoDraw = True
27.4080 	EXP 	polygon: pos = array([0.99, 0.99])
27.4080 	EXP 	polygon: autoDraw = True
27.4249 	EXP 	polygon: pos = array([0.99, 0.99])
27.4249 	EXP 	polygon: autoDraw = True
27.4416 	EXP 	polygon: pos = array([0.99, 0.99])
27.4416 	EXP 	polygon: autoDraw = True
27.4576 	EXP 	polygon: pos = array([0.99, 0.99])
27.4576 	EXP 	polygon: autoDraw = True
27.4748 	EXP 	polygon: pos = array([0.99, 0.99])
27.4748 	EXP 	polygon: autoDraw = True
27.4918 	EXP 	polygon: pos = array([0.99, 0.99])
27.4918 	EXP 	polygon: autoDraw = True
27.5085 	EXP 	polygon: pos = array([0.99, 0.99])
27.5085 	EXP 	polygon: autoDraw = True
27.5251 	EXP 	polygon: pos = array([0.99, 0.99])
27.5251 	EXP 	polygon: autoDraw = True
27.5417 	EXP 	polygon: pos = array([0.99, 0.99])
27.5417 	EXP 	polygon: autoDraw = True
27.5583 	EXP 	polygon: pos = array([0.99, 0.99])
27.5583 	EXP 	polygon: autoDraw = True
27.5747 	EXP 	polygon: pos = array([0.99, 0.99])
27.5747 	EXP 	polygon: autoDraw = True
27.5916 	EXP 	polygon: pos = array([0.99, 0.99])
27.5916 	EXP 	polygon: autoDraw = True
27.6082 	EXP 	polygon: pos = array([0.99, 0.99])
27.6082 	EXP 	polygon: autoDraw = True
27.6249 	EXP 	polygon: pos = array([0.99, 0.99])
27.6249 	EXP 	polygon: autoDraw = True
27.6419 	EXP 	polygon: pos = array([0.99, 0.99])
27.6419 	EXP 	polygon: autoDraw = True
27.6576 	EXP 	polygon: pos = array([0.99, 0.99])
27.6576 	EXP 	polygon: autoDraw = True
27.6755 	EXP 	polygon: pos = array([0.99, 0.99])
27.6755 	EXP 	polygon: autoDraw = True
27.6920 	EXP 	polygon: pos = array([0.99, 0.99])
27.6920 	EXP 	polygon: autoDraw = True
27.7086 	EXP 	polygon: pos = array([0.99, 0.99])
27.7086 	EXP 	polygon: autoDraw = True
27.7252 	EXP 	polygon: pos = array([0.99, 0.99])
27.7252 	EXP 	polygon: autoDraw = True
27.7417 	EXP 	polygon: pos = array([0.99, 0.99])
27.7417 	EXP 	polygon: autoDraw = True
27.7585 	EXP 	polygon: pos = array([0.99, 0.99])
27.7585 	EXP 	polygon: autoDraw = True
27.7749 	EXP 	polygon: pos = array([0.99, 0.99])
27.7749 	EXP 	polygon: autoDraw = True
27.7917 	EXP 	polygon: pos = array([0.99, 0.99])
27.7917 	EXP 	polygon: autoDraw = True
27.8073 	EXP 	polygon: pos = array([0.99, 0.99])
27.8073 	EXP 	polygon: autoDraw = True
27.8235 	EXP 	polygon: pos = array([0.99, 0.99])
27.8235 	EXP 	polygon: autoDraw = True
27.8417 	EXP 	polygon: pos = array([0.99, 0.99])
27.8417 	EXP 	polygon: autoDraw = True
27.8577 	EXP 	polygon: pos = array([0.99, 0.99])
27.8577 	EXP 	polygon: autoDraw = True
27.8751 	EXP 	polygon: pos = array([0.99, 0.99])
27.8751 	EXP 	polygon: autoDraw = True
27.8919 	EXP 	polygon: pos = array([0.99, 0.99])
27.8919 	EXP 	polygon: autoDraw = True
27.9086 	EXP 	polygon: pos = array([0.99, 0.99])
27.9086 	EXP 	polygon: autoDraw = True
27.9254 	EXP 	polygon: pos = array([0.99, 0.99])
27.9254 	EXP 	polygon: autoDraw = True
27.9407 	EXP 	polygon: pos = array([0.99, 0.99])
27.9407 	EXP 	polygon: autoDraw = True
27.9700 	EXP 	polygon: pos = array([0.99, 0.99])
27.9700 	EXP 	polygon: autoDraw = True
27.9826 	EXP 	polygon: pos = array([0.99, 0.99])
27.9826 	EXP 	polygon: autoDraw = True
27.9944 	EXP 	polygon: pos = array([0.99, 0.99])
27.9944 	EXP 	polygon: autoDraw = True
28.0079 	EXP 	polygon: pos = array([0.99, 0.99])
28.0079 	EXP 	polygon: autoDraw = True
28.0254 	EXP 	polygon: pos = array([0.99, 0.99])
28.0254 	EXP 	polygon: autoDraw = True
28.0419 	EXP 	polygon: pos = array([0.99, 0.99])
28.0419 	EXP 	polygon: autoDraw = True
28.0586 	EXP 	polygon: pos = array([0.99, 0.99])
28.0586 	EXP 	polygon: autoDraw = True
28.0757 	EXP 	polygon: pos = array([0.99, 0.99])
28.0757 	EXP 	polygon: autoDraw = True
28.0921 	EXP 	polygon: pos = array([0.99, 0.99])
28.0921 	EXP 	polygon: autoDraw = True
28.1080 	EXP 	polygon: pos = array([0.99, 0.99])
28.1080 	EXP 	polygon: autoDraw = True
28.1257 	EXP 	polygon: pos = array([0.99, 0.99])
28.1257 	EXP 	polygon: autoDraw = True
28.1405 	EXP 	polygon: pos = array([0.99, 0.99])
28.1405 	EXP 	polygon: autoDraw = True
28.1571 	EXP 	polygon: pos = array([0.99, 0.99])
28.1571 	EXP 	polygon: autoDraw = True
28.1737 	EXP 	polygon: pos = array([0.99, 0.99])
28.1737 	EXP 	polygon: autoDraw = True
28.1910 	EXP 	polygon: pos = array([0.99, 0.99])
28.1910 	EXP 	polygon: autoDraw = True
28.2080 	EXP 	polygon: pos = array([0.99, 0.99])
28.2080 	EXP 	polygon: autoDraw = True
28.2250 	EXP 	polygon: pos = array([0.99, 0.99])
28.2250 	EXP 	polygon: autoDraw = True
28.2432 	EXP 	polygon: pos = array([0.99, 0.99])
28.2432 	EXP 	polygon: autoDraw = True
28.2589 	EXP 	polygon: pos = array([0.99, 0.99])
28.2589 	EXP 	polygon: autoDraw = True
28.2758 	EXP 	polygon: pos = array([0.99, 0.99])
28.2758 	EXP 	polygon: autoDraw = True
28.2925 	EXP 	polygon: pos = array([0.99, 0.99])
28.2925 	EXP 	polygon: autoDraw = True
28.3089 	EXP 	polygon: pos = array([0.99, 0.99])
28.3089 	EXP 	polygon: autoDraw = True
28.3258 	EXP 	polygon: pos = array([0.99, 0.99])
28.3258 	EXP 	polygon: autoDraw = True
28.3423 	EXP 	polygon: pos = array([0.99, 0.99])
28.3423 	EXP 	polygon: autoDraw = True
28.3589 	EXP 	polygon: pos = array([0.99, 0.99])
28.3589 	EXP 	polygon: autoDraw = True
28.3754 	EXP 	polygon: pos = array([0.99, 0.99])
28.3754 	EXP 	polygon: autoDraw = True
28.3921 	EXP 	polygon: pos = array([0.99, 0.99])
28.3921 	EXP 	polygon: autoDraw = True
28.4092 	EXP 	polygon: pos = array([0.99, 0.99])
28.4092 	EXP 	polygon: autoDraw = True
28.4254 	EXP 	polygon: pos = array([0.99, 0.99])
28.4254 	EXP 	polygon: autoDraw = True
28.4422 	EXP 	polygon: pos = array([0.99, 0.99])
28.4422 	EXP 	polygon: autoDraw = True
28.4589 	EXP 	polygon: pos = array([0.99, 0.99])
28.4589 	EXP 	polygon: autoDraw = True
28.4757 	EXP 	polygon: pos = array([0.99, 0.99])
28.4757 	EXP 	polygon: autoDraw = True
28.4925 	EXP 	polygon: pos = array([0.99, 0.99])
28.4925 	EXP 	polygon: autoDraw = True
28.5092 	EXP 	polygon: pos = array([0.99, 0.99])
28.5092 	EXP 	polygon: autoDraw = True
28.5255 	EXP 	polygon: pos = array([0.99, 0.99])
28.5255 	EXP 	polygon: autoDraw = True
28.5423 	EXP 	polygon: pos = array([0.99, 0.99])
28.5423 	EXP 	polygon: autoDraw = True
28.5587 	EXP 	polygon: pos = array([0.99, 0.99])
28.5587 	EXP 	polygon: autoDraw = True
28.5749 	EXP 	polygon: pos = array([0.99, 0.99])
28.5749 	EXP 	polygon: autoDraw = True
28.5921 	EXP 	polygon: pos = array([0.99, 0.99])
28.5921 	EXP 	polygon: autoDraw = True
28.6089 	EXP 	polygon: pos = array([0.99, 0.99])
28.6089 	EXP 	polygon: autoDraw = True
28.6255 	EXP 	polygon: pos = array([0.99, 0.99])
28.6255 	EXP 	polygon: autoDraw = True
28.6424 	EXP 	polygon: pos = array([0.99, 0.99])
28.6424 	EXP 	polygon: autoDraw = True
28.6586 	EXP 	polygon: pos = array([0.99, 0.99])
28.6586 	EXP 	polygon: autoDraw = True
28.6761 	EXP 	polygon: pos = array([0.99, 0.99])
28.6761 	EXP 	polygon: autoDraw = True
28.6925 	EXP 	polygon: pos = array([0.99, 0.99])
28.6925 	EXP 	polygon: autoDraw = True
28.7095 	EXP 	polygon: pos = array([0.99, 0.99])
28.7095 	EXP 	polygon: autoDraw = True
28.7261 	EXP 	polygon: pos = array([0.99, 0.99])
28.7261 	EXP 	polygon: autoDraw = True
28.7425 	EXP 	polygon: pos = array([0.99, 0.99])
28.7425 	EXP 	polygon: autoDraw = True
28.7590 	EXP 	polygon: pos = array([0.99, 0.99])
28.7590 	EXP 	polygon: autoDraw = True
28.7756 	EXP 	polygon: pos = array([0.99, 0.99])
28.7756 	EXP 	polygon: autoDraw = True
28.7921 	EXP 	polygon: pos = array([0.99, 0.99])
28.7921 	EXP 	polygon: autoDraw = True
28.8089 	EXP 	polygon: pos = array([0.99, 0.99])
28.8089 	EXP 	polygon: autoDraw = True
28.8262 	EXP 	polygon: pos = array([0.99, 0.99])
28.8262 	EXP 	polygon: autoDraw = True
28.8424 	EXP 	polygon: pos = array([0.99, 0.99])
28.8424 	EXP 	polygon: autoDraw = True
28.8595 	EXP 	polygon: pos = array([0.99, 0.99])
28.8595 	EXP 	polygon: autoDraw = True
28.8759 	EXP 	polygon: pos = array([0.99, 0.99])
28.8759 	EXP 	polygon: autoDraw = True
28.8928 	EXP 	polygon: pos = array([0.99, 0.99])
28.8928 	EXP 	polygon: autoDraw = True
28.9096 	EXP 	polygon: pos = array([0.99, 0.99])
28.9096 	EXP 	polygon: autoDraw = True
28.9262 	EXP 	polygon: pos = array([0.99, 0.99])
28.9262 	EXP 	polygon: autoDraw = True
28.9424 	EXP 	polygon: pos = array([0.99, 0.99])
28.9424 	EXP 	polygon: autoDraw = True
28.9593 	EXP 	polygon: pos = array([0.99, 0.99])
28.9593 	EXP 	polygon: autoDraw = True
28.9805 	EXP 	polygon: pos = array([0.99, 0.99])
28.9805 	EXP 	polygon: autoDraw = True
28.9927 	EXP 	polygon: pos = array([0.99, 0.99])
28.9927 	EXP 	polygon: autoDraw = True
29.0090 	EXP 	polygon: pos = array([0.99, 0.99])
29.0090 	EXP 	polygon: autoDraw = True
29.0257 	EXP 	polygon: pos = array([0.99, 0.99])
29.0257 	EXP 	polygon: autoDraw = True
29.0425 	EXP 	polygon: pos = array([0.99, 0.99])
29.0425 	EXP 	polygon: autoDraw = True
29.0592 	EXP 	polygon: pos = array([0.99, 0.99])
29.0592 	EXP 	polygon: autoDraw = True
29.0761 	EXP 	polygon: pos = array([0.99, 0.99])
29.0761 	EXP 	polygon: autoDraw = True
29.0925 	EXP 	polygon: pos = array([0.99, 0.99])
29.0925 	EXP 	polygon: autoDraw = True
29.1094 	EXP 	polygon: pos = array([0.99, 0.99])
29.1094 	EXP 	polygon: autoDraw = True
29.1258 	EXP 	polygon: pos = array([0.99, 0.99])
29.1258 	EXP 	polygon: autoDraw = True
29.1425 	EXP 	polygon: pos = array([0.99, 0.99])
29.1425 	EXP 	polygon: autoDraw = True
29.1591 	EXP 	polygon: pos = array([0.99, 0.99])
29.1591 	EXP 	polygon: autoDraw = True
29.1756 	EXP 	polygon: pos = array([0.99, 0.99])
29.1756 	EXP 	polygon: autoDraw = True
29.1927 	EXP 	polygon: pos = array([0.99, 0.99])
29.1927 	EXP 	polygon: autoDraw = True
29.2099 	EXP 	polygon: pos = array([0.99, 0.99])
29.2099 	EXP 	polygon: autoDraw = True
29.2259 	EXP 	polygon: pos = array([0.99, 0.99])
29.2259 	EXP 	polygon: autoDraw = True
29.2410 	EXP 	polygon: pos = array([0.99, 0.99])
29.2410 	EXP 	polygon: autoDraw = True
29.2577 	EXP 	polygon: pos = array([0.99, 0.99])
29.2577 	EXP 	polygon: autoDraw = True
29.2742 	EXP 	polygon: pos = array([0.99, 0.99])
29.2742 	EXP 	polygon: autoDraw = True
29.2909 	EXP 	polygon: pos = array([0.99, 0.99])
29.2909 	EXP 	polygon: autoDraw = True
29.2909 	EXP 	unnamed TextStim: autoDraw = False
29.3049 	EXP 	Created unnamed TextStim = TextStim(__class__=<class 'psychopy.visual.text.TextStim'>, alignHoriz=method-wrapper(...), alignText='center', alignVert=method-wrapper(...), anchorHoriz='center', anchorVert='center', antialias=True, autoLog=True, bold=False, color=array([1., 1., 1.]), colorSpace='rgb', contrast=1.0, depth=0, flipHoriz=False, flipVert=False, font='', fontFiles=[], height=0.075, italic=False, languageStyle='LTR', name='unnamed TextStim', opacity=1.0, ori=0.0, pos=array([0., 0.]), rgb=UNKNOWN, text=str(...), units='norm', win=Window(...), wrapWidth=1)
29.3145 	EXP 	unnamed TextStim: autoDraw = True
29.3145 	EXP 	polygon: autoDraw = True
29.3145 	EXP 	polygon: pos = array([0.99, 0.99])
29.3254 	EXP 	unnamed TextStim: autoDraw = False
29.3254 	EXP 	polygon: autoDraw = False
29.3337 	EXP 	Created unnamed TextStim = TextStim(__class__=<class 'psychopy.visual.text.TextStim'>, alignHoriz=method-wrapper(...), alignText='center', alignVert=method-wrapper(...), anchorHoriz='center', anchorVert='center', antialias=True, autoLog=True, bold=False, color=array([1., 1., 1.]), colorSpace='rgb', contrast=1.0, depth=0, flipHoriz=False, flipVert=False, font='', fontFiles=[], height=0.075, italic=False, languageStyle='LTR', name='unnamed TextStim', opacity=1.0, ori=0.0, pos=array([0., 0.]), rgb=UNKNOWN, text='EXPERIMENT TRIALS', units='norm', win=Window(...), wrapWidth=1)
29.3443 	EXP 	unnamed TextStim: autoDraw = True
29.3443 	EXP 	polygon: pos = array([0.99, 0.99])
29.3443 	EXP 	polygon: autoDraw = True
29.3591 	EXP 	polygon: pos = array([0.99, 0.99])
29.3591 	EXP 	polygon: autoDraw = True
29.3757 	EXP 	polygon: pos = array([0.99, 0.99])
29.3757 	EXP 	polygon: autoDraw = True
29.3925 	EXP 	polygon: pos = array([0.99, 0.99])
29.3925 	EXP 	polygon: autoDraw = True
29.4089 	EXP 	polygon: pos = array([0.99, 0.99])
29.4089 	EXP 	polygon: autoDraw = True
29.4260 	EXP 	polygon: pos = array([0.99, 0.99])
29.4260 	EXP 	polygon: autoDraw = True
29.4426 	EXP 	polygon: pos = array([0.99, 0.99])
29.4426 	EXP 	polygon: autoDraw = True
29.4594 	EXP 	polygon: pos = array([0.99, 0.99])
29.4594 	EXP 	polygon: autoDraw = True
29.4761 	EXP 	polygon: pos = array([0.99, 0.99])
29.4761 	EXP 	polygon: autoDraw = True
29.4930 	EXP 	polygon: pos = array([0.99, 0.99])
29.4930 	EXP 	polygon: autoDraw = True
29.5094 	EXP 	polygon: pos = array([0.99, 0.99])
29.5094 	EXP 	polygon: autoDraw = True
29.5260 	EXP 	polygon: pos = array([0.99, 0.99])
29.5260 	EXP 	polygon: autoDraw = True
29.5428 	EXP 	polygon: pos = array([0.99, 0.99])
29.5428 	EXP 	polygon: autoDraw = True
29.5593 	EXP 	polygon: pos = array([0.99, 0.99])
29.5593 	EXP 	polygon: autoDraw = True
29.5757 	EXP 	polygon: pos = array([0.99, 0.99])
29.5757 	EXP 	polygon: autoDraw = True
29.5925 	EXP 	polygon: pos = array([0.99, 0.99])
29.5925 	EXP 	polygon: autoDraw = True
29.6091 	EXP 	polygon: pos = array([0.99, 0.99])
29.6091 	EXP 	polygon: autoDraw = True
29.6260 	EXP 	polygon: pos = array([0.99, 0.99])
29.6260 	EXP 	polygon: autoDraw = True
29.6424 	EXP 	polygon: pos = array([0.99, 0.99])
29.6424 	EXP 	polygon: autoDraw = True
29.6591 	EXP 	polygon: pos = array([0.99, 0.99])
29.6591 	EXP 	polygon: autoDraw = True
29.6763 	EXP 	polygon: pos = array([0.99, 0.99])
29.6763 	EXP 	polygon: autoDraw = True
29.6926 	EXP 	polygon: pos = array([0.99, 0.99])
29.6926 	EXP 	polygon: autoDraw = True
29.7096 	EXP 	polygon: pos = array([0.99, 0.99])
29.7096 	EXP 	polygon: autoDraw = True
29.7261 	EXP 	polygon: pos = array([0.99, 0.99])
29.7261 	EXP 	polygon: autoDraw = True
29.7420 	EXP 	polygon: pos = array([0.99, 0.99])
29.7420 	EXP 	polygon: autoDraw = True
29.7594 	EXP 	polygon: pos = array([0.99, 0.99])
29.7594 	EXP 	polygon: autoDraw = True
29.7759 	EXP 	polygon: pos = array([0.99, 0.99])
29.7759 	EXP 	polygon: autoDraw = True
29.7927 	EXP 	polygon: pos = array([0.99, 0.99])
29.7927 	EXP 	polygon: autoDraw = True
29.8093 	EXP 	polygon: pos = array([0.99, 0.99])
29.8093 	EXP 	polygon: autoDraw = True
29.8261 	EXP 	polygon: pos = array([0.99, 0.99])
29.8261 	EXP 	polygon: autoDraw = True
29.8429 	EXP 	polygon: pos = array([0.99, 0.99])
29.8429 	EXP 	polygon: autoDraw = True
29.8596 	EXP 	polygon: pos = array([0.99, 0.99])
29.8596 	EXP 	polygon: autoDraw = True
29.8762 	EXP 	polygon: pos = array([0.99, 0.99])
29.8762 	EXP 	polygon: autoDraw = True
29.8929 	EXP 	polygon: pos = array([0.99, 0.99])
29.8929 	EXP 	polygon: autoDraw = True
29.9098 	EXP 	polygon: pos = array([0.99, 0.99])
29.9098 	EXP 	polygon: autoDraw = True
29.9262 	EXP 	polygon: pos = array([0.99, 0.99])
29.9262 	EXP 	polygon: autoDraw = True
29.9428 	EXP 	polygon: pos = array([0.99, 0.99])
29.9428 	EXP 	polygon: autoDraw = True
29.9595 	EXP 	polygon: pos = array([0.99, 0.99])
29.9595 	EXP 	polygon: autoDraw = True
29.9759 	EXP 	polygon: pos = array([0.99, 0.99])
29.9759 	EXP 	polygon: autoDraw = True
29.9925 	EXP 	polygon: pos = array([0.99, 0.99])
29.9925 	EXP 	polygon: autoDraw = True
30.0095 	EXP 	polygon: pos = array([0.99, 0.99])
30.0095 	EXP 	polygon: autoDraw = True
30.0262 	EXP 	polygon: pos = array([0.99, 0.99])
30.0262 	EXP 	polygon: autoDraw = True
30.0434 	EXP 	polygon: pos = array([0.99, 0.99])
30.0434 	EXP 	polygon: autoDraw = True
30.0596 	EXP 	polygon: pos = array([0.99, 0.99])
30.0596 	EXP 	polygon: autoDraw = True
30.0767 	EXP 	polygon: pos = array([0.99, 0.99])
30.0767 	EXP 	polygon: autoDraw = True
30.0933 	EXP 	polygon: pos = array([0.99, 0.99])
30.0933 	EXP 	polygon: autoDraw = True
30.1097 	EXP 	polygon: pos = array([0.99, 0.99])
30.1097 	EXP 	polygon: autoDraw = True
30.1262 	EXP 	polygon: pos = array([0.99, 0.99])
30.1262 	EXP 	polygon: autoDraw = True
30.1428 	EXP 	polygon: pos = array([0.99, 0.99])
30.1428 	EXP 	polygon: autoDraw = True
30.1595 	EXP 	polygon: pos = array([0.99, 0.99])
30.1595 	EXP 	polygon: autoDraw = True
30.1761 	EXP 	polygon: pos = array([0.99, 0.99])
30.1761 	EXP 	polygon: autoDraw = True
30.1932 	EXP 	polygon: pos = array([0.99, 0.99])
30.1932 	EXP 	polygon: autoDraw = True
30.2107 	EXP 	polygon: pos = array([0.99, 0.99])
30.2107 	EXP 	polygon: autoDraw = True
30.2273 	EXP 	polygon: pos = array([0.99, 0.99])
30.2273 	EXP 	polygon: autoDraw = True
30.2438 	EXP 	polygon: pos = array([0.99, 0.99])
30.2438 	EXP 	polygon: autoDraw = True
30.2598 	EXP 	polygon: pos = array([0.99, 0.99])
30.2598 	EXP 	polygon: autoDraw = True
30.2767 	EXP 	polygon: pos = array([0.99, 0.99])
30.2767 	EXP 	polygon: autoDraw = True
30.2933 	EXP 	polygon: pos = array([0.99, 0.99])
30.2933 	EXP 	polygon: autoDraw = True
30.3090 	EXP 	polygon: pos = array([0.99, 0.99])
30.3090 	EXP 	polygon: autoDraw = True
30.3249 	EXP 	polygon: pos = array([0.99, 0.99])
30.3249 	EXP 	polygon: autoDraw = True
30.3413 	EXP 	polygon: pos = array([0.99, 0.99])
30.3413 	EXP 	polygon: autoDraw = True
30.3582 	EXP 	polygon: pos = array([0.99, 0.99])
30.3582 	EXP 	polygon: autoDraw = True
30.3746 	EXP 	polygon: pos = array([0.99, 0.99])
30.3746 	EXP 	polygon: autoDraw = True
30.3917 	EXP 	polygon: pos = array([0.99, 0.99])
30.3917 	EXP 	polygon: autoDraw = True
30.4088 	EXP 	polygon: pos = array([0.99, 0.99])
30.4088 	EXP 	polygon: autoDraw = True
30.4269 	EXP 	polygon: pos = array([0.99, 0.99])
30.4269 	EXP 	polygon: autoDraw = True
30.4431 	EXP 	polygon: pos = array([0.99, 0.99])
30.4431 	EXP 	polygon: autoDraw = True
30.4605 	EXP 	polygon: pos = array([0.99, 0.99])
30.4605 	EXP 	polygon: autoDraw = True
30.4764 	EXP 	polygon: pos = array([0.99, 0.99])
30.4764 	EXP 	polygon: autoDraw = True
30.4923 	EXP 	polygon: pos = array([0.99, 0.99])
30.4923 	EXP 	polygon: autoDraw = True
30.5091 	EXP 	polygon: pos = array([0.99, 0.99])
30.5091 	EXP 	polygon: autoDraw = True
30.5258 	EXP 	polygon: pos = array([0.99, 0.99])
30.5258 	EXP 	polygon: autoDraw = True
30.5420 	EXP 	polygon: pos = array([0.99, 0.99])
30.5420 	EXP 	polygon: autoDraw = True
30.5588 	EXP 	polygon: pos = array([0.99, 0.99])
30.5588 	EXP 	polygon: autoDraw = True
30.5762 	EXP 	polygon: pos = array([0.99, 0.99])
30.5762 	EXP 	polygon: autoDraw = True
30.5930 	EXP 	polygon: pos = array([0.99, 0.99])
30.5930 	EXP 	polygon: autoDraw = True
30.6101 	EXP 	polygon: pos = array([0.99, 0.99])
30.6101 	EXP 	polygon: autoDraw = True
30.6265 	EXP 	polygon: pos = array([0.99, 0.99])
30.6265 	EXP 	polygon: autoDraw = True
30.6434 	EXP 	polygon: pos = array([0.99, 0.99])
30.6434 	EXP 	polygon: autoDraw = True
30.6598 	EXP 	polygon: pos = array([0.99, 0.99])
30.6598 	EXP 	polygon: autoDraw = True
30.6768 	EXP 	polygon: pos = array([0.99, 0.99])
30.6768 	EXP 	polygon: autoDraw = True
30.6934 	EXP 	polygon: pos = array([0.99, 0.99])
30.6934 	EXP 	polygon: autoDraw = True
30.7100 	EXP 	polygon: pos = array([0.99, 0.99])
30.7100 	EXP 	polygon: autoDraw = True
30.7259 	EXP 	polygon: pos = array([0.99, 0.99])
30.7259 	EXP 	polygon: autoDraw = True
30.7430 	EXP 	polygon: pos = array([0.99, 0.99])
30.7430 	EXP 	polygon: autoDraw = True
30.7598 	EXP 	polygon: pos = array([0.99, 0.99])
30.7598 	EXP 	polygon: autoDraw = True
30.7765 	EXP 	polygon: pos = array([0.99, 0.99])
30.7765 	EXP 	polygon: autoDraw = True
30.7930 	EXP 	polygon: pos = array([0.99, 0.99])
30.7930 	EXP 	polygon: autoDraw = True
30.8100 	EXP 	polygon: pos = array([0.99, 0.99])
30.8100 	EXP 	polygon: autoDraw = True
30.8266 	EXP 	polygon: pos = array([0.99, 0.99])
30.8266 	EXP 	polygon: autoDraw = True
30.8434 	EXP 	polygon: pos = array([0.99, 0.99])
30.8434 	EXP 	polygon: autoDraw = True
30.8603 	EXP 	polygon: pos = array([0.99, 0.99])
30.8603 	EXP 	polygon: autoDraw = True
30.8768 	EXP 	polygon: pos = array([0.99, 0.99])
30.8768 	EXP 	polygon: autoDraw = True
30.8935 	EXP 	polygon: pos = array([0.99, 0.99])
30.8935 	EXP 	polygon: autoDraw = True
30.9099 	EXP 	polygon: pos = array([0.99, 0.99])
30.9099 	EXP 	polygon: autoDraw = True
30.9267 	EXP 	polygon: pos = array([0.99, 0.99])
30.9267 	EXP 	polygon: autoDraw = True
30.9433 	EXP 	polygon: pos = array([0.99, 0.99])
30.9433 	EXP 	polygon: autoDraw = True
30.9598 	EXP 	polygon: pos = array([0.99, 0.99])
30.9598 	EXP 	polygon: autoDraw = True
30.9765 	EXP 	polygon: pos = array([0.99, 0.99])
30.9765 	EXP 	polygon: autoDraw = True
30.9933 	EXP 	polygon: pos = array([0.99, 0.99])
30.9933 	EXP 	polygon: autoDraw = True
31.0100 	EXP 	polygon: pos = array([0.99, 0.99])
31.0100 	EXP 	polygon: autoDraw = True
31.0274 	EXP 	polygon: pos = array([0.99, 0.99])
31.0274 	EXP 	polygon: autoDraw = True
31.0436 	EXP 	polygon: pos = array([0.99, 0.99])
31.0436 	EXP 	polygon: autoDraw = True
31.0606 	EXP 	polygon: pos = array([0.99, 0.99])
31.0606 	EXP 	polygon: autoDraw = True
31.0768 	EXP 	polygon: pos = array([0.99, 0.99])
31.0768 	EXP 	polygon: autoDraw = True
31.0935 	EXP 	polygon: pos = array([0.99, 0.99])
31.0935 	EXP 	polygon: autoDraw = True
31.1098 	EXP 	polygon: pos = array([0.99, 0.99])
31.1098 	EXP 	polygon: autoDraw = True
31.1268 	EXP 	polygon: pos = array([0.99, 0.99])
31.1268 	EXP 	polygon: autoDraw = True
31.1427 	EXP 	polygon: pos = array([0.99, 0.99])
31.1427 	EXP 	polygon: autoDraw = True
31.1598 	EXP 	polygon: pos = array([0.99, 0.99])
31.1598 	EXP 	polygon: autoDraw = True
31.1766 	EXP 	polygon: pos = array([0.99, 0.99])
31.1766 	EXP 	polygon: autoDraw = True
31.1937 	EXP 	polygon: pos = array([0.99, 0.99])
31.1937 	EXP 	polygon: autoDraw = True
31.2107 	EXP 	polygon: pos = array([0.99, 0.99])
31.2107 	EXP 	polygon: autoDraw = True
31.2284 	EXP 	polygon: pos = array([0.99, 0.99])
31.2284 	EXP 	polygon: autoDraw = True
31.2438 	EXP 	polygon: pos = array([0.99, 0.99])
31.2438 	EXP 	polygon: autoDraw = True
31.2599 	EXP 	polygon: pos = array([0.99, 0.99])
31.2599 	EXP 	polygon: autoDraw = True
31.2767 	EXP 	polygon: pos = array([0.99, 0.99])
31.2767 	EXP 	polygon: autoDraw = True
31.2937 	EXP 	polygon: pos = array([0.99, 0.99])
31.2937 	EXP 	polygon: autoDraw = True
31.3099 	EXP 	polygon: pos = array([0.99, 0.99])
31.3099 	EXP 	polygon: autoDraw = True
31.3267 	EXP 	polygon: pos = array([0.99, 0.99])
31.3267 	EXP 	polygon: autoDraw = True
31.3435 	EXP 	polygon: pos = array([0.99, 0.99])
31.3435 	EXP 	polygon: autoDraw = True
31.3600 	EXP 	polygon: pos = array([0.99, 0.99])
31.3600 	EXP 	polygon: autoDraw = True
31.3769 	EXP 	polygon: pos = array([0.99, 0.99])
31.3769 	EXP 	polygon: autoDraw = True
31.3939 	EXP 	polygon: pos = array([0.99, 0.99])
31.3939 	EXP 	polygon: autoDraw = True
31.4086 	EXP 	polygon: pos = array([0.99, 0.99])
31.4086 	EXP 	polygon: autoDraw = True
31.4252 	EXP 	polygon: pos = array([0.99, 0.99])
31.4252 	EXP 	polygon: autoDraw = True
31.4419 	EXP 	polygon: pos = array([0.99, 0.99])
31.4419 	EXP 	polygon: autoDraw = True
31.4586 	EXP 	polygon: pos = array([0.99, 0.99])
31.4586 	EXP 	polygon: autoDraw = True
31.4754 	EXP 	polygon: pos = array([0.99, 0.99])
31.4754 	EXP 	polygon: autoDraw = True
31.4921 	EXP 	polygon: pos = array([0.99, 0.99])
31.4921 	EXP 	polygon: autoDraw = True
31.5104 	EXP 	polygon: pos = array([0.99, 0.99])
31.5104 	EXP 	polygon: autoDraw = True
31.5269 	EXP 	polygon: pos = array([0.99, 0.99])
31.5269 	EXP 	polygon: autoDraw = True
31.5434 	EXP 	polygon: pos = array([0.99, 0.99])
31.5434 	EXP 	polygon: autoDraw = True
31.5601 	EXP 	polygon: pos = array([0.99, 0.99])
31.5601 	EXP 	polygon: autoDraw = True
31.5764 	EXP 	polygon: pos = array([0.99, 0.99])
31.5764 	EXP 	polygon: autoDraw = True
31.5936 	EXP 	polygon: pos = array([0.99, 0.99])
31.5936 	EXP 	polygon: autoDraw = True
31.6102 	EXP 	polygon: pos = array([0.99, 0.99])
31.6102 	EXP 	polygon: autoDraw = True
31.6269 	EXP 	polygon: pos = array([0.99, 0.99])
31.6269 	EXP 	polygon: autoDraw = True
31.6438 	EXP 	polygon: pos = array([0.99, 0.99])
31.6438 	EXP 	polygon: autoDraw = True
31.6604 	EXP 	polygon: pos = array([0.99, 0.99])
31.6604 	EXP 	polygon: autoDraw = True
31.6771 	EXP 	polygon: pos = array([0.99, 0.99])
31.6771 	EXP 	polygon: autoDraw = True
31.6941 	EXP 	polygon: pos = array([0.99, 0.99])
31.6941 	EXP 	polygon: autoDraw = True
31.7103 	EXP 	polygon: pos = array([0.99, 0.99])
31.7103 	EXP 	polygon: autoDraw = True
31.7268 	EXP 	polygon: pos = array([0.99, 0.99])
31.7268 	EXP 	polygon: autoDraw = True
31.7436 	EXP 	polygon: pos = array([0.99, 0.99])
31.7436 	EXP 	polygon: autoDraw = True
31.7602 	EXP 	polygon: pos = array([0.99, 0.99])
31.7602 	EXP 	polygon: autoDraw = True
31.7768 	EXP 	polygon: pos = array([0.99, 0.99])
31.7768 	EXP 	polygon: autoDraw = True
31.7936 	EXP 	polygon: pos = array([0.99, 0.99])
31.7936 	EXP 	polygon: autoDraw = True
31.8104 	EXP 	polygon: pos = array([0.99, 0.99])
31.8104 	EXP 	polygon: autoDraw = True
31.8270 	EXP 	polygon: pos = array([0.99, 0.99])
31.8270 	EXP 	polygon: autoDraw = True
31.8438 	EXP 	polygon: pos = array([0.99, 0.99])
31.8438 	EXP 	polygon: autoDraw = True
31.8605 	EXP 	polygon: pos = array([0.99, 0.99])
31.8605 	EXP 	polygon: autoDraw = True
31.8772 	EXP 	polygon: pos = array([0.99, 0.99])
31.8772 	EXP 	polygon: autoDraw = True
31.8936 	EXP 	polygon: pos = array([0.99, 0.99])
31.8936 	EXP 	polygon: autoDraw = True
31.9095 	EXP 	polygon: pos = array([0.99, 0.99])
31.9095 	EXP 	polygon: autoDraw = True
31.9260 	EXP 	polygon: pos = array([0.99, 0.99])
31.9260 	EXP 	polygon: autoDraw = True
31.9428 	EXP 	polygon: pos = array([0.99, 0.99])
31.9428 	EXP 	polygon: autoDraw = True
31.9595 	EXP 	polygon: pos = array([0.99, 0.99])
31.9595 	EXP 	polygon: autoDraw = True
31.9767 	EXP 	polygon: pos = array([0.99, 0.99])
31.9767 	EXP 	polygon: autoDraw = True
31.9940 	EXP 	polygon: pos = array([0.99, 0.99])
31.9940 	EXP 	polygon: autoDraw = True
32.0101 	EXP 	polygon: pos = array([0.99, 0.99])
32.0101 	EXP 	polygon: autoDraw = True
32.0271 	EXP 	polygon: pos = array([0.99, 0.99])
32.0271 	EXP 	polygon: autoDraw = True
32.0439 	EXP 	polygon: pos = array([0.99, 0.99])
32.0439 	EXP 	polygon: autoDraw = True
32.0606 	EXP 	polygon: pos = array([0.99, 0.99])
32.0606 	EXP 	polygon: autoDraw = True
32.0776 	EXP 	polygon: pos = array([0.99, 0.99])
32.0776 	EXP 	polygon: autoDraw = True
32.0936 	EXP 	polygon: pos = array([0.99, 0.99])
32.0936 	EXP 	polygon: autoDraw = True
32.1104 	EXP 	polygon: pos = array([0.99, 0.99])
32.1104 	EXP 	polygon: autoDraw = True
32.1272 	EXP 	polygon: pos = array([0.99, 0.99])
32.1272 	EXP 	polygon: autoDraw = True
32.1438 	EXP 	polygon: pos = array([0.99, 0.99])
32.1438 	EXP 	polygon: autoDraw = True
32.1604 	EXP 	polygon: pos = array([0.99, 0.99])
32.1604 	EXP 	polygon: autoDraw = True
32.1770 	EXP 	polygon: pos = array([0.99, 0.99])
32.1770 	EXP 	polygon: autoDraw = True
32.1945 	EXP 	polygon: pos = array([0.99, 0.99])
32.1945 	EXP 	polygon: autoDraw = True
32.2115 	EXP 	polygon: pos = array([0.99, 0.99])
32.2115 	EXP 	polygon: autoDraw = True
32.2270 	EXP 	polygon: pos = array([0.99, 0.99])
32.2270 	EXP 	polygon: autoDraw = True
32.2447 	EXP 	polygon: pos = array([0.99, 0.99])
32.2447 	EXP 	polygon: autoDraw = True
32.2611 	EXP 	polygon: pos = array([0.99, 0.99])
32.2611 	EXP 	polygon: autoDraw = True
32.2774 	EXP 	polygon: pos = array([0.99, 0.99])
32.2774 	EXP 	polygon: autoDraw = True
32.2943 	EXP 	polygon: pos = array([0.99, 0.99])
32.2943 	EXP 	polygon: autoDraw = True
32.3105 	EXP 	polygon: pos = array([0.99, 0.99])
32.3105 	EXP 	polygon: autoDraw = True
32.3273 	EXP 	polygon: pos = array([0.99, 0.99])
32.3273 	EXP 	polygon: autoDraw = True
32.3437 	EXP 	polygon: pos = array([0.99, 0.99])
32.3437 	EXP 	polygon: autoDraw = True
32.3605 	EXP 	unnamed TextStim: autoDraw = False
32.3605 	EXP 	polygon: autoDraw = False
32.3664 	EXP 	window1: mouseVisible = True
