6.6406 	EXP 	Created window1 = Window(allowGUI=True, allowStencil=False, autoLog=True, backendConf=UNKNOWN, bitsMode=UNKNOWN, blendMode='avg', bpc=(8, 8, 8), color=array([0, 0, 0]), colorSpace='rgb', depthBits=8, fullscr=<method-wrapper '__getattribute__' of attributeSetter object at 0x7fcc8492bb00>, gamma=None, gammaErrorPolicy='raise', lms=UNKNOWN, monitor=<psychopy.monitors.calibTools.Monitor object at 0x7fcc83b3d550>, multiSample=False, name='window1', numSamples=2, pos=[465.0, 225.0], screen=0, size=array([1400, 1400]), stencilBits=0, stereo=False, units='norm', useFBO=True, useRetina=True, viewOri=0.0, viewPos=None, viewScale=None, waitBlanking=True, winType='pyglet')
6.6408 	EXP 	window1: mouseVisible = True
6.6408 	EXP 	window1: recordFrameIntervals = False
6.8068 	EXP 	window1: recordFrameIntervals = True
6.9905 	EXP 	window1: recordFrameIntervals = False
7.0033 	EXP 	Created target = Circle(__class__=<class 'psychopy.visual.circle.Circle'>, autoDraw=False, autoLog=True, closeShape=True, color=method-wrapper(...), colorSpace='rgb', contrast=None, depth=-1.0, fillColor=array([ 1, -1, -1]), fillColorSpace='rgb', fillRGB=array([ 1, -1, -1]), interpolate=True, lineColor=array([0., 0., 0.]), lineColorSpace='rgb', lineRGB=array([0, 0, 0]), lineWidth=1.5, name='target', opacity=0.25, ori=0.0, pos=array([0., 0.]), size=array([1., 1.]), units='norm', vertices=ndarray(...), win=Window(...))
7.0064 	EXP 	Created polygon = ShapeStim(__class__=<class 'psychopy.visual.shape.ShapeStim'>, autoDraw=False, autoLog=True, closeShape=True, color=method-wrapper(...), colorSpace='rgb', contrast=None, depth=0.0, fillColor=array([-1., -1., -1.]), fillColorSpace='rgb', fillRGB=array([-1., -1., -1.]), interpolate=True, lineColor=array([1., 1., 1.]), lineColorSpace='rgb', lineRGB=array([1, 1, 1]), lineWidth=1, name='polygon', opacity=1, ori=0.0, pos=array([0., 0.]), size=array([0.025, 0.025]), units='norm', vertices=ndarray(...), win=Window(...), windingRule=None)
7.2020 	EXP 	Created unnamed TextStim = TextStim(__class__=<class 'psychopy.visual.text.TextStim'>, alignHoriz=method-wrapper(...), alignText='center', alignVert=method-wrapper(...), anchorHoriz='center', anchorVert='center', antialias=True, autoLog=True, bold=False, color=array([1., 1., 1.]), colorSpace='rgb', contrast=1.0, depth=0, flipHoriz=False, flipVert=False, font='', fontFiles=[], height=0.1, italic=False, languageStyle='LTR', name='unnamed TextStim', opacity=1.0, ori=0.0, pos=array([0., 0.]), rgb=UNKNOWN, text=str(...), units='norm', win=Window(...), wrapWidth=1)
13.6302 	DATA 	Keypress: space
13.6641 	EXP 	unnamed TextStim: text = 'Now squeeze the Right sensor as hard as you comfortably can\nPress Space bar when done'
14.5048 	DATA 	Keypress: space
14.5373 	EXP 	Created unnamed TextStim = TextStim(__class__=<class 'psychopy.visual.text.TextStim'>, alignHoriz=method-wrapper(...), alignText='center', alignVert=method-wrapper(...), anchorHoriz='center', anchorVert='center', antialias=True, autoLog=True, bold=False, color=array([1., 1., 1.]), colorSpace='rgb', contrast=1.0, depth=0, flipHoriz=False, flipVert=False, font='', fontFiles=[], height=0.075, italic=False, languageStyle='LTR', name='unnamed TextStim', opacity=1.0, ori=0.0, pos=array([0., 0.]), rgb=UNKNOWN, text=str(...), units='norm', win=Window(...), wrapWidth=1)
14.5501 	EXP 	unnamed TextStim: autoDraw = True
14.5501 	EXP 	polygon: autoDraw = True
14.5501 	EXP 	polygon: pos = array([0.99, 0.99])
14.5658 	EXP 	polygon: pos = array([0.99, 0.99])
14.5823 	EXP 	polygon: pos = array([0.99, 0.99])
14.5991 	EXP 	polygon: pos = array([0.99, 0.99])
14.6150 	EXP 	polygon: pos = array([0.99, 0.99])
14.6325 	EXP 	polygon: pos = array([0.99, 0.99])
14.6490 	EXP 	polygon: pos = array([0.99, 0.99])
14.6659 	EXP 	polygon: pos = array([0.99, 0.99])
14.6827 	EXP 	polygon: pos = array([0.99, 0.99])
14.6994 	EXP 	polygon: pos = array([0.99, 0.99])
14.7156 	EXP 	polygon: pos = array([0.99, 0.99])
14.7320 	EXP 	polygon: pos = array([0.99, 0.99])
14.7486 	EXP 	polygon: pos = array([0.99, 0.99])
14.7660 	EXP 	polygon: pos = array([0.99, 0.99])
14.7824 	EXP 	polygon: pos = array([0.99, 0.99])
14.7991 	EXP 	polygon: pos = array([0.99, 0.99])
14.8159 	EXP 	polygon: pos = array([0.99, 0.99])
14.8319 	EXP 	polygon: pos = array([0.99, 0.99])
14.8486 	EXP 	polygon: pos = array([0.99, 0.99])
14.8654 	EXP 	polygon: pos = array([0.99, 0.99])
14.8828 	EXP 	polygon: pos = array([0.99, 0.99])
14.8985 	EXP 	polygon: pos = array([0.99, 0.99])
14.9160 	EXP 	polygon: pos = array([0.99, 0.99])
14.9329 	EXP 	polygon: pos = array([0.99, 0.99])
14.9494 	EXP 	polygon: pos = array([0.99, 0.99])
14.9658 	EXP 	polygon: pos = array([0.99, 0.99])
14.9825 	EXP 	polygon: pos = array([0.99, 0.99])
14.9995 	EXP 	polygon: pos = array([0.99, 0.99])
15.0148 	EXP 	polygon: pos = array([0.99, 0.99])
15.0334 	EXP 	polygon: pos = array([0.99, 0.99])
15.0481 	EXP 	polygon: pos = array([0.99, 0.99])
15.0653 	EXP 	polygon: pos = array([0.99, 0.99])
15.0830 	EXP 	polygon: pos = array([0.99, 0.99])
15.0987 	EXP 	polygon: pos = array([0.99, 0.99])
15.1163 	EXP 	polygon: pos = array([0.99, 0.99])
15.1330 	EXP 	polygon: pos = array([0.99, 0.99])
15.1496 	EXP 	polygon: pos = array([0.99, 0.99])
15.1660 	EXP 	polygon: pos = array([0.99, 0.99])
15.1819 	EXP 	polygon: pos = array([0.99, 0.99])
15.1993 	EXP 	polygon: pos = array([0.99, 0.99])
15.2160 	EXP 	polygon: pos = array([0.99, 0.99])
15.2320 	EXP 	polygon: pos = array([0.99, 0.99])
15.2488 	EXP 	polygon: pos = array([0.99, 0.99])
15.2654 	EXP 	polygon: pos = array([0.99, 0.99])
15.2830 	EXP 	polygon: pos = array([0.99, 0.99])
15.2996 	EXP 	polygon: pos = array([0.99, 0.99])
15.3163 	EXP 	polygon: pos = array([0.99, 0.99])
15.3329 	EXP 	polygon: pos = array([0.99, 0.99])
15.3495 	EXP 	polygon: pos = array([0.99, 0.99])
15.3658 	EXP 	polygon: pos = array([0.99, 0.99])
15.3828 	EXP 	polygon: pos = array([0.99, 0.99])
15.3995 	EXP 	polygon: pos = array([0.99, 0.99])
15.4154 	EXP 	polygon: pos = array([0.99, 0.99])
15.4330 	EXP 	polygon: pos = array([0.99, 0.99])
15.4496 	EXP 	polygon: pos = array([0.99, 0.99])
15.4663 	EXP 	polygon: pos = array([0.99, 0.99])
15.4830 	EXP 	polygon: pos = array([0.99, 0.99])
15.4994 	EXP 	polygon: pos = array([0.99, 0.99])
15.5166 	EXP 	polygon: pos = array([0.99, 0.99])
15.5332 	EXP 	polygon: pos = array([0.99, 0.99])
15.5498 	EXP 	polygon: pos = array([0.99, 0.99])
15.5660 	EXP 	polygon: pos = array([0.99, 0.99])
15.5827 	EXP 	polygon: pos = array([0.99, 0.99])
15.5993 	EXP 	polygon: pos = array([0.99, 0.99])
15.6166 	EXP 	polygon: pos = array([0.99, 0.99])
15.6322 	EXP 	polygon: pos = array([0.99, 0.99])
15.6489 	EXP 	polygon: pos = array([0.99, 0.99])
15.6665 	EXP 	polygon: pos = array([0.99, 0.99])
15.6832 	EXP 	polygon: pos = array([0.99, 0.99])
15.6997 	EXP 	polygon: pos = array([0.99, 0.99])
15.7166 	EXP 	polygon: pos = array([0.99, 0.99])
15.7331 	EXP 	polygon: pos = array([0.99, 0.99])
15.7498 	EXP 	polygon: pos = array([0.99, 0.99])
15.7662 	EXP 	polygon: pos = array([0.99, 0.99])
15.7829 	EXP 	polygon: pos = array([0.99, 0.99])
15.7989 	EXP 	polygon: pos = array([0.99, 0.99])
15.8170 	EXP 	polygon: pos = array([0.99, 0.99])
15.8320 	EXP 	polygon: pos = array([0.99, 0.99])
15.8491 	EXP 	polygon: pos = array([0.99, 0.99])
15.8659 	EXP 	polygon: pos = array([0.99, 0.99])
15.8826 	EXP 	polygon: pos = array([0.99, 0.99])
15.8999 	EXP 	polygon: pos = array([0.99, 0.99])
15.9167 	EXP 	polygon: pos = array([0.99, 0.99])
15.9330 	EXP 	polygon: pos = array([0.99, 0.99])
15.9503 	EXP 	polygon: pos = array([0.99, 0.99])
15.9664 	EXP 	polygon: pos = array([0.99, 0.99])
15.9829 	EXP 	polygon: pos = array([0.99, 0.99])
16.0001 	EXP 	polygon: pos = array([0.99, 0.99])
16.0158 	EXP 	polygon: pos = array([0.99, 0.99])
16.0322 	EXP 	polygon: pos = array([0.99, 0.99])
16.0486 	EXP 	polygon: pos = array([0.99, 0.99])
16.0657 	EXP 	polygon: pos = array([0.99, 0.99])
16.0835 	EXP 	polygon: pos = array([0.99, 0.99])
16.0999 	EXP 	polygon: pos = array([0.99, 0.99])
16.1169 	EXP 	polygon: pos = array([0.99, 0.99])
16.1330 	EXP 	polygon: pos = array([0.99, 0.99])
16.1500 	EXP 	polygon: pos = array([0.99, 0.99])
16.1664 	EXP 	polygon: pos = array([0.99, 0.99])
16.1833 	EXP 	polygon: pos = array([0.99, 0.99])
16.1999 	EXP 	polygon: pos = array([0.99, 0.99])
16.2158 	EXP 	polygon: pos = array([0.99, 0.99])
16.2326 	EXP 	polygon: pos = array([0.99, 0.99])
16.2502 	EXP 	polygon: pos = array([0.99, 0.99])
16.2668 	EXP 	polygon: pos = array([0.99, 0.99])
16.2834 	EXP 	polygon: pos = array([0.99, 0.99])
16.3001 	EXP 	polygon: pos = array([0.99, 0.99])
16.3168 	EXP 	polygon: pos = array([0.99, 0.99])
16.3334 	EXP 	polygon: pos = array([0.99, 0.99])
16.3500 	EXP 	polygon: pos = array([0.99, 0.99])
16.3664 	EXP 	polygon: pos = array([0.99, 0.99])
16.3834 	EXP 	polygon: pos = array([0.99, 0.99])
16.4002 	EXP 	polygon: pos = array([0.99, 0.99])
16.4160 	EXP 	polygon: pos = array([0.99, 0.99])
16.4327 	EXP 	polygon: pos = array([0.99, 0.99])
16.4502 	EXP 	polygon: pos = array([0.99, 0.99])
16.4670 	EXP 	polygon: pos = array([0.99, 0.99])
16.4834 	EXP 	polygon: pos = array([0.99, 0.99])
16.5004 	EXP 	polygon: pos = array([0.99, 0.99])
16.5169 	EXP 	polygon: pos = array([0.99, 0.99])
16.5336 	EXP 	polygon: pos = array([0.99, 0.99])
16.5500 	EXP 	polygon: pos = array([0.99, 0.99])
16.5665 	EXP 	polygon: pos = array([0.99, 0.99])
16.5832 	EXP 	polygon: pos = array([0.99, 0.99])
16.6000 	EXP 	polygon: pos = array([0.99, 0.99])
16.6159 	EXP 	polygon: pos = array([0.99, 0.99])
16.6327 	EXP 	polygon: pos = array([0.99, 0.99])
16.6503 	EXP 	polygon: pos = array([0.99, 0.99])
16.6670 	EXP 	polygon: pos = array([0.99, 0.99])
16.6835 	EXP 	polygon: pos = array([0.99, 0.99])
16.7003 	EXP 	polygon: pos = array([0.99, 0.99])
16.7169 	EXP 	polygon: pos = array([0.99, 0.99])
16.7336 	EXP 	polygon: pos = array([0.99, 0.99])
16.7498 	EXP 	polygon: pos = array([0.99, 0.99])
16.7665 	EXP 	polygon: pos = array([0.99, 0.99])
16.7827 	EXP 	polygon: pos = array([0.99, 0.99])
16.8001 	EXP 	polygon: pos = array([0.99, 0.99])
16.8160 	EXP 	polygon: pos = array([0.99, 0.99])
16.8328 	EXP 	polygon: pos = array([0.99, 0.99])
16.8504 	EXP 	polygon: pos = array([0.99, 0.99])
16.8664 	EXP 	polygon: pos = array([0.99, 0.99])
16.8837 	EXP 	polygon: pos = array([0.99, 0.99])
16.8996 	EXP 	polygon: pos = array([0.99, 0.99])
16.9169 	EXP 	polygon: pos = array([0.99, 0.99])
16.9327 	EXP 	polygon: pos = array([0.99, 0.99])
16.9489 	EXP 	polygon: pos = array([0.99, 0.99])
16.9661 	EXP 	polygon: pos = array([0.99, 0.99])
16.9825 	EXP 	polygon: pos = array([0.99, 0.99])
16.9999 	EXP 	polygon: pos = array([0.99, 0.99])
17.0153 	EXP 	polygon: pos = array([0.99, 0.99])
17.0347 	EXP 	polygon: pos = array([0.99, 0.99])
17.0502 	EXP 	polygon: pos = array([0.99, 0.99])
17.0671 	EXP 	polygon: pos = array([0.99, 0.99])
17.0836 	EXP 	polygon: pos = array([0.99, 0.99])
17.1004 	EXP 	polygon: pos = array([0.99, 0.99])
17.1168 	EXP 	polygon: pos = array([0.99, 0.99])
17.1339 	EXP 	polygon: pos = array([0.99, 0.99])
17.1502 	EXP 	polygon: pos = array([0.99, 0.99])
17.1668 	EXP 	polygon: pos = array([0.99, 0.99])
17.1837 	EXP 	polygon: pos = array([0.99, 0.99])
17.1995 	EXP 	polygon: pos = array([0.99, 0.99])
17.2172 	EXP 	polygon: pos = array([0.99, 0.99])
17.2338 	EXP 	polygon: pos = array([0.99, 0.99])
17.2505 	EXP 	polygon: pos = array([0.99, 0.99])
17.2669 	EXP 	polygon: pos = array([0.99, 0.99])
17.2839 	EXP 	polygon: pos = array([0.99, 0.99])
17.3006 	EXP 	polygon: pos = array([0.99, 0.99])
17.3169 	EXP 	polygon: pos = array([0.99, 0.99])
17.3339 	EXP 	polygon: pos = array([0.99, 0.99])
17.3503 	EXP 	polygon: pos = array([0.99, 0.99])
17.3663 	EXP 	polygon: pos = array([0.99, 0.99])
17.3835 	EXP 	polygon: pos = array([0.99, 0.99])
17.3998 	EXP 	polygon: pos = array([0.99, 0.99])
17.4163 	EXP 	polygon: pos = array([0.99, 0.99])
17.4332 	EXP 	polygon: pos = array([0.99, 0.99])
17.4505 	EXP 	polygon: pos = array([0.99, 0.99])
17.4673 	EXP 	polygon: pos = array([0.99, 0.99])
17.4842 	EXP 	polygon: pos = array([0.99, 0.99])
17.5009 	EXP 	polygon: pos = array([0.99, 0.99])
17.5170 	EXP 	polygon: pos = array([0.99, 0.99])
17.5339 	EXP 	polygon: pos = array([0.99, 0.99])
17.5499 	EXP 	polygon: pos = array([0.99, 0.99])
17.5667 	EXP 	polygon: pos = array([0.99, 0.99])
17.5834 	EXP 	polygon: pos = array([0.99, 0.99])
17.5995 	EXP 	polygon: pos = array([0.99, 0.99])
17.6164 	EXP 	polygon: pos = array([0.89818898, 0.99      ])
17.6330 	EXP 	polygon: pos = array([0.8115748, 0.99     ])
17.6498 	EXP 	polygon: pos = array([0.7596063, 0.99     ])
17.6664 	EXP 	polygon: pos = array([0.72496063, 0.99      ])
17.6843 	EXP 	polygon: pos = array([0.68598425, 0.99      ])
17.7000 	EXP 	polygon: pos = array([0.63834646, 0.99      ])
17.7163 	EXP 	polygon: pos = array([0.63834646, 0.99      ])
17.7340 	EXP 	polygon: pos = array([0.56905512, 0.99      ])
17.7503 	EXP 	polygon: pos = array([0.55173228, 0.99      ])
17.7665 	EXP 	polygon: pos = array([0.55173228, 0.99      ])
17.7828 	EXP 	polygon: pos = array([0.49976378, 0.99      ])
17.7997 	EXP 	polygon: pos = array([0.46511811, 0.99      ])
17.8164 	EXP 	polygon: pos = array([0.41314961, 0.99      ])
17.8333 	EXP 	polygon: pos = array([0.41314961, 0.99      ])
17.8508 	EXP 	polygon: pos = array([0.41314961, 0.99      ])
17.8668 	EXP 	polygon: pos = array([0.41314961, 0.99      ])
17.8843 	EXP 	polygon: pos = array([0.43913386, 0.99      ])
17.9009 	EXP 	polygon: pos = array([0.49976378, 0.99      ])
17.9168 	EXP 	polygon: pos = array([0.52574803, 0.99      ])
17.9339 	EXP 	polygon: pos = array([0.59937008, 0.99      ])
17.9506 	EXP 	polygon: pos = array([0.69897638, 0.99      ])
17.9672 	EXP 	polygon: pos = array([0.85055118, 0.99      ])
17.9839 	EXP 	polygon: pos = array([0.99, 0.99])
18.0002 	EXP 	polygon: pos = array([0.99, 0.99])
18.0169 	EXP 	polygon: pos = array([0.99, 0.99])
18.0339 	EXP 	polygon: pos = array([0.99, 0.99])
18.0504 	EXP 	polygon: pos = array([0.99, 0.99])
18.0668 	EXP 	polygon: pos = array([0.99, 0.99])
18.0836 	EXP 	polygon: pos = array([0.99, 0.99])
18.1011 	EXP 	polygon: pos = array([0.99, 0.99])
18.1172 	EXP 	polygon: pos = array([0.99, 0.99])
18.1339 	EXP 	polygon: pos = array([0.99, 0.99])
18.1508 	EXP 	polygon: pos = array([0.99 , 0.935])
18.1670 	EXP 	polygon: pos = array([0.99      , 0.80609375])
18.1840 	EXP 	polygon: pos = array([0.99      , 0.69867187])
18.2000 	EXP 	polygon: pos = array([0.99      , 0.57835938])
18.2169 	EXP 	polygon: pos = array([0.99      , 0.52679688])
18.2343 	EXP 	polygon: pos = array([0.99      , 0.41507812])
18.2509 	EXP 	polygon: pos = array([0.99   , 0.31625])
18.2677 	EXP 	polygon: pos = array([0.99      , 0.25609375])
18.2842 	EXP 	polygon: pos = array([0.99     , 0.2303125])
18.3012 	EXP 	polygon: pos = array([0.99     , 0.2303125])
18.3177 	EXP 	polygon: pos = array([0.99     , 0.2303125])
18.3339 	EXP 	polygon: pos = array([0.99     , 0.2303125])
18.3502 	EXP 	polygon: pos = array([0.99   , 0.31625])
18.3674 	EXP 	polygon: pos = array([0.99      , 0.38929687])
18.3834 	EXP 	polygon: pos = array([0.99      , 0.51390625])
18.4039 	EXP 	polygon: pos = array([0.99      , 0.58695312])
18.4178 	EXP 	polygon: pos = array([0.99   , 0.72875])
18.4346 	EXP 	polygon: pos = array([0.99      , 0.94359375])
18.4504 	EXP 	polygon: pos = array([0.99, 0.99])
18.4678 	EXP 	polygon: pos = array([0.99, 0.99])
18.4847 	EXP 	polygon: pos = array([0.99, 0.99])
18.5010 	EXP 	polygon: pos = array([0.99, 0.99])
18.5176 	EXP 	polygon: pos = array([0.99, 0.99])
18.5344 	EXP 	polygon: pos = array([0.99, 0.99])
18.5509 	EXP 	polygon: pos = array([0.99, 0.99])
18.5668 	EXP 	polygon: pos = array([0.99, 0.99])
18.5843 	EXP 	polygon: pos = array([0.99, 0.99])
18.6008 	EXP 	polygon: pos = array([0.99, 0.99])
18.6171 	EXP 	polygon: pos = array([0.99, 0.99])
18.6346 	EXP 	polygon: pos = array([0.99, 0.99])
18.6512 	EXP 	polygon: pos = array([0.99, 0.99])
18.6677 	EXP 	polygon: pos = array([0.99, 0.99])
18.6845 	EXP 	polygon: pos = array([0.99, 0.99])
18.7012 	EXP 	polygon: pos = array([0.99, 0.99])
18.7178 	EXP 	polygon: pos = array([0.99, 0.99])
18.7343 	EXP 	polygon: pos = array([0.99, 0.99])
18.7510 	EXP 	polygon: pos = array([0.99, 0.99])
18.7677 	EXP 	polygon: pos = array([0.99, 0.99])
18.7846 	EXP 	polygon: pos = array([0.99, 0.99])
18.8012 	EXP 	polygon: pos = array([0.99, 0.99])
18.8178 	EXP 	polygon: pos = array([0.99, 0.99])
18.8343 	EXP 	polygon: pos = array([0.99, 0.99])
18.8511 	EXP 	polygon: pos = array([0.99, 0.99])
18.8674 	EXP 	polygon: pos = array([0.99, 0.99])
18.8848 	EXP 	polygon: pos = array([0.99, 0.99])
18.9013 	EXP 	polygon: pos = array([0.99, 0.99])
18.9179 	EXP 	polygon: pos = array([0.99, 0.99])
18.9339 	EXP 	polygon: pos = array([0.99, 0.99])
18.9511 	EXP 	polygon: pos = array([0.99, 0.99])
18.9679 	EXP 	polygon: pos = array([0.99, 0.99])
18.9838 	EXP 	polygon: pos = array([0.99, 0.99])
19.0008 	EXP 	polygon: pos = array([0.99, 0.99])
19.0179 	EXP 	polygon: pos = array([0.99, 0.99])
19.0366 	EXP 	polygon: pos = array([0.99, 0.99])
19.0516 	EXP 	polygon: pos = array([0.99, 0.99])
19.0676 	EXP 	polygon: pos = array([0.99, 0.99])
19.0850 	EXP 	polygon: pos = array([0.99, 0.99])
19.1014 	EXP 	polygon: pos = array([0.99, 0.99])
19.1177 	EXP 	polygon: pos = array([0.87220472, 0.99      ])
19.1344 	EXP 	polygon: pos = array([0.69897638, 0.99      ])
19.1511 	EXP 	polygon: pos = array([0.56905512, 0.99      ])
19.1679 	EXP 	polygon: pos = array([0.41314961, 0.99      ])
19.1836 	EXP 	polygon: pos = array([0.26590551, 0.99      ])
19.2005 	EXP 	polygon: pos = array([0.08401575, 0.99      ])
19.2172 	EXP 	polygon: pos = array([-0.10653543,  0.99      ])
19.2338 	EXP 	polygon: pos = array([-0.31440945,  0.99      ])
19.2506 	EXP 	polygon: pos = array([-0.47464567,  0.99      ])
19.2680 	EXP 	polygon: pos = array([-0.7907874,  0.99     ])
19.2849 	EXP 	polygon: pos = array([-0.95535433,  0.99      ])
19.3008 	EXP 	polygon: pos = array([-0.99,  0.99])
19.3180 	EXP 	polygon: pos = array([-0.99,  0.99])
19.3346 	EXP 	polygon: pos = array([-0.99,  0.99])
19.3510 	EXP 	polygon: pos = array([-0.99,  0.99])
19.3680 	EXP 	polygon: pos = array([-0.99,  0.99])
19.3842 	EXP 	polygon: pos = array([-0.99,  0.99])
19.4007 	EXP 	polygon: pos = array([-0.99,  0.99])
19.4175 	EXP 	polygon: pos = array([-0.99,  0.99])
19.4351 	EXP 	polygon: pos = array([-0.99,  0.99])
19.4515 	EXP 	polygon: pos = array([-0.99,  0.99])
19.4683 	EXP 	polygon: pos = array([-0.99,  0.99])
19.4842 	EXP 	polygon: pos = array([-0.99,  0.99])
19.5019 	EXP 	polygon: pos = array([-0.80811024,  0.99      ])
19.5179 	EXP 	polygon: pos = array([-0.62622047,  0.99      ])
19.5341 	EXP 	polygon: pos = array([-0.33606299,  0.99      ])
19.5505 	EXP 	polygon: pos = array([0.0103937, 0.99     ])
19.5681 	EXP 	polygon: pos = array([0.48244094, 0.99      ])
19.5839 	EXP 	polygon: pos = array([0.99, 0.99])
19.6009 	EXP 	polygon: pos = array([0.99, 0.99])
19.6175 	EXP 	polygon: pos = array([0.99, 0.99])
19.6350 	EXP 	polygon: pos = array([0.99, 0.99])
19.6513 	EXP 	polygon: pos = array([0.99, 0.99])
19.6685 	EXP 	polygon: pos = array([0.99    , 0.969375])
19.6851 	EXP 	polygon: pos = array([0.99 , 0.935])
19.7018 	EXP 	polygon: pos = array([0.99 , 0.935])
19.7179 	EXP 	polygon: pos = array([0.99 , 0.935])
19.7347 	EXP 	polygon: pos = array([0.99     , 0.8834375])
19.7507 	EXP 	polygon: pos = array([0.99      , 0.85765625])
19.7681 	EXP 	polygon: pos = array([0.99    , 0.831875])
19.7839 	EXP 	polygon: pos = array([0.99    , 0.831875])
19.8009 	EXP 	polygon: pos = array([0.99      , 0.84476562])
19.8184 	EXP 	polygon: pos = array([0.99 , 0.935])
19.8352 	EXP 	polygon: pos = array([0.99, 0.99])
19.8517 	EXP 	polygon: pos = array([0.99, 0.99])
19.8679 	EXP 	polygon: pos = array([0.99, 0.99])
19.8852 	EXP 	polygon: pos = array([0.99, 0.99])
19.9015 	EXP 	polygon: pos = array([0.99, 0.99])
19.9175 	EXP 	polygon: pos = array([0.99, 0.99])
19.9348 	EXP 	polygon: pos = array([0.99, 0.99])
19.9508 	EXP 	polygon: pos = array([0.99, 0.99])
19.9677 	EXP 	polygon: pos = array([0.99, 0.99])
19.9842 	EXP 	polygon: pos = array([0.99, 0.99])
20.0013 	EXP 	polygon: pos = array([0.99, 0.99])
20.0179 	EXP 	polygon: pos = array([0.99, 0.99])
20.0344 	EXP 	polygon: pos = array([0.99, 0.99])
20.0524 	EXP 	polygon: pos = array([0.99, 0.99])
20.0683 	EXP 	polygon: pos = array([0.99, 0.99])
20.0845 	EXP 	polygon: pos = array([0.96748031, 0.99      ])
20.1011 	EXP 	polygon: pos = array([0.60370079, 0.99      ])
20.1184 	EXP 	polygon: pos = array([0.3092126, 0.99     ])
20.1350 	EXP 	polygon: pos = array([0.07535433, 0.99      ])
20.1514 	EXP 	polygon: pos = array([-0.18448819,  0.99      ])
20.1676 	EXP 	polygon: pos = array([-0.38370079,  0.99      ])
20.1844 	EXP 	polygon: pos = array([-0.59590551,  0.99      ])
20.2011 	EXP 	polygon: pos = array([-0.80811024,  0.99      ])
20.2186 	EXP 	polygon: pos = array([-0.99,  0.99])
20.2353 	EXP 	polygon: pos = array([-0.99,  0.99])
20.2518 	EXP 	polygon: pos = array([-0.99,  0.99])
20.2680 	EXP 	polygon: pos = array([-0.99,  0.99])
20.2855 	EXP 	polygon: pos = array([-0.99,  0.99])
20.3020 	EXP 	polygon: pos = array([-0.99,  0.99])
20.3184 	EXP 	polygon: pos = array([-0.99,  0.99])
20.3343 	EXP 	polygon: pos = array([-0.99,  0.99])
20.3518 	EXP 	polygon: pos = array([-0.99,  0.99])
20.3678 	EXP 	polygon: pos = array([-0.99,  0.99])
20.3849 	EXP 	polygon: pos = array([-0.99,  0.99])
20.4021 	EXP 	polygon: pos = array([-0.99,  0.99])
20.4177 	EXP 	polygon: pos = array([-0.99,  0.99])
20.4355 	EXP 	polygon: pos = array([-0.99,  0.99])
20.4521 	EXP 	polygon: pos = array([-0.99,  0.99])
20.4688 	EXP 	polygon: pos = array([-0.99,  0.99])
20.4854 	EXP 	polygon: pos = array([-0.99,  0.99])
20.5007 	EXP 	polygon: pos = array([-0.99,  0.99])
20.5185 	EXP 	polygon: pos = array([-0.82110236,  0.99      ])
20.5353 	EXP 	polygon: pos = array([-0.35771654,  0.99      ])
20.5511 	EXP 	polygon: pos = array([0.28755906, 0.99      ])
20.5679 	EXP 	polygon: pos = array([0.99, 0.99])
20.5845 	EXP 	polygon: pos = array([0.99, 0.99])
20.6014 	EXP 	polygon: pos = array([0.99, 0.99])
20.6188 	EXP 	polygon: pos = array([0.99, 0.99])
20.6355 	EXP 	polygon: pos = array([0.99, 0.99])
20.6505 	EXP 	polygon: pos = array([0.99, 0.99])
20.6689 	EXP 	polygon: pos = array([0.99, 0.99])
20.6856 	EXP 	polygon: pos = array([0.99, 0.99])
20.7018 	EXP 	polygon: pos = array([0.99, 0.99])
20.7180 	EXP 	polygon: pos = array([0.99, 0.99])
20.7352 	EXP 	polygon: pos = array([0.99, 0.99])
20.7519 	EXP 	polygon: pos = array([0.99, 0.99])
20.7678 	EXP 	polygon: pos = array([0.99, 0.99])
20.7848 	EXP 	polygon: pos = array([0.99, 0.99])
20.8014 	EXP 	polygon: pos = array([0.99, 0.99])
20.8190 	EXP 	polygon: pos = array([0.99, 0.99])
20.8357 	EXP 	polygon: pos = array([0.99, 0.99])
20.8514 	EXP 	polygon: pos = array([0.99, 0.99])
20.8685 	EXP 	polygon: pos = array([0.99, 0.99])
20.8849 	EXP 	polygon: pos = array([0.99, 0.99])
20.9023 	EXP 	polygon: pos = array([0.99, 0.99])
20.9187 	EXP 	polygon: pos = array([0.99, 0.99])
20.9354 	EXP 	polygon: pos = array([0.99, 0.99])
20.9513 	EXP 	polygon: pos = array([0.99, 0.99])
20.9690 	EXP 	polygon: pos = array([0.99, 0.99])
20.9856 	EXP 	polygon: pos = array([0.99, 0.99])
21.0017 	EXP 	polygon: pos = array([0.99, 0.99])
21.0215 	EXP 	polygon: pos = array([0.99, 0.99])
21.0358 	EXP 	polygon: pos = array([0.99, 0.99])
21.0522 	EXP 	polygon: pos = array([0.99, 0.99])
21.0684 	EXP 	polygon: pos = array([0.99, 0.99])
21.0860 	EXP 	polygon: pos = array([0.99, 0.99])
21.1023 	EXP 	polygon: pos = array([0.99, 0.99])
21.1187 	EXP 	polygon: pos = array([0.99, 0.99])
21.1355 	EXP 	polygon: pos = array([0.99, 0.99])
21.1521 	EXP 	polygon: pos = array([0.99, 0.99])
21.1680 	EXP 	polygon: pos = array([0.99, 0.99])
21.1849 	EXP 	polygon: pos = array([0.99, 0.99])
21.2023 	EXP 	polygon: pos = array([0.99, 0.99])
21.2191 	EXP 	polygon: pos = array([0.99, 0.99])
21.2340 	EXP 	polygon: pos = array([0.99, 0.99])
21.2528 	EXP 	polygon: pos = array([0.99, 0.99])
21.2688 	EXP 	polygon: pos = array([0.78559055, 0.99      ])
21.2858 	EXP 	polygon: pos = array([0.62535433, 0.99      ])
21.3022 	EXP 	polygon: pos = array([0.43913386, 0.99      ])
21.3186 	EXP 	polygon: pos = array([0.21393701, 0.99      ])
21.3352 	EXP 	polygon: pos = array([-0.04590551,  0.99      ])
21.3523 	EXP 	polygon: pos = array([-0.31440945,  0.99      ])
21.3681 	EXP 	polygon: pos = array([-0.60456693,  0.99      ])
21.3852 	EXP 	polygon: pos = array([-0.79944882,  0.99      ])
21.4025 	EXP 	polygon: pos = array([-0.99,  0.99])
21.4193 	EXP 	polygon: pos = array([-0.99,  0.99])
21.4357 	EXP 	polygon: pos = array([-0.99,  0.99])
21.4526 	EXP 	polygon: pos = array([-0.99,  0.99])
21.4688 	EXP 	polygon: pos = array([-0.99,  0.99])
21.4859 	EXP 	polygon: pos = array([-0.99,  0.99])
21.5028 	EXP 	polygon: pos = array([-0.99,  0.99])
21.5191 	EXP 	polygon: pos = array([-0.99,  0.99])
21.5358 	EXP 	polygon: pos = array([-0.99,  0.99])
21.5517 	EXP 	polygon: pos = array([-0.99,  0.99])
21.5683 	EXP 	polygon: pos = array([-0.79944882,  0.99      ])
21.5851 	EXP 	polygon: pos = array([-0.50062992,  0.99      ])
21.6018 	EXP 	polygon: pos = array([-0.05023622,  0.99      ])
21.6191 	EXP 	polygon: pos = array([0.52574803, 0.99      ])
21.6359 	EXP 	polygon: pos = array([0.99, 0.99])
21.6526 	EXP 	polygon: pos = array([0.99, 0.99])
21.6693 	EXP 	polygon: pos = array([0.99, 0.99])
21.6859 	EXP 	polygon: pos = array([0.99, 0.99])
21.7023 	EXP 	polygon: pos = array([0.99, 0.99])
21.7188 	EXP 	polygon: pos = array([0.99, 0.99])
21.7356 	EXP 	polygon: pos = array([0.99, 0.99])
21.7517 	EXP 	polygon: pos = array([0.99, 0.99])
21.7690 	EXP 	polygon: pos = array([0.99, 0.99])
21.7860 	EXP 	polygon: pos = array([0.99, 0.99])
21.8016 	EXP 	polygon: pos = array([0.99, 0.99])
21.8194 	EXP 	polygon: pos = array([0.99, 0.99])
21.8356 	EXP 	polygon: pos = array([0.99, 0.99])
21.8529 	EXP 	polygon: pos = array([0.99, 0.99])
21.8685 	EXP 	polygon: pos = array([0.99, 0.99])
21.8862 	EXP 	polygon: pos = array([0.99, 0.99])
21.9025 	EXP 	polygon: pos = array([0.99, 0.99])
21.9192 	EXP 	polygon: pos = array([0.99, 0.99])
21.9359 	EXP 	polygon: pos = array([0.99, 0.99])
21.9518 	EXP 	polygon: pos = array([0.99, 0.99])
21.9676 	EXP 	polygon: pos = array([0.99, 0.99])
21.9852 	EXP 	polygon: pos = array([0.99, 0.99])
22.0020 	EXP 	polygon: pos = array([0.99, 0.99])
22.0197 	EXP 	polygon: pos = array([0.99, 0.99])
22.0373 	EXP 	polygon: pos = array([0.99, 0.99])
22.0540 	EXP 	polygon: pos = array([0.99, 0.99])
22.0693 	EXP 	polygon: pos = array([0.99, 0.99])
22.0854 	EXP 	polygon: pos = array([0.99, 0.99])
22.1025 	EXP 	polygon: pos = array([0.99, 0.99])
22.1189 	EXP 	polygon: pos = array([0.99, 0.99])
22.1361 	EXP 	polygon: pos = array([0.99, 0.99])
22.1521 	EXP 	polygon: pos = array([0.99, 0.99])
22.1689 	EXP 	polygon: pos = array([0.99, 0.99])
22.1845 	EXP 	polygon: pos = array([0.89818898, 0.99      ])
22.2025 	EXP 	polygon: pos = array([0.87220472, 0.99      ])
22.2196 	EXP 	polygon: pos = array([0.82023622, 0.99      ])
22.2357 	EXP 	polygon: pos = array([0.64700787, 0.99      ])
22.2522 	EXP 	polygon: pos = array([0.55173228, 0.99      ])
22.2698 	EXP 	polygon: pos = array([0.43913386, 0.99      ])
22.2859 	EXP 	polygon: pos = array([0.26590551, 0.99      ])
22.3022 	EXP 	polygon: pos = array([0.04070866, 0.99      ])
22.3192 	EXP 	polygon: pos = array([-0.22779528,  0.99      ])
22.3357 	EXP 	polygon: pos = array([-0.46598425,  0.99      ])
22.3521 	EXP 	polygon: pos = array([-0.72149606,  0.99      ])
22.3689 	EXP 	polygon: pos = array([-0.95968504,  0.99      ])
22.3856 	EXP 	polygon: pos = array([-0.99,  0.99])
22.4033 	EXP 	polygon: pos = array([-0.99,  0.99])
22.4192 	EXP 	polygon: pos = array([-0.99,  0.99])
22.4365 	EXP 	polygon: pos = array([-0.99,  0.99])
22.4530 	EXP 	polygon: pos = array([-0.99,  0.99])
22.4698 	EXP 	polygon: pos = array([-0.99,  0.99])
22.4859 	EXP 	polygon: pos = array([-0.99,  0.99])
22.5023 	EXP 	polygon: pos = array([-0.99,  0.99])
22.5195 	EXP 	polygon: pos = array([-0.99,  0.99])
22.5355 	EXP 	polygon: pos = array([-0.99,  0.99])
22.5520 	EXP 	polygon: pos = array([-0.99,  0.99])
22.5686 	EXP 	polygon: pos = array([-0.99,  0.99])
22.5856 	EXP 	polygon: pos = array([-0.99,  0.99])
22.6032 	EXP 	polygon: pos = array([-0.73448819,  0.99      ])
22.6193 	EXP 	polygon: pos = array([-0.29275591,  0.99      ])
22.6367 	EXP 	polygon: pos = array([0.49110236, 0.99      ])
22.6528 	EXP 	polygon: pos = array([0.99, 0.99])
22.6699 	EXP 	polygon: pos = array([0.99, 0.99])
22.6860 	EXP 	polygon: pos = array([0.99, 0.99])
22.7028 	EXP 	polygon: pos = array([0.99, 0.99])
22.7193 	EXP 	polygon: pos = array([0.99, 0.99])
22.7354 	EXP 	polygon: pos = array([0.99, 0.99])
22.7534 	EXP 	polygon: pos = array([0.99, 0.99])
22.7697 	EXP 	polygon: pos = array([0.99, 0.99])
22.7865 	EXP 	polygon: pos = array([0.99, 0.99])
22.8032 	EXP 	polygon: pos = array([0.99, 0.99])
22.8200 	EXP 	polygon: pos = array([0.99, 0.99])
22.8363 	EXP 	polygon: pos = array([0.99, 0.99])
22.8532 	EXP 	polygon: pos = array([0.99, 0.99])
22.8694 	EXP 	polygon: pos = array([0.99, 0.99])
22.8862 	EXP 	polygon: pos = array([0.99, 0.99])
22.9031 	EXP 	polygon: pos = array([0.99, 0.99])
22.9197 	EXP 	polygon: pos = array([0.99, 0.99])
22.9357 	EXP 	polygon: pos = array([0.99, 0.99])
22.9522 	EXP 	polygon: pos = array([0.99, 0.99])
22.9691 	EXP 	polygon: pos = array([0.99, 0.99])
22.9865 	EXP 	polygon: pos = array([0.99, 0.99])
23.0021 	EXP 	polygon: pos = array([0.99, 0.99])
23.0208 	EXP 	polygon: pos = array([0.99, 0.99])
23.0375 	EXP 	polygon: pos = array([0.99, 0.99])
23.0529 	EXP 	polygon: pos = array([0.99, 0.99])
23.0699 	EXP 	polygon: pos = array([0.99, 0.99])
23.0863 	EXP 	polygon: pos = array([0.99, 0.99])
23.1030 	EXP 	polygon: pos = array([0.99, 0.99])
23.1195 	EXP 	polygon: pos = array([0.99, 0.99])
23.1357 	EXP 	polygon: pos = array([0.99, 0.99])
23.1523 	EXP 	polygon: pos = array([0.99, 0.99])
23.1692 	EXP 	polygon: pos = array([0.99, 0.99])
23.1859 	EXP 	polygon: pos = array([0.99, 0.99])
23.2026 	EXP 	polygon: pos = array([0.99, 0.99])
23.2202 	EXP 	polygon: pos = array([0.99, 0.99])
23.2368 	EXP 	polygon: pos = array([0.99, 0.99])
23.2534 	EXP 	polygon: pos = array([0.99, 0.99])
23.2700 	EXP 	polygon: pos = array([0.99, 0.99])
23.2864 	EXP 	polygon: pos = array([0.99, 0.99])
23.3022 	EXP 	polygon: pos = array([0.99, 0.99])
23.3191 	EXP 	polygon: pos = array([0.99, 0.99])
23.3364 	EXP 	polygon: pos = array([0.99, 0.99])
23.3524 	EXP 	polygon: pos = array([0.99, 0.99])
23.3691 	EXP 	polygon: pos = array([0.99, 0.99])
23.3863 	EXP 	polygon: pos = array([0.99, 0.99])
23.4035 	EXP 	polygon: pos = array([0.99, 0.99])
23.4203 	EXP 	polygon: pos = array([0.99, 0.99])
23.4360 	EXP 	polygon: pos = array([0.99, 0.99])
23.4535 	EXP 	polygon: pos = array([0.99, 0.99])
23.4700 	EXP 	polygon: pos = array([0.99, 0.99])
23.4864 	EXP 	polygon: pos = array([0.99, 0.99])
23.5036 	EXP 	polygon: pos = array([0.99, 0.99])
23.5193 	EXP 	polygon: pos = array([0.99, 0.99])
23.5368 	EXP 	polygon: pos = array([0.99, 0.99])
23.5536 	EXP 	polygon: pos = array([0.99, 0.99])
23.5701 	EXP 	polygon: pos = array([0.99, 0.99])
23.5868 	EXP 	polygon: pos = array([0.99, 0.99])
23.6035 	EXP 	polygon: pos = array([0.99, 0.99])
23.6201 	EXP 	polygon: pos = array([0.99, 0.99])
23.6368 	EXP 	polygon: pos = array([0.99, 0.99])
23.6537 	EXP 	polygon: pos = array([0.99, 0.99])
23.6698 	EXP 	polygon: pos = array([0.99, 0.99])
23.6866 	EXP 	polygon: pos = array([0.99, 0.99])
23.7034 	EXP 	polygon: pos = array([0.99, 0.99])
23.7201 	EXP 	polygon: pos = array([0.99, 0.99])
23.7360 	EXP 	polygon: pos = array([0.99, 0.99])
23.7528 	EXP 	polygon: pos = array([0.99, 0.99])
23.7703 	EXP 	polygon: pos = array([0.99, 0.99])
23.7866 	EXP 	polygon: pos = array([0.99, 0.99])
23.8036 	EXP 	polygon: pos = array([0.99, 0.99])
23.8204 	EXP 	polygon: pos = array([0.99, 0.99])
23.8370 	EXP 	polygon: pos = array([0.99, 0.99])
23.8536 	EXP 	polygon: pos = array([0.99, 0.99])
23.8700 	EXP 	polygon: pos = array([0.99, 0.99])
23.8868 	EXP 	polygon: pos = array([0.99, 0.99])
23.9034 	EXP 	polygon: pos = array([0.99, 0.99])
23.9194 	EXP 	polygon: pos = array([0.99, 0.99])
23.9371 	EXP 	polygon: pos = array([0.99, 0.99])
23.9537 	EXP 	polygon: pos = array([0.99, 0.99])
23.9702 	EXP 	polygon: pos = array([0.99, 0.99])
23.9870 	EXP 	polygon: pos = array([0.99, 0.99])
24.0028 	EXP 	polygon: pos = array([0.99, 0.99])
24.0199 	EXP 	polygon: pos = array([0.99, 0.99])
24.0365 	EXP 	polygon: pos = array([0.99, 0.99])
24.0530 	EXP 	polygon: pos = array([0.99, 0.99])
24.0702 	EXP 	polygon: pos = array([0.99, 0.99])
24.0866 	EXP 	polygon: pos = array([0.99, 0.99])
24.1033 	EXP 	polygon: pos = array([0.99, 0.99])
24.1199 	EXP 	polygon: pos = array([0.99, 0.99])
24.1363 	EXP 	polygon: pos = array([0.99, 0.99])
24.1531 	EXP 	polygon: pos = array([0.99, 0.99])
24.1705 	EXP 	polygon: pos = array([0.99, 0.99])
24.1872 	EXP 	polygon: pos = array([0.99, 0.99])
24.2034 	EXP 	polygon: pos = array([0.99, 0.99])
24.2206 	EXP 	polygon: pos = array([0.99, 0.99])
24.2372 	EXP 	polygon: pos = array([0.98480315, 0.99      ])
24.2539 	EXP 	polygon: pos = array([0.98480315, 0.99      ])
24.2700 	EXP 	polygon: pos = array([0.89818898, 0.99      ])
24.2868 	EXP 	polygon: pos = array([0.8115748, 0.99     ])
24.3032 	EXP 	polygon: pos = array([0.8115748, 0.99     ])
24.3202 	EXP 	polygon: pos = array([0.78559055, 0.99      ])
24.3363 	EXP 	polygon: pos = array([0.7596063, 0.99     ])
24.3531 	EXP 	polygon: pos = array([0.7596063, 0.99     ])
24.3707 	EXP 	polygon: pos = array([0.78559055, 0.99      ])
24.3876 	EXP 	polygon: pos = array([0.8115748, 0.99     ])
24.4036 	EXP 	polygon: pos = array([0.8115748, 0.99     ])
24.4207 	EXP 	polygon: pos = array([0.8115748, 0.99     ])
24.4371 	EXP 	polygon: pos = array([0.84622047, 0.99      ])
24.4539 	EXP 	polygon: pos = array([0.84622047, 0.99      ])
24.4702 	EXP 	polygon: pos = array([0.84622047, 0.99      ])
24.4870 	EXP 	polygon: pos = array([0.84622047, 0.99      ])
24.5031 	EXP 	polygon: pos = array([0.84622047, 0.99      ])
24.5204 	EXP 	polygon: pos = array([0.84622047, 0.99      ])
24.5364 	EXP 	polygon: pos = array([0.84622047, 0.99      ])
24.5533 	EXP 	polygon: pos = array([0.84622047, 0.99      ])
24.5699 	EXP 	polygon: pos = array([0.84622047, 0.99      ])
24.5865 	EXP 	polygon: pos = array([0.84622047, 0.99      ])
24.6042 	EXP 	polygon: pos = array([0.84622047, 0.99      ])
24.6207 	EXP 	polygon: pos = array([0.9111811, 0.99     ])
24.6374 	EXP 	polygon: pos = array([0.99, 0.99])
24.6540 	EXP 	polygon: pos = array([0.99, 0.99])
24.6704 	EXP 	polygon: pos = array([0.99, 0.99])
24.6870 	EXP 	polygon: pos = array([0.99, 0.99])
24.7038 	EXP 	polygon: pos = array([0.99, 0.99])
24.7198 	EXP 	polygon: pos = array([0.99, 0.99])
24.7366 	EXP 	polygon: pos = array([0.99, 0.99])
24.7533 	EXP 	polygon: pos = array([0.99, 0.99])
24.7709 	EXP 	polygon: pos = array([0.99, 0.99])
24.7871 	EXP 	polygon: pos = array([0.99, 0.99])
24.8033 	EXP 	polygon: pos = array([0.99, 0.99])
24.8209 	EXP 	polygon: pos = array([0.99, 0.99])
24.8376 	EXP 	polygon: pos = array([0.99, 0.99])
24.8540 	EXP 	polygon: pos = array([0.99, 0.99])
24.8705 	EXP 	polygon: pos = array([0.99, 0.99])
24.8872 	EXP 	polygon: pos = array([0.99, 0.99])
24.9040 	EXP 	polygon: pos = array([0.99, 0.99])
24.9199 	EXP 	polygon: pos = array([0.99, 0.99])
24.9368 	EXP 	polygon: pos = array([0.99, 0.99])
24.9543 	EXP 	polygon: pos = array([0.99, 0.99])
24.9710 	EXP 	polygon: pos = array([0.99, 0.99])
24.9875 	EXP 	polygon: pos = array([0.99, 0.99])
25.0032 	EXP 	polygon: pos = array([0.99, 0.99])
25.0215 	EXP 	polygon: pos = array([0.99, 0.99])
25.0373 	EXP 	polygon: pos = array([0.99, 0.99])
25.0537 	EXP 	polygon: pos = array([0.99, 0.99])
25.0704 	EXP 	polygon: pos = array([0.99, 0.99])
25.0872 	EXP 	polygon: pos = array([0.99      , 0.97367187])
25.1034 	EXP 	polygon: pos = array([0.99      , 0.79320312])
25.1210 	EXP 	polygon: pos = array([0.99      , 0.54828125])
25.1375 	EXP 	polygon: pos = array([0.99      , 0.29046875])
25.1542 	EXP 	polygon: pos = array([ 0.99     , -0.0103125])
25.1709 	EXP 	polygon: pos = array([ 0.99      , -0.20367187])
25.1877 	EXP 	polygon: pos = array([ 0.99      , -0.51304687])
25.2044 	EXP 	polygon: pos = array([ 0.99      , -0.67203125])
25.2208 	EXP 	polygon: pos = array([ 0.99     , -0.8009375])
25.2377 	EXP 	polygon: pos = array([ 0.99      , -0.92984375])
25.2543 	EXP 	polygon: pos = array([ 0.99, -0.99])
25.2708 	EXP 	polygon: pos = array([ 0.99, -0.99])
25.2872 	EXP 	polygon: pos = array([ 0.99, -0.99])
25.3041 	EXP 	polygon: pos = array([ 0.99, -0.99])
25.3202 	EXP 	polygon: pos = array([ 0.99, -0.99])
25.3370 	EXP 	polygon: pos = array([ 0.99, -0.99])
25.3544 	EXP 	polygon: pos = array([ 0.99, -0.99])
25.3701 	EXP 	polygon: pos = array([ 0.99, -0.99])
25.3873 	EXP 	polygon: pos = array([ 0.99, -0.99])
25.4046 	EXP 	polygon: pos = array([ 0.99, -0.99])
25.4211 	EXP 	polygon: pos = array([ 0.99, -0.99])
25.4379 	EXP 	polygon: pos = array([ 0.99, -0.99])
25.4539 	EXP 	polygon: pos = array([ 0.99      , -0.91695313])
25.4706 	EXP 	polygon: pos = array([ 0.99     , -0.6290625])
25.4872 	EXP 	polygon: pos = array([ 0.99      , -0.24664063])
25.5034 	EXP 	polygon: pos = array([0.99      , 0.13148437])
25.5202 	EXP 	polygon: pos = array([0.99      , 0.66429688])
25.5370 	EXP 	polygon: pos = array([0.99, 0.99])
25.5547 	EXP 	polygon: pos = array([0.99, 0.99])
25.5711 	EXP 	polygon: pos = array([0.99, 0.99])
25.5878 	EXP 	polygon: pos = array([0.99, 0.99])
25.6046 	EXP 	polygon: pos = array([0.99, 0.99])
25.6212 	EXP 	polygon: pos = array([0.99, 0.99])
25.6379 	EXP 	polygon: pos = array([0.99, 0.99])
25.6543 	EXP 	polygon: pos = array([0.99, 0.99])
25.6707 	EXP 	polygon: pos = array([0.99, 0.99])
25.6876 	EXP 	polygon: pos = array([0.99, 0.99])
25.7036 	EXP 	polygon: pos = array([0.99, 0.99])
25.7204 	EXP 	polygon: pos = array([0.99, 0.99])
25.7369 	EXP 	polygon: pos = array([0.99, 0.99])
25.7537 	EXP 	polygon: pos = array([0.99, 0.99])
25.7713 	EXP 	polygon: pos = array([0.99, 0.99])
25.7879 	EXP 	polygon: pos = array([0.99, 0.99])
25.8047 	EXP 	polygon: pos = array([0.9588189, 0.99     ])
25.8215 	EXP 	polygon: pos = array([0.89818898, 0.99      ])
25.8376 	EXP 	polygon: pos = array([0.84622047, 0.99      ])
25.8543 	EXP 	polygon: pos = array([0.7596063, 0.99     ])
25.8708 	EXP 	polygon: pos = array([0.7119685, 0.99     ])
25.8875 	EXP 	polygon: pos = array([0.63834646, 0.99      ])
25.9037 	EXP 	polygon: pos = array([0.56905512, 0.99      ])
25.9202 	EXP 	polygon: pos = array([0.49976378, 0.99      ])
25.9372 	EXP 	polygon: pos = array([0.37417323, 0.99      ])
25.9545 	EXP 	polygon: pos = array([0.27456693, 0.99      ])
25.9715 	EXP 	polygon: pos = array([0.18795276, 0.99      ])
25.9877 	EXP 	polygon: pos = array([0.02771654, 0.99      ])
26.0040 	EXP 	polygon: pos = array([-0.08488189,  0.99      ])
26.0207 	EXP 	polygon: pos = array([-0.23645669,  0.99      ])
26.0374 	EXP 	polygon: pos = array([-0.31440945,  0.99      ])
26.0535 	EXP 	polygon: pos = array([-0.3923622,  0.99     ])
26.0710 	EXP 	polygon: pos = array([-0.47031496,  0.99      ])
26.0875 	EXP 	polygon: pos = array([-0.55692913,  0.97367187])
26.1038 	EXP 	polygon: pos = array([-0.60889764,  0.85765625])
26.1204 	EXP 	polygon: pos = array([-0.60889764,  0.7975    ])
26.1373 	EXP 	polygon: pos = array([-0.69551181,  0.7115625 ])
26.1539 	EXP 	polygon: pos = array([-0.73015748,  0.66      ])
26.1715 	EXP 	polygon: pos = array([-0.7907874,  0.66     ])
26.1883 	EXP 	polygon: pos = array([-0.86874016,  0.625625  ])
26.2045 	EXP 	polygon: pos = array([-0.99    ,  0.625625])
26.2216 	EXP 	polygon: pos = array([-0.99    ,  0.556875])
26.2377 	EXP 	polygon: pos = array([-0.99     ,  0.5396875])
26.2545 	EXP 	polygon: pos = array([-0.99     ,  0.5396875])
26.2709 	EXP 	polygon: pos = array([-0.99     ,  0.5396875])
26.2880 	EXP 	polygon: pos = array([-0.99     ,  0.5396875])
26.3039 	EXP 	polygon: pos = array([-0.99     ,  0.5396875])
26.3207 	EXP 	polygon: pos = array([-0.99     ,  0.5396875])
26.3382 	EXP 	polygon: pos = array([-0.99     ,  0.5396875])
26.3541 	EXP 	polygon: pos = array([-0.99     ,  0.5396875])
26.3715 	EXP 	polygon: pos = array([-0.99     ,  0.5396875])
26.3887 	EXP 	polygon: pos = array([-0.99     ,  0.5396875])
26.4050 	EXP 	polygon: pos = array([-0.99     ,  0.5396875])
26.4216 	EXP 	polygon: pos = array([-0.91637795,  0.5396875 ])
26.4379 	EXP 	polygon: pos = array([-0.78212598,  0.5396875 ])
26.4545 	EXP 	polygon: pos = array([-0.55692913,  0.625625  ])
26.4710 	EXP 	polygon: pos = array([-0.30574803,  0.72015625])
26.4879 	EXP 	polygon: pos = array([-0.02425197,  0.82328125])
26.5039 	EXP 	polygon: pos = array([0.30055118, 0.9865625 ])
26.5209 	EXP 	polygon: pos = array([0.69897638, 0.99      ])
26.5383 	EXP 	polygon: pos = array([0.99, 0.99])
26.5550 	EXP 	polygon: pos = array([0.99, 0.99])
26.5717 	EXP 	polygon: pos = array([0.99, 0.99])
26.5882 	EXP 	polygon: pos = array([0.99, 0.99])
26.6045 	EXP 	polygon: pos = array([0.99, 0.99])
26.6218 	EXP 	polygon: pos = array([0.99, 0.99])
26.6379 	EXP 	polygon: pos = array([0.99, 0.99])
26.6547 	EXP 	polygon: pos = array([0.99, 0.99])
26.6714 	EXP 	polygon: pos = array([0.99, 0.99])
26.6881 	EXP 	polygon: pos = array([0.99, 0.99])
26.7040 	EXP 	polygon: pos = array([0.99, 0.99])
26.7209 	EXP 	polygon: pos = array([0.99, 0.99])
26.7384 	EXP 	polygon: pos = array([0.99, 0.99])
26.7541 	EXP 	polygon: pos = array([0.99, 0.99])
26.7709 	EXP 	polygon: pos = array([0.99, 0.99])
26.7875 	EXP 	polygon: pos = array([0.99, 0.99])
26.8052 	EXP 	polygon: pos = array([0.99, 0.99])
26.8218 	EXP 	polygon: pos = array([0.99, 0.99])
26.8376 	EXP 	polygon: pos = array([0.99, 0.99])
26.8548 	EXP 	polygon: pos = array([0.99, 0.99])
26.8715 	EXP 	polygon: pos = array([0.99, 0.99])
26.8884 	EXP 	polygon: pos = array([0.99, 0.99])
26.9051 	EXP 	polygon: pos = array([0.99, 0.99])
26.9208 	EXP 	polygon: pos = array([0.99, 0.99])
26.9376 	EXP 	polygon: pos = array([0.99, 0.99])
26.9552 	EXP 	polygon: pos = array([0.99, 0.99])
26.9718 	EXP 	polygon: pos = array([0.99, 0.99])
26.9877 	EXP 	polygon: pos = array([0.99, 0.99])
27.0036 	EXP 	polygon: pos = array([0.99, 0.99])
27.0223 	EXP 	polygon: pos = array([0.99, 0.99])
27.0387 	EXP 	polygon: pos = array([0.99, 0.99])
27.0552 	EXP 	polygon: pos = array([0.99, 0.99])
27.0715 	EXP 	polygon: pos = array([0.99, 0.99])
27.0886 	EXP 	polygon: pos = array([0.99, 0.99])
27.1056 	EXP 	polygon: pos = array([0.99, 0.99])
27.1227 	EXP 	polygon: pos = array([0.99, 0.99])
27.1373 	EXP 	polygon: pos = array([0.99, 0.99])
27.1544 	EXP 	polygon: pos = array([0.99, 0.99])
27.1714 	EXP 	polygon: pos = array([0.99, 0.99])
27.1879 	EXP 	polygon: pos = array([0.99, 0.99])
27.2050 	EXP 	polygon: pos = array([0.99, 0.99])
27.2219 	EXP 	polygon: pos = array([0.99, 0.99])
27.2384 	EXP 	polygon: pos = array([0.99, 0.99])
27.2550 	EXP 	polygon: pos = array([0.99, 0.99])
27.2717 	EXP 	polygon: pos = array([0.99, 0.99])
27.2876 	EXP 	polygon: pos = array([0.99, 0.99])
27.3042 	EXP 	polygon: pos = array([0.99, 0.99])
27.3210 	EXP 	polygon: pos = array([0.99, 0.99])
27.3378 	EXP 	polygon: pos = array([0.99, 0.99])
27.3552 	EXP 	polygon: pos = array([0.99, 0.99])
27.3712 	EXP 	polygon: pos = array([0.99, 0.99])
27.3892 	EXP 	polygon: pos = array([0.99, 0.99])
27.4050 	EXP 	polygon: pos = array([0.99, 0.99])
27.4217 	EXP 	polygon: pos = array([0.99, 0.99])
27.4379 	EXP 	polygon: pos = array([0.99, 0.99])
27.4550 	EXP 	polygon: pos = array([0.99, 0.99])
27.4717 	EXP 	polygon: pos = array([0.99, 0.99])
27.4879 	EXP 	polygon: pos = array([0.99, 0.99])
27.5045 	EXP 	polygon: pos = array([0.99, 0.99])
27.5220 	EXP 	polygon: pos = array([0.99, 0.99])
27.5380 	EXP 	polygon: pos = array([0.99, 0.99])
27.5557 	EXP 	polygon: pos = array([0.99, 0.99])
27.5713 	EXP 	polygon: pos = array([0.99, 0.99])
27.5880 	EXP 	polygon: pos = array([0.99, 0.99])
27.6054 	EXP 	polygon: pos = array([0.88519685, 0.99      ])
27.6212 	EXP 	polygon: pos = array([0.79858268, 0.99      ])
27.6376 	EXP 	polygon: pos = array([0.66433071, 0.99      ])
27.6547 	EXP 	polygon: pos = array([0.5603937, 0.99     ])
27.6712 	EXP 	polygon: pos = array([0.41314961, 0.99      ])
27.6886 	EXP 	polygon: pos = array([0.25724409, 0.99      ])
27.7045 	EXP 	polygon: pos = array([0.03204724, 0.99      ])
27.7213 	EXP 	polygon: pos = array([-0.14984252,  0.99      ])
27.7389 	EXP 	polygon: pos = array([-0.30574803,  0.99      ])
27.7556 	EXP 	polygon: pos = array([-0.4876378,  0.99     ])
27.7721 	EXP 	polygon: pos = array([-0.73015748,  0.99      ])
27.7886 	EXP 	polygon: pos = array([-0.82976378,  0.99      ])
27.8058 	EXP 	polygon: pos = array([-0.99,  0.99])
27.8218 	EXP 	polygon: pos = array([-0.99,  0.99])
27.8385 	EXP 	polygon: pos = array([-0.99,  0.99])
27.8552 	EXP 	polygon: pos = array([-0.99,  0.99])
27.8719 	EXP 	polygon: pos = array([-0.99      ,  0.89632812])
27.8880 	EXP 	polygon: pos = array([-0.99  ,  0.7975])
27.9046 	EXP 	polygon: pos = array([-0.99      ,  0.69867187])
27.9215 	EXP 	polygon: pos = array([-0.99      ,  0.58695312])
27.9381 	EXP 	polygon: pos = array([-0.99      ,  0.47953125])
27.9557 	EXP 	polygon: pos = array([-0.99      ,  0.32484375])
27.9716 	EXP 	polygon: pos = array([-0.99      ,  0.05414063])
27.9890 	EXP 	polygon: pos = array([-0.99      , -0.04039062])
28.0059 	EXP 	polygon: pos = array([-0.99      , -0.09195312])
28.0214 	EXP 	polygon: pos = array([-0.99    , -0.130625])
28.0383 	EXP 	polygon: pos = array([-0.99    , -0.130625])
28.0540 	EXP 	polygon: pos = array([-0.99    , -0.130625])
28.0722 	EXP 	polygon: pos = array([-0.99    , -0.130625])
28.0880 	EXP 	polygon: pos = array([-0.99    , -0.130625])
28.1049 	EXP 	polygon: pos = array([-0.99    , -0.130625])
28.1226 	EXP 	polygon: pos = array([-0.99      , -0.00171875])
28.1383 	EXP 	polygon: pos = array([-0.99      ,  0.15296875])
28.1557 	EXP 	polygon: pos = array([-0.79944882,  0.41507812])
28.1725 	EXP 	polygon: pos = array([-0.52228346,  0.58695312])
28.1889 	EXP 	polygon: pos = array([-0.21480315,  0.82328125])
28.2059 	EXP 	polygon: pos = array([0.20527559, 0.99      ])
28.2220 	EXP 	polygon: pos = array([0.63401575, 0.99      ])
28.2389 	EXP 	polygon: pos = array([0.99, 0.99])
28.2548 	EXP 	polygon: pos = array([0.99, 0.99])
28.2722 	EXP 	polygon: pos = array([0.99, 0.99])
28.2882 	EXP 	polygon: pos = array([0.99, 0.99])
28.3050 	EXP 	polygon: pos = array([0.99, 0.99])
28.3217 	EXP 	polygon: pos = array([0.99, 0.99])
28.3382 	EXP 	polygon: pos = array([0.99, 0.99])
28.3561 	EXP 	polygon: pos = array([0.99, 0.99])
28.3722 	EXP 	polygon: pos = array([0.99, 0.99])
28.3888 	EXP 	polygon: pos = array([0.99, 0.99])
28.4059 	EXP 	polygon: pos = array([0.99, 0.99])
28.4220 	EXP 	polygon: pos = array([0.99, 0.99])
28.4390 	EXP 	polygon: pos = array([0.99, 0.99])
28.4551 	EXP 	polygon: pos = array([0.99, 0.99])
28.4720 	EXP 	polygon: pos = array([0.99, 0.99])
28.4883 	EXP 	polygon: pos = array([0.99, 0.99])
28.5052 	EXP 	polygon: pos = array([0.99, 0.99])
28.5225 	EXP 	polygon: pos = array([0.99, 0.99])
28.5392 	EXP 	polygon: pos = array([0.99, 0.99])
28.5558 	EXP 	polygon: pos = array([0.99, 0.99])
28.5726 	EXP 	polygon: pos = array([0.99, 0.99])
28.5893 	EXP 	polygon: pos = array([0.99, 0.99])
28.6058 	EXP 	polygon: pos = array([0.99, 0.99])
28.6223 	EXP 	polygon: pos = array([0.99, 0.99])
28.6389 	EXP 	polygon: pos = array([0.99, 0.99])
28.6557 	EXP 	polygon: pos = array([0.99, 0.99])
28.6717 	EXP 	polygon: pos = array([0.99, 0.99])
28.6884 	EXP 	polygon: pos = array([0.99, 0.99])
28.7052 	EXP 	polygon: pos = array([0.99, 0.99])
28.7227 	EXP 	polygon: pos = array([0.99, 0.99])
28.7393 	EXP 	polygon: pos = array([0.99, 0.99])
28.7561 	EXP 	polygon: pos = array([0.99, 0.99])
28.7727 	EXP 	polygon: pos = array([0.99, 0.99])
28.7887 	EXP 	polygon: pos = array([0.99, 0.99])
28.8059 	EXP 	polygon: pos = array([0.99, 0.99])
28.8225 	EXP 	polygon: pos = array([0.99, 0.99])
28.8389 	EXP 	polygon: pos = array([0.99, 0.99])
28.8556 	EXP 	polygon: pos = array([0.99, 0.99])
28.8714 	EXP 	polygon: pos = array([0.99, 0.99])
28.8883 	EXP 	polygon: pos = array([0.99, 0.99])
28.9053 	EXP 	polygon: pos = array([0.99, 0.99])
28.9220 	EXP 	polygon: pos = array([0.99, 0.99])
28.9395 	EXP 	polygon: pos = array([0.99, 0.99])
28.9559 	EXP 	polygon: pos = array([0.99, 0.99])
28.9728 	EXP 	polygon: pos = array([0.99, 0.99])
28.9886 	EXP 	polygon: pos = array([0.99, 0.99])
29.0059 	EXP 	polygon: pos = array([0.99, 0.99])
29.0241 	EXP 	polygon: pos = array([0.99, 0.99])
29.0386 	EXP 	polygon: pos = array([0.99, 0.99])
29.0557 	EXP 	polygon: pos = array([0.99, 0.99])
29.0718 	EXP 	polygon: pos = array([0.99, 0.99])
29.0887 	EXP 	polygon: pos = array([0.99, 0.99])
29.1062 	EXP 	polygon: pos = array([0.99, 0.99])
29.1228 	EXP 	polygon: pos = array([0.99, 0.99])
29.1385 	EXP 	polygon: pos = array([0.99, 0.99])
29.1561 	EXP 	polygon: pos = array([0.99, 0.99])
29.1729 	EXP 	polygon: pos = array([0.99, 0.99])
29.1896 	EXP 	polygon: pos = array([0.99, 0.99])
29.2060 	EXP 	polygon: pos = array([0.99, 0.99])
29.2225 	EXP 	polygon: pos = array([0.99, 0.99])
29.2392 	EXP 	polygon: pos = array([0.99, 0.99])
29.2560 	EXP 	polygon: pos = array([0.99, 0.99])
29.2719 	EXP 	polygon: pos = array([0.99, 0.99])
29.2891 	EXP 	polygon: pos = array([0.99, 0.99])
29.3062 	EXP 	polygon: pos = array([0.99, 0.99])
29.3229 	EXP 	polygon: pos = array([0.99, 0.99])
29.3385 	EXP 	polygon: pos = array([0.99, 0.99])
29.3564 	EXP 	polygon: pos = array([0.99, 0.99])
29.3731 	EXP 	polygon: pos = array([0.95015748, 0.99      ])
29.3892 	EXP 	polygon: pos = array([0.89818898, 0.99      ])
29.4054 	EXP 	polygon: pos = array([0.8115748, 0.99     ])
29.4227 	EXP 	polygon: pos = array([0.75094488, 0.99      ])
29.4393 	EXP 	polygon: pos = array([0.64700787, 0.99      ])
29.4560 	EXP 	polygon: pos = array([0.6123622, 0.99     ])
29.4722 	EXP 	polygon: pos = array([0.52574803, 0.99      ])
29.4887 	EXP 	polygon: pos = array([0.40015748, 0.99      ])
29.5056 	EXP 	polygon: pos = array([0.26590551, 0.99      ])
29.5279 	EXP 	polygon: pos = array([0.08401575, 0.99      ])
29.5419 	EXP 	polygon: pos = array([-0.22779528,  0.94359375])
29.5563 	EXP 	polygon: pos = array([-0.29708661,  0.935     ])
29.5730 	EXP 	polygon: pos = array([-0.37070866,  0.935     ])
29.5890 	EXP 	polygon: pos = array([-0.45732283,  0.831875  ])
29.6061 	EXP 	polygon: pos = array([-0.58291339,  0.831875  ])
29.6227 	EXP 	polygon: pos = array([-0.71283465,  0.7975    ])
29.6393 	EXP 	polygon: pos = array([-0.78212598,  0.7115625 ])
29.6560 	EXP 	polygon: pos = array([-0.87740157,  0.66      ])
29.6721 	EXP 	polygon: pos = array([-0.99    ,  0.625625])
29.6890 	EXP 	polygon: pos = array([-0.99      ,  0.54828125])
29.7063 	EXP 	polygon: pos = array([-0.99     ,  0.5396875])
29.7224 	EXP 	polygon: pos = array([-0.99     ,  0.5396875])
29.7401 	EXP 	polygon: pos = array([-0.99   ,  0.45375])
29.7565 	EXP 	polygon: pos = array([-0.99   ,  0.45375])
29.7731 	EXP 	polygon: pos = array([-0.99   ,  0.45375])
29.7898 	EXP 	polygon: pos = array([-0.99     ,  0.4021875])
29.8064 	EXP 	polygon: pos = array([-0.99      ,  0.38929687])
29.8229 	EXP 	polygon: pos = array([-0.99    ,  0.350625])
29.8396 	EXP 	polygon: pos = array([-0.99    ,  0.350625])
29.8555 	EXP 	polygon: pos = array([-0.99    ,  0.350625])
29.8732 	EXP 	polygon: pos = array([-0.99    ,  0.350625])
29.8897 	EXP 	polygon: pos = array([-0.99    ,  0.350625])
29.9064 	EXP 	polygon: pos = array([-0.99    ,  0.350625])
29.9233 	EXP 	polygon: pos = array([-0.99    ,  0.350625])
29.9395 	EXP 	polygon: pos = array([-0.99    ,  0.350625])
29.9567 	EXP 	polygon: pos = array([-0.84275591,  0.45375   ])
29.9733 	EXP 	polygon: pos = array([-0.6911811,  0.5396875])
29.9899 	EXP 	polygon: pos = array([-0.42267717,  0.625625  ])
30.0062 	EXP 	polygon: pos = array([-0.21480315,  0.75882812])
30.0224 	EXP 	polygon: pos = array([0.0623622 , 0.87054688])
30.0386 	EXP 	polygon: pos = array([0.42614173, 0.99      ])
30.0545 	EXP 	polygon: pos = array([0.78559055, 0.99      ])
30.0733 	EXP 	polygon: pos = array([0.99, 0.99])
30.0899 	EXP 	polygon: pos = array([0.99, 0.99])
30.1066 	EXP 	polygon: pos = array([0.99, 0.99])
30.1233 	EXP 	polygon: pos = array([0.99, 0.99])
30.1400 	EXP 	polygon: pos = array([0.99, 0.99])
30.1558 	EXP 	polygon: pos = array([0.99, 0.99])
30.1735 	EXP 	polygon: pos = array([0.99, 0.99])
30.1900 	EXP 	polygon: pos = array([0.99, 0.99])
30.2062 	EXP 	polygon: pos = array([0.99, 0.99])
30.2229 	EXP 	polygon: pos = array([0.99, 0.99])
30.2390 	EXP 	polygon: pos = array([0.99, 0.99])
30.2562 	EXP 	polygon: pos = array([0.99, 0.99])
30.2722 	EXP 	polygon: pos = array([0.99, 0.99])
30.2893 	EXP 	polygon: pos = array([0.99, 0.99])
30.3059 	EXP 	polygon: pos = array([0.99, 0.99])
30.3235 	EXP 	polygon: pos = array([0.99, 0.99])
30.3394 	EXP 	polygon: pos = array([0.99, 0.99])
30.3570 	EXP 	polygon: pos = array([0.99, 0.99])
30.3732 	EXP 	polygon: pos = array([0.99, 0.99])
30.3903 	EXP 	polygon: pos = array([0.99, 0.99])
30.4062 	EXP 	polygon: pos = array([0.99, 0.99])
30.4231 	EXP 	polygon: pos = array([0.99, 0.99])
30.4397 	EXP 	polygon: pos = array([0.99, 0.99])
30.4555 	EXP 	polygon: pos = array([0.99, 0.99])
30.4726 	EXP 	polygon: pos = array([0.99, 0.99])
30.4894 	EXP 	polygon: pos = array([0.99, 0.99])
30.5061 	EXP 	polygon: pos = array([0.99, 0.99])
30.5237 	EXP 	polygon: pos = array([0.99, 0.99])
30.5394 	EXP 	polygon: pos = array([0.99, 0.99])
30.5561 	EXP 	polygon: pos = array([0.99, 0.99])
30.5738 	EXP 	polygon: pos = array([0.99, 0.99])
30.5899 	EXP 	polygon: pos = array([0.99, 0.99])
30.6061 	EXP 	polygon: pos = array([0.99, 0.99])
30.6232 	EXP 	polygon: pos = array([0.99      , 0.94359375])
30.6400 	EXP 	polygon: pos = array([0.99      , 0.90921875])
30.6560 	EXP 	polygon: pos = array([0.99    , 0.831875])
30.6728 	EXP 	polygon: pos = array([0.99    , 0.831875])
30.6903 	EXP 	polygon: pos = array([0.99    , 0.831875])
30.7070 	EXP 	polygon: pos = array([0.99    , 0.831875])
30.7235 	EXP 	polygon: pos = array([0.99  , 0.7975])
30.7402 	EXP 	polygon: pos = array([0.99  , 0.7975])
30.7570 	EXP 	polygon: pos = array([0.99  , 0.7975])
30.7737 	EXP 	polygon: pos = array([0.99  , 0.7975])
30.7898 	EXP 	polygon: pos = array([0.99  , 0.7975])
30.8067 	EXP 	polygon: pos = array([0.99  , 0.7975])
30.8231 	EXP 	polygon: pos = array([0.99  , 0.7975])
30.8400 	EXP 	polygon: pos = array([0.99  , 0.7975])
30.8558 	EXP 	polygon: pos = array([0.99  , 0.7975])
30.8728 	EXP 	polygon: pos = array([0.99  , 0.7975])
30.8904 	EXP 	polygon: pos = array([0.99, 0.99])
30.9071 	EXP 	polygon: pos = array([0.99, 0.99])
30.9236 	EXP 	polygon: pos = array([0.99, 0.99])
30.9404 	EXP 	polygon: pos = array([0.99, 0.99])
30.9570 	EXP 	polygon: pos = array([0.99, 0.99])
30.9739 	EXP 	polygon: pos = array([0.99, 0.99])
30.9899 	EXP 	polygon: pos = array([0.99, 0.99])
31.0062 	EXP 	polygon: pos = array([0.99, 0.99])
31.0250 	EXP 	polygon: pos = array([0.99, 0.99])
31.0396 	EXP 	polygon: pos = array([0.99, 0.99])
31.0563 	EXP 	polygon: pos = array([0.99, 0.99])
31.0731 	EXP 	polygon: pos = array([0.99, 0.99])
31.0904 	EXP 	polygon: pos = array([0.99, 0.99])
31.1071 	EXP 	polygon: pos = array([0.99, 0.99])
31.1239 	EXP 	polygon: pos = array([0.99, 0.99])
31.1405 	EXP 	polygon: pos = array([0.99, 0.99])
31.1571 	EXP 	polygon: pos = array([0.99, 0.99])
31.1736 	EXP 	polygon: pos = array([0.99, 0.99])
31.1902 	EXP 	polygon: pos = array([0.99, 0.99])
31.2068 	EXP 	polygon: pos = array([0.99, 0.99])
31.2235 	EXP 	polygon: pos = array([0.99, 0.99])
31.2393 	EXP 	polygon: pos = array([0.99, 0.99])
31.2571 	EXP 	polygon: pos = array([0.9111811 , 0.94359375])
31.2738 	EXP 	polygon: pos = array([0.8115748 , 0.78460937])
31.2903 	EXP 	polygon: pos = array([0.69897638, 0.57835938])
31.3070 	EXP 	polygon: pos = array([0.62535433, 0.23460937])
31.3239 	EXP 	polygon: pos = array([ 0.53874016, -0.0103125 ])
31.3403 	EXP 	polygon: pos = array([ 0.49976378, -0.17789062])
31.3573 	EXP 	polygon: pos = array([ 0.41314961, -0.37125   ])
31.3736 	EXP 	polygon: pos = array([ 0.35251969, -0.58609375])
31.3900 	EXP 	polygon: pos = array([ 0.30055118, -0.70640625])
31.4067 	EXP 	polygon: pos = array([ 0.27456693, -0.84390625])
31.4235 	EXP 	polygon: pos = array([ 0.18795276, -0.96421875])
31.4396 	EXP 	polygon: pos = array([ 0.17929134, -0.99      ])
31.4563 	EXP 	polygon: pos = array([ 0.15330709, -0.99      ])
31.4731 	EXP 	polygon: pos = array([ 0.11433071, -0.99      ])
31.4907 	EXP 	polygon: pos = array([ 0.10133858, -0.99      ])
31.5072 	EXP 	polygon: pos = array([ 0.10133858, -0.99      ])
31.5239 	EXP 	polygon: pos = array([ 0.10133858, -0.99      ])
31.5408 	EXP 	polygon: pos = array([ 0.10133858, -0.99      ])
31.5572 	EXP 	polygon: pos = array([ 0.17062992, -0.99      ])
31.5738 	EXP 	polygon: pos = array([ 0.18795276, -0.99      ])
31.5902 	EXP 	polygon: pos = array([ 0.18795276, -0.99      ])
31.6070 	EXP 	polygon: pos = array([ 0.21393701, -0.8009375 ])
31.6237 	EXP 	polygon: pos = array([ 0.25724409, -0.5946875 ])
31.6401 	EXP 	polygon: pos = array([ 0.37417323, -0.268125  ])
31.6563 	EXP 	polygon: pos = array([ 0.5603937 , -0.03179687])
31.6733 	EXP 	polygon: pos = array([0.74228346, 0.35492188])
31.6906 	EXP 	polygon: pos = array([0.99      , 0.77171875])
31.7074 	EXP 	polygon: pos = array([0.99, 0.99])
31.7241 	EXP 	polygon: pos = array([0.99, 0.99])
31.7407 	EXP 	polygon: pos = array([0.99, 0.99])
31.7571 	EXP 	polygon: pos = array([0.99, 0.99])
31.7739 	EXP 	polygon: pos = array([0.99, 0.99])
31.7899 	EXP 	polygon: pos = array([0.99, 0.99])
31.8071 	EXP 	polygon: pos = array([0.99, 0.99])
31.8237 	EXP 	polygon: pos = array([0.99, 0.99])
31.8398 	EXP 	polygon: pos = array([0.99, 0.99])
31.8564 	EXP 	polygon: pos = array([0.99, 0.99])
31.8734 	EXP 	polygon: pos = array([0.99, 0.99])
31.8907 	EXP 	polygon: pos = array([0.99, 0.99])
31.9075 	EXP 	polygon: pos = array([0.99, 0.99])
31.9233 	EXP 	polygon: pos = array([0.99, 0.99])
31.9410 	EXP 	polygon: pos = array([0.99, 0.99])
31.9574 	EXP 	polygon: pos = array([0.99, 0.99])
31.9738 	EXP 	polygon: pos = array([0.99, 0.99])
31.9905 	EXP 	polygon: pos = array([0.99, 0.99])
32.0064 	EXP 	polygon: pos = array([0.99, 0.99])
32.0232 	EXP 	polygon: pos = array([0.99, 0.99])
32.0393 	EXP 	polygon: pos = array([0.99      , 0.82328125])
32.0573 	EXP 	polygon: pos = array([0.99      , 0.62132813])
32.0727 	EXP 	polygon: pos = array([0.99      , 0.38929687])
32.0900 	EXP 	polygon: pos = array([ 0.99      , -0.05328125])
32.1067 	EXP 	polygon: pos = array([ 0.99      , -0.20367187])
32.1235 	EXP 	polygon: pos = array([ 0.99      , -0.50445312])
32.1408 	EXP 	polygon: pos = array([ 0.99      , -0.95132813])
32.1573 	EXP 	polygon: pos = array([ 0.99, -0.99])
32.1734 	EXP 	polygon: pos = array([ 0.99, -0.99])
32.1908 	EXP 	polygon: pos = array([ 0.99, -0.99])
32.2073 	EXP 	polygon: pos = array([ 0.99, -0.99])
32.2238 	EXP 	polygon: pos = array([ 0.99, -0.99])
32.2403 	EXP 	polygon: pos = array([ 0.99, -0.99])
32.2568 	EXP 	polygon: pos = array([ 0.99, -0.99])
32.2743 	EXP 	polygon: pos = array([ 0.99, -0.99])
32.2904 	EXP 	polygon: pos = array([ 0.99, -0.99])
32.3065 	EXP 	polygon: pos = array([ 0.99, -0.99])
32.3247 	EXP 	polygon: pos = array([ 0.99, -0.99])
32.3406 	EXP 	polygon: pos = array([ 0.99, -0.99])
32.3575 	EXP 	polygon: pos = array([ 0.99, -0.99])
32.3740 	EXP 	polygon: pos = array([ 0.99      , -0.67203125])
32.3910 	EXP 	polygon: pos = array([ 0.99      , -0.10054688])
32.4067 	EXP 	polygon: pos = array([0.99    , 0.556875])
32.4242 	EXP 	polygon: pos = array([0.99, 0.99])
32.4402 	EXP 	polygon: pos = array([0.99, 0.99])
32.4569 	EXP 	polygon: pos = array([0.99, 0.99])
32.4744 	EXP 	polygon: pos = array([0.99, 0.99])
32.4910 	EXP 	polygon: pos = array([0.99, 0.99])
32.5066 	EXP 	polygon: pos = array([0.99, 0.99])
32.5247 	EXP 	polygon: pos = array([0.99, 0.99])
32.5409 	EXP 	polygon: pos = array([0.99, 0.99])
32.5579 	EXP 	polygon: pos = array([0.99, 0.99])
32.5740 	EXP 	polygon: pos = array([0.99, 0.99])
32.5908 	EXP 	polygon: pos = array([0.99, 0.99])
32.6074 	EXP 	polygon: pos = array([0.99, 0.99])
32.6235 	EXP 	polygon: pos = array([0.99, 0.99])
32.6405 	EXP 	polygon: pos = array([0.99, 0.99])
32.6580 	EXP 	polygon: pos = array([0.99, 0.99])
32.6746 	EXP 	polygon: pos = array([0.99, 0.99])
32.6911 	EXP 	polygon: pos = array([0.99, 0.99])
32.7078 	EXP 	polygon: pos = array([0.99, 0.99])
32.7237 	EXP 	polygon: pos = array([0.99, 0.99])
32.7411 	EXP 	polygon: pos = array([0.99, 0.99])
32.7571 	EXP 	polygon: pos = array([0.99, 0.99])
32.7742 	EXP 	polygon: pos = array([0.99, 0.99])
32.7909 	EXP 	polygon: pos = array([0.99, 0.99])
32.8078 	EXP 	polygon: pos = array([0.99, 0.99])
32.8237 	EXP 	polygon: pos = array([0.99, 0.99])
32.8405 	EXP 	polygon: pos = array([0.99, 0.99])
32.8579 	EXP 	polygon: pos = array([0.99, 0.99])
32.8748 	EXP 	polygon: pos = array([0.99, 0.99])
32.8910 	EXP 	polygon: pos = array([0.99, 0.99])
32.9085 	EXP 	polygon: pos = array([0.99, 0.99])
32.9243 	EXP 	polygon: pos = array([0.99, 0.99])
32.9414 	EXP 	polygon: pos = array([0.99, 0.99])
32.9573 	EXP 	polygon: pos = array([0.99, 0.99])
32.9744 	EXP 	polygon: pos = array([0.99, 0.99])
32.9909 	EXP 	polygon: pos = array([0.99, 0.99])
33.0066 	EXP 	polygon: pos = array([0.99, 0.99])
33.0265 	EXP 	polygon: pos = array([0.99, 0.99])
33.0413 	EXP 	polygon: pos = array([0.99, 0.99])
33.0579 	EXP 	polygon: pos = array([0.99, 0.99])
33.0746 	EXP 	polygon: pos = array([0.99, 0.99])
33.0914 	EXP 	polygon: pos = array([0.99, 0.99])
33.1071 	EXP 	polygon: pos = array([0.99, 0.99])
33.1248 	EXP 	polygon: pos = array([0.99, 0.99])
33.1415 	EXP 	polygon: pos = array([0.99, 0.99])
33.1577 	EXP 	polygon: pos = array([0.99, 0.99])
33.1745 	EXP 	polygon: pos = array([0.99, 0.99])
33.1909 	EXP 	polygon: pos = array([0.99, 0.99])
33.2079 	EXP 	polygon: pos = array([0.99, 0.99])
33.2238 	EXP 	polygon: pos = array([0.99, 0.99])
33.2406 	EXP 	polygon: pos = array([0.99, 0.99])
33.2584 	EXP 	polygon: pos = array([0.99, 0.99])
33.2737 	EXP 	polygon: pos = array([0.99, 0.99])
33.2905 	EXP 	polygon: pos = array([0.99, 0.99])
33.3070 	EXP 	polygon: pos = array([0.99, 0.99])
33.3250 	EXP 	polygon: pos = array([0.99, 0.99])
33.3427 	EXP 	polygon: pos = array([0.99, 0.99])
33.3568 	EXP 	polygon: pos = array([0.99, 0.99])
33.3739 	EXP 	polygon: pos = array([0.99, 0.99])
33.3911 	EXP 	polygon: pos = array([0.99, 0.99])
33.4071 	EXP 	polygon: pos = array([0.99, 0.99])
33.4241 	EXP 	polygon: pos = array([0.99, 0.99])
33.4410 	EXP 	polygon: pos = array([0.99, 0.99])
33.4564 	EXP 	polygon: pos = array([0.99, 0.99])
33.4743 	EXP 	polygon: pos = array([0.99, 0.99])
33.4905 	EXP 	polygon: pos = array([0.99, 0.99])
33.5067 	EXP 	polygon: pos = array([0.99, 0.99])
33.5251 	EXP 	polygon: pos = array([0.99, 0.99])
33.5417 	EXP 	polygon: pos = array([0.99, 0.99])
33.5579 	EXP 	polygon: pos = array([0.99, 0.99])
33.5746 	EXP 	polygon: pos = array([0.99, 0.99])
33.5908 	EXP 	polygon: pos = array([0.99, 0.99])
33.6081 	EXP 	polygon: pos = array([0.99, 0.99])
33.6239 	EXP 	polygon: pos = array([0.99, 0.99])
33.6405 	EXP 	polygon: pos = array([0.99, 0.99])
33.6572 	EXP 	polygon: pos = array([0.99, 0.99])
33.6736 	EXP 	polygon: pos = array([0.99, 0.99])
33.6902 	EXP 	polygon: pos = array([0.99, 0.99])
33.7069 	EXP 	polygon: pos = array([0.99, 0.99])
33.7237 	EXP 	polygon: pos = array([0.99, 0.99])
33.7406 	EXP 	polygon: pos = array([0.99, 0.99])
33.7575 	EXP 	polygon: pos = array([0.99, 0.99])
33.7752 	EXP 	polygon: pos = array([0.99, 0.99])
33.7914 	EXP 	polygon: pos = array([0.99, 0.99])
33.8076 	EXP 	polygon: pos = array([0.99, 0.99])
33.8241 	EXP 	polygon: pos = array([0.99, 0.99])
33.8405 	EXP 	polygon: pos = array([0.99, 0.99])
33.8569 	EXP 	polygon: pos = array([0.99, 0.99])
33.8749 	EXP 	polygon: pos = array([0.99, 0.99])
33.8918 	EXP 	polygon: pos = array([0.99, 0.99])
33.9085 	EXP 	polygon: pos = array([0.99, 0.99])
33.9244 	EXP 	polygon: pos = array([0.99, 0.99])
33.9420 	EXP 	polygon: pos = array([0.99, 0.99])
33.9582 	EXP 	polygon: pos = array([0.99, 0.99])
33.9749 	EXP 	polygon: pos = array([0.99, 0.99])
33.9913 	EXP 	polygon: pos = array([0.99, 0.99])
34.0075 	EXP 	polygon: pos = array([0.99, 0.99])
34.0238 	EXP 	polygon: pos = array([0.99, 0.99])
34.0400 	EXP 	polygon: pos = array([0.99, 0.99])
34.0563 	EXP 	polygon: pos = array([0.99, 0.99])
34.0735 	EXP 	polygon: pos = array([0.99, 0.99])
34.0905 	EXP 	polygon: pos = array([0.99, 0.99])
34.1087 	EXP 	polygon: pos = array([0.99, 0.99])
34.1242 	EXP 	polygon: pos = array([0.99, 0.99])
34.1410 	EXP 	polygon: pos = array([0.99, 0.99])
34.1579 	EXP 	polygon: pos = array([0.99, 0.99])
34.1748 	EXP 	polygon: pos = array([0.99, 0.99])
34.1911 	EXP 	polygon: pos = array([0.99, 0.99])
34.2075 	EXP 	polygon: pos = array([0.99, 0.99])
34.2233 	EXP 	polygon: pos = array([0.99, 0.99])
34.2405 	EXP 	polygon: pos = array([0.99, 0.99])
34.2571 	EXP 	polygon: pos = array([0.99, 0.99])
34.2738 	EXP 	polygon: pos = array([0.99, 0.99])
34.2906 	EXP 	polygon: pos = array([0.99, 0.99])
34.3074 	EXP 	polygon: pos = array([0.99, 0.99])
34.3246 	EXP 	polygon: pos = array([0.99, 0.99])
34.3414 	EXP 	polygon: pos = array([0.99, 0.99])
34.3583 	EXP 	polygon: pos = array([0.99, 0.99])
34.3746 	EXP 	polygon: pos = array([0.99, 0.99])
34.3914 	EXP 	polygon: pos = array([0.99, 0.99])
34.4074 	EXP 	polygon: pos = array([0.99, 0.99])
34.4240 	EXP 	polygon: pos = array([0.99, 0.99])
34.4420 	EXP 	polygon: pos = array([0.99, 0.99])
34.4590 	EXP 	polygon: pos = array([0.99, 0.99])
34.4747 	EXP 	polygon: pos = array([0.99, 0.99])
34.4923 	EXP 	polygon: pos = array([0.99, 0.99])
34.5086 	EXP 	polygon: pos = array([0.99, 0.99])
34.5248 	EXP 	polygon: pos = array([0.99, 0.99])
34.5422 	EXP 	polygon: pos = array([0.99, 0.99])
34.5583 	EXP 	polygon: pos = array([0.99, 0.99])
34.5745 	EXP 	polygon: pos = array([0.99, 0.99])
34.5909 	EXP 	polygon: pos = array([0.99, 0.99])
34.6074 	EXP 	polygon: pos = array([0.99, 0.99])
34.6245 	EXP 	polygon: pos = array([0.99, 0.99])
34.6412 	EXP 	polygon: pos = array([0.99, 0.99])
34.6580 	EXP 	polygon: pos = array([0.99, 0.99])
34.6747 	EXP 	polygon: pos = array([0.99, 0.99])
34.6925 	EXP 	polygon: pos = array([0.99, 0.99])
34.7091 	EXP 	polygon: pos = array([0.99, 0.99])
34.8045 	EXP 	polygon: pos = array([0.99, 0.99])
34.8172 	EXP 	polygon: pos = array([0.99, 0.99])
34.8296 	EXP 	polygon: pos = array([0.99, 0.99])
34.8438 	EXP 	polygon: pos = array([0.99, 0.99])
34.8589 	EXP 	polygon: pos = array([0.99, 0.99])
34.8755 	EXP 	polygon: pos = array([0.99, 0.99])
34.8918 	EXP 	polygon: pos = array([0.99, 0.99])
34.9090 	EXP 	polygon: pos = array([0.99, 0.99])
34.9257 	EXP 	polygon: pos = array([0.99, 0.99])
34.9414 	EXP 	polygon: pos = array([0.99, 0.99])
34.9587 	EXP 	polygon: pos = array([0.99, 0.99])
34.9752 	EXP 	polygon: pos = array([0.99, 0.99])
34.9921 	EXP 	polygon: pos = array([0.99, 0.99])
35.0077 	EXP 	polygon: pos = array([0.99, 0.99])
35.0263 	EXP 	polygon: pos = array([0.99, 0.99])
35.0417 	EXP 	polygon: pos = array([0.99, 0.99])
35.0592 	EXP 	polygon: pos = array([0.99, 0.99])
35.0757 	EXP 	polygon: pos = array([0.99, 0.99])
35.0916 	EXP 	polygon: pos = array([0.99, 0.99])
35.1089 	EXP 	polygon: pos = array([0.99, 0.99])
35.1258 	EXP 	polygon: pos = array([0.99, 0.99])
35.1416 	EXP 	polygon: pos = array([0.99, 0.99])
35.1578 	EXP 	polygon: pos = array([0.99, 0.99])
35.1753 	EXP 	polygon: pos = array([0.99, 0.99])
35.1909 	EXP 	polygon: pos = array([0.99, 0.99])
35.2089 	EXP 	polygon: pos = array([0.99, 0.99])
35.2250 	EXP 	polygon: pos = array([0.99, 0.99])
35.2425 	EXP 	polygon: pos = array([0.99, 0.99])
35.2587 	EXP 	polygon: pos = array([0.99, 0.99])
35.2759 	EXP 	polygon: pos = array([0.99, 0.99])
35.2916 	EXP 	polygon: pos = array([0.99, 0.99])
35.3087 	EXP 	polygon: pos = array([0.99, 0.99])
35.3251 	EXP 	polygon: pos = array([0.99, 0.99])
35.3415 	EXP 	polygon: pos = array([0.99, 0.99])
35.4609 	EXP 	polygon: pos = array([0.99, 0.99])
35.4757 	EXP 	polygon: pos = array([0.99, 0.99])
35.4922 	EXP 	polygon: pos = array([0.99, 0.99])
35.5083 	EXP 	polygon: pos = array([0.99, 0.99])
35.5253 	EXP 	polygon: pos = array([0.99, 0.99])
35.5414 	EXP 	polygon: pos = array([0.99, 0.99])
35.6279 	EXP 	polygon: pos = array([0.99, 0.99])
35.6437 	EXP 	polygon: pos = array([0.99, 0.99])
35.6590 	EXP 	polygon: pos = array([0.99, 0.99])
35.6756 	EXP 	polygon: pos = array([0.99, 0.99])
35.7665 	EXP 	polygon: pos = array([0.99, 0.99])
35.7789 	EXP 	polygon: pos = array([0.99, 0.99])
35.7935 	EXP 	polygon: pos = array([0.99, 0.99])
35.8091 	EXP 	polygon: pos = array([0.99, 0.99])
35.8262 	EXP 	polygon: pos = array([0.99, 0.99])
35.8426 	EXP 	polygon: pos = array([0.99, 0.99])
35.9307 	EXP 	polygon: pos = array([0.99, 0.99])
35.9433 	EXP 	polygon: pos = array([0.99, 0.99])
35.9572 	EXP 	polygon: pos = array([0.99, 0.99])
35.9751 	EXP 	polygon: pos = array([0.99, 0.99])
35.9918 	EXP 	polygon: pos = array([0.99, 0.99])
36.0101 	EXP 	polygon: pos = array([0.99, 0.99])
36.0984 	EXP 	polygon: pos = array([0.99, 0.99])
36.1122 	EXP 	polygon: pos = array([0.99, 0.99])
36.1264 	EXP 	polygon: pos = array([0.99, 0.99])
36.1419 	EXP 	polygon: pos = array([0.99, 0.99])
36.1582 	EXP 	polygon: pos = array([0.99, 0.99])
36.2501 	EXP 	polygon: pos = array([0.99, 0.99])
36.2623 	EXP 	polygon: pos = array([0.99, 0.99])
36.2760 	EXP 	polygon: pos = array([0.99, 0.99])
36.2916 	EXP 	polygon: pos = array([0.99, 0.99])
36.3084 	EXP 	polygon: pos = array([0.99, 0.99])
36.3249 	EXP 	polygon: pos = array([0.99, 0.99])
36.4174 	EXP 	polygon: pos = array([0.99, 0.99])
36.4308 	EXP 	polygon: pos = array([0.99, 0.99])
36.4561 	EXP 	polygon: pos = array([0.99, 0.99])
36.4758 	EXP 	polygon: pos = array([0.99, 0.99])
36.5843 	EXP 	polygon: pos = array([0.99, 0.99])
36.5970 	EXP 	polygon: pos = array([0.99, 0.99])
36.6229 	EXP 	polygon: pos = array([0.99, 0.99])
36.6420 	EXP 	polygon: pos = array([0.99, 0.99])
36.7477 	EXP 	polygon: pos = array([0.99, 0.99])
36.7614 	EXP 	polygon: pos = array([0.99, 0.99])
36.7759 	EXP 	polygon: pos = array([0.99, 0.99])
36.7921 	EXP 	polygon: pos = array([0.99, 0.99])
36.8089 	EXP 	polygon: pos = array([0.99, 0.99])
36.8258 	EXP 	polygon: pos = array([0.99, 0.99])
36.8423 	EXP 	polygon: pos = array([0.99, 0.99])
36.8600 	EXP 	polygon: pos = array([0.99, 0.99])
36.8766 	EXP 	polygon: pos = array([0.99, 0.99])
36.8932 	EXP 	polygon: pos = array([0.99, 0.99])
36.9099 	EXP 	polygon: pos = array([0.99, 0.99])
36.9257 	EXP 	polygon: pos = array([0.99, 0.99])
36.9430 	EXP 	polygon: pos = array([0.99, 0.99])
36.9595 	EXP 	polygon: pos = array([0.99, 0.99])
36.9762 	EXP 	polygon: pos = array([0.99, 0.99])
36.9924 	EXP 	polygon: pos = array([0.99, 0.99])
37.0092 	EXP 	polygon: pos = array([0.99, 0.99])
37.0272 	EXP 	polygon: pos = array([0.99, 0.99])
37.0419 	EXP 	polygon: pos = array([0.99, 0.99])
37.0587 	EXP 	polygon: pos = array([0.99, 0.99])
37.0758 	EXP 	polygon: pos = array([0.99, 0.99])
37.0927 	EXP 	polygon: pos = array([0.99, 0.99])
37.1089 	EXP 	polygon: pos = array([0.99, 0.99])
37.1256 	EXP 	polygon: pos = array([0.99, 0.99])
37.1424 	EXP 	polygon: pos = array([0.99, 0.99])
37.1596 	EXP 	polygon: pos = array([0.99, 0.99])
37.1760 	EXP 	polygon: pos = array([0.99, 0.99])
37.1922 	EXP 	polygon: pos = array([0.99, 0.99])
37.2087 	EXP 	polygon: pos = array([0.99, 0.99])
37.2253 	EXP 	polygon: pos = array([0.99, 0.99])
37.2418 	EXP 	polygon: pos = array([0.99, 0.99])
37.2586 	EXP 	polygon: pos = array([0.99, 0.99])
37.2755 	EXP 	polygon: pos = array([0.99, 0.99])
37.2922 	EXP 	polygon: pos = array([0.99, 0.99])
37.3080 	EXP 	polygon: pos = array([0.99, 0.99])
37.3266 	EXP 	polygon: pos = array([0.99, 0.99])
37.3431 	EXP 	polygon: pos = array([0.99, 0.99])
37.3594 	EXP 	polygon: pos = array([0.99, 0.99])
37.3767 	EXP 	polygon: pos = array([0.99, 0.99])
37.3936 	EXP 	polygon: pos = array([0.99, 0.99])
37.4101 	EXP 	polygon: pos = array([0.99, 0.99])
37.4266 	EXP 	polygon: pos = array([0.99, 0.99])
37.4434 	EXP 	polygon: pos = array([0.99, 0.99])
37.4593 	EXP 	polygon: pos = array([0.99, 0.99])
37.4757 	EXP 	polygon: pos = array([0.99, 0.99])
37.4922 	EXP 	polygon: pos = array([0.99, 0.99])
37.5087 	EXP 	polygon: pos = array([0.99, 0.99])
37.5254 	EXP 	polygon: pos = array([0.99, 0.99])
37.5421 	EXP 	polygon: pos = array([0.99, 0.99])
37.5589 	EXP 	polygon: pos = array([0.99, 0.99])
37.5759 	EXP 	polygon: pos = array([0.99, 0.99])
37.5927 	EXP 	polygon: pos = array([0.99, 0.99])
37.6093 	EXP 	polygon: pos = array([0.99, 0.99])
37.6257 	EXP 	polygon: pos = array([0.99, 0.99])
37.6425 	EXP 	polygon: pos = array([0.99, 0.99])
37.6589 	EXP 	polygon: pos = array([0.99, 0.99])
37.6762 	EXP 	polygon: pos = array([0.99, 0.99])
37.6923 	EXP 	polygon: pos = array([0.99, 0.99])
37.7086 	EXP 	polygon: pos = array([0.99, 0.99])
37.7255 	EXP 	polygon: pos = array([0.99, 0.99])
37.7421 	EXP 	polygon: pos = array([0.99, 0.99])
37.7588 	EXP 	polygon: pos = array([0.99, 0.99])
37.7762 	EXP 	polygon: pos = array([0.99, 0.99])
37.7930 	EXP 	polygon: pos = array([0.99, 0.99])
37.8095 	EXP 	polygon: pos = array([0.99, 0.99])
37.8264 	EXP 	polygon: pos = array([0.99, 0.99])
37.8427 	EXP 	polygon: pos = array([0.99, 0.99])
37.8591 	EXP 	polygon: pos = array([0.99, 0.99])
37.8755 	EXP 	polygon: pos = array([0.99, 0.99])
37.8922 	EXP 	polygon: pos = array([0.99, 0.99])
37.9088 	EXP 	polygon: pos = array([0.99, 0.99])
37.9254 	EXP 	polygon: pos = array([0.99, 0.99])
37.9424 	EXP 	polygon: pos = array([0.99, 0.99])
37.9594 	EXP 	polygon: pos = array([0.99, 0.99])
37.9761 	EXP 	polygon: pos = array([0.99, 0.99])
37.9927 	EXP 	polygon: pos = array([0.99, 0.99])
38.0104 	EXP 	polygon: pos = array([0.99, 0.99])
38.0258 	EXP 	polygon: pos = array([0.99, 0.99])
38.0426 	EXP 	polygon: pos = array([0.99, 0.99])
38.0586 	EXP 	polygon: pos = array([0.99, 0.99])
38.0767 	EXP 	polygon: pos = array([0.99, 0.99])
38.0920 	EXP 	polygon: pos = array([0.99, 0.99])
38.1094 	EXP 	polygon: pos = array([0.99, 0.99])
38.1257 	EXP 	polygon: pos = array([0.99, 0.99])
38.1426 	EXP 	polygon: pos = array([0.99, 0.99])
38.1596 	EXP 	polygon: pos = array([0.99, 0.99])
38.1763 	EXP 	polygon: pos = array([0.99, 0.99])
38.1929 	EXP 	polygon: pos = array([0.99, 0.99])
38.2098 	EXP 	polygon: pos = array([0.99, 0.99])
38.2260 	EXP 	polygon: pos = array([0.99, 0.99])
38.2426 	EXP 	polygon: pos = array([0.99, 0.99])
38.2605 	EXP 	polygon: pos = array([0.99, 0.99])
38.2761 	EXP 	polygon: pos = array([0.99, 0.99])
38.2940 	EXP 	polygon: pos = array([0.99, 0.99])
38.3104 	EXP 	polygon: pos = array([0.99, 0.99])
38.3270 	EXP 	polygon: pos = array([0.99, 0.99])
38.3438 	EXP 	polygon: pos = array([0.99, 0.99])
38.3599 	EXP 	polygon: pos = array([0.99, 0.99])
38.3762 	EXP 	polygon: pos = array([0.99, 0.99])
38.3932 	EXP 	polygon: pos = array([0.99, 0.99])
38.4100 	EXP 	polygon: pos = array([0.99, 0.99])
38.4260 	EXP 	polygon: pos = array([0.99, 0.99])
38.4443 	EXP 	polygon: pos = array([0.99, 0.99])
38.4603 	EXP 	polygon: pos = array([0.99, 0.99])
38.4775 	EXP 	polygon: pos = array([0.99, 0.99])
38.4938 	EXP 	polygon: pos = array([0.99, 0.99])
38.5104 	EXP 	polygon: pos = array([0.99, 0.99])
38.5273 	EXP 	polygon: pos = array([0.99, 0.99])
38.5432 	EXP 	polygon: pos = array([0.99, 0.99])
38.5597 	EXP 	polygon: pos = array([0.99, 0.99])
38.5762 	EXP 	polygon: pos = array([0.99, 0.99])
38.5931 	EXP 	polygon: pos = array([0.99, 0.99])
38.6093 	EXP 	polygon: pos = array([0.99, 0.99])
38.6260 	EXP 	polygon: pos = array([0.99, 0.99])
38.6426 	EXP 	polygon: pos = array([0.99, 0.99])
38.6592 	EXP 	polygon: pos = array([0.99, 0.99])
38.6761 	EXP 	polygon: pos = array([0.99, 0.99])
38.6928 	EXP 	polygon: pos = array([0.99, 0.99])
38.7100 	EXP 	polygon: pos = array([0.99, 0.99])
38.7273 	EXP 	polygon: pos = array([0.99, 0.99])
38.7437 	EXP 	polygon: pos = array([0.99, 0.99])
38.7600 	EXP 	polygon: pos = array([0.99, 0.99])
38.7763 	EXP 	polygon: pos = array([0.99, 0.99])
38.7928 	EXP 	polygon: pos = array([0.99, 0.99])
38.8093 	EXP 	polygon: pos = array([0.99, 0.99])
38.8267 	EXP 	polygon: pos = array([0.99, 0.99])
38.8444 	EXP 	polygon: pos = array([0.99, 0.99])
38.8605 	EXP 	polygon: pos = array([0.99, 0.99])
38.8777 	EXP 	polygon: pos = array([0.99, 0.99])
38.8938 	EXP 	polygon: pos = array([0.99, 0.99])
38.9100 	EXP 	polygon: pos = array([0.99, 0.99])
38.9264 	EXP 	polygon: pos = array([0.99, 0.99])
38.9436 	EXP 	polygon: pos = array([0.99, 0.99])
38.9596 	EXP 	polygon: pos = array([0.99, 0.99])
38.9763 	EXP 	polygon: pos = array([0.99, 0.99])
38.9929 	EXP 	polygon: pos = array([0.99, 0.99])
39.0094 	EXP 	polygon: pos = array([0.99, 0.99])
39.0285 	EXP 	polygon: pos = array([0.99, 0.99])
39.0438 	EXP 	polygon: pos = array([0.99, 0.99])
39.0612 	EXP 	polygon: pos = array([0.99, 0.99])
39.0773 	EXP 	polygon: pos = array([0.99, 0.99])
39.0934 	EXP 	polygon: pos = array([0.99, 0.99])
39.1102 	EXP 	polygon: pos = array([0.99, 0.99])
39.1127 	DATA 	Keypress: escape
39.1409 	EXP 	window1: mouseVisible = True
