7.8964 	EXP 	Created window1 = Window(allowGUI=True, allowStencil=False, autoLog=True, backendConf=UNKNOWN, bitsMode=UNKNOWN, blendMode='avg', bpc=(8, 8, 8), color=array([0, 0, 0]), colorSpace='rgb', depthBits=8, fullscr=<method-wrapper '__getattribute__' of attributeSetter object at 0x7fa4288ffba8>, gamma=None, gammaErrorPolicy='raise', lms=UNKNOWN, monitor=<psychopy.monitors.calibTools.Monitor object at 0x7fa427f252b0>, multiSample=False, name='window1', numSamples=2, pos=[477.5, 237.5], screen=0, size=array([1300, 1300]), stencilBits=0, stereo=False, units='norm', useFBO=True, useRetina=True, viewOri=0.0, viewPos=None, viewScale=None, waitBlanking=True, winType='pyglet')
7.8965 	EXP 	window1: mouseVisible = True
7.8966 	EXP 	window1: recordFrameIntervals = False
8.0637 	EXP 	window1: recordFrameIntervals = True
8.2026 	WARNING 	t of last frame was 21.38ms (=1/46)
8.3819 	EXP 	window1: recordFrameIntervals = False
8.3934 	EXP 	Created target = Circle(__class__=<class 'psychopy.visual.circle.Circle'>, autoDraw=False, autoLog=True, closeShape=True, color=method-wrapper(...), colorSpace='rgb', contrast=None, depth=-1.0, fillColor=array([ 1, -1, -1]), fillColorSpace='rgb', fillRGB=array([ 1, -1, -1]), interpolate=True, lineColor=array([0., 0., 0.]), lineColorSpace='rgb', lineRGB=array([0, 0, 0]), lineWidth=1.5, name='target', opacity=0.25, ori=0.0, pos=array([0., 0.]), size=array([1., 1.]), units='norm', vertices=ndarray(...), win=Window(...))
8.3964 	EXP 	Created polygon = ShapeStim(__class__=<class 'psychopy.visual.shape.ShapeStim'>, autoDraw=False, autoLog=True, closeShape=True, color=method-wrapper(...), colorSpace='rgb', contrast=None, depth=0.0, fillColor=array([-1., -1., -1.]), fillColorSpace='rgb', fillRGB=array([-1., -1., -1.]), interpolate=True, lineColor=array([1., 1., 1.]), lineColorSpace='rgb', lineRGB=array([1, 1, 1]), lineWidth=1, name='polygon', opacity=1, ori=0.0, pos=array([0., 0.]), size=array([0.075, 0.075]), units='norm', vertices=ndarray(...), win=Window(...), windingRule=None)
8.5979 	EXP 	Created unnamed TextStim = TextStim(__class__=<class 'psychopy.visual.text.TextStim'>, alignHoriz=method-wrapper(...), alignText='center', alignVert=method-wrapper(...), anchorHoriz='center', anchorVert='center', antialias=True, autoLog=True, bold=False, color=array([1., 1., 1.]), colorSpace='rgb', contrast=1.0, depth=0, flipHoriz=False, flipVert=False, font='', fontFiles=[], height=0.1, italic=False, languageStyle='LTR', name='unnamed TextStim', opacity=1.0, ori=0.0, pos=array([0., 0.]), rgb=UNKNOWN, text=str(...), units='norm', win=Window(...), wrapWidth=1)
12.8414 	DATA 	Keypress: space
12.8846 	EXP 	unnamed TextStim: text = 'Now squeeze the Right sensor as hard as you comfortably can\nPress Space bar when done'
14.1503 	DATA 	Keypress: space
14.1805 	EXP 	Created unnamed TextStim = TextStim(__class__=<class 'psychopy.visual.text.TextStim'>, alignHoriz=method-wrapper(...), alignText='center', alignVert=method-wrapper(...), anchorHoriz='center', anchorVert='center', antialias=True, autoLog=True, bold=False, color=array([1., 1., 1.]), colorSpace='rgb', contrast=1.0, depth=0, flipHoriz=False, flipVert=False, font='', fontFiles=[], height=0.075, italic=False, languageStyle='LTR', name='unnamed TextStim', opacity=1.0, ori=0.0, pos=array([0., 0.]), rgb=UNKNOWN, text=str(...), units='norm', win=Window(...), wrapWidth=1)
14.1946 	EXP 	unnamed TextStim: autoDraw = True
14.1946 	EXP 	polygon: autoDraw = True
14.1946 	EXP 	polygon: pos = array([0.10247312, 0.99      ])
14.2119 	EXP 	polygon: pos = array([0.10247312, 0.99      ])
14.2285 	EXP 	polygon: pos = array([0.10247312, 0.99      ])
14.2447 	EXP 	polygon: pos = array([0.10247312, 0.99      ])
14.2618 	EXP 	polygon: pos = array([0.10247312, 0.99      ])
14.2782 	EXP 	polygon: pos = array([0.10247312, 0.99      ])
14.2952 	EXP 	polygon: pos = array([0.10247312, 0.99      ])
14.3118 	EXP 	polygon: pos = array([0.10247312, 0.99      ])
14.3279 	EXP 	polygon: pos = array([0.10247312, 0.99      ])
14.3451 	EXP 	polygon: pos = array([0.10247312, 0.99      ])
14.3620 	EXP 	polygon: pos = array([0.10247312, 0.99      ])
14.3788 	EXP 	polygon: pos = array([0.10247312, 0.99      ])
14.3956 	EXP 	polygon: pos = array([0.10247312, 0.99      ])
14.4120 	EXP 	polygon: pos = array([0.10247312, 0.99      ])
14.4287 	EXP 	polygon: pos = array([0.10247312, 0.99      ])
14.4453 	EXP 	polygon: pos = array([0.10247312, 0.99      ])
14.4619 	EXP 	polygon: pos = array([0.10247312, 0.99      ])
14.4785 	EXP 	polygon: pos = array([0.10247312, 0.99      ])
14.4960 	EXP 	polygon: pos = array([0.10247312, 0.99      ])
14.5106 	EXP 	polygon: pos = array([0.10247312, 0.99      ])
14.5272 	EXP 	polygon: pos = array([0.10247312, 0.99      ])
14.5464 	EXP 	polygon: pos = array([0.10247312, 0.99      ])
14.5605 	EXP 	polygon: pos = array([0.10247312, 0.99      ])
14.5775 	EXP 	polygon: pos = array([0.10247312, 0.99      ])
14.5941 	EXP 	polygon: pos = array([0.10247312, 0.99      ])
14.6122 	EXP 	polygon: pos = array([0.10247312, 0.99      ])
14.6288 	EXP 	polygon: pos = array([0.10247312, 0.99      ])
14.6453 	EXP 	polygon: pos = array([0.10247312, 0.99      ])
14.6620 	EXP 	polygon: pos = array([0.10247312, 0.99      ])
14.6785 	EXP 	polygon: pos = array([0.10247312, 0.99      ])
14.6955 	EXP 	polygon: pos = array([0.10247312, 0.99      ])
14.7126 	EXP 	polygon: pos = array([0.10247312, 0.99      ])
14.7287 	EXP 	polygon: pos = array([0.10247312, 0.99      ])
14.7444 	EXP 	polygon: pos = array([0.10247312, 0.99      ])
14.7608 	EXP 	polygon: pos = array([0.10247312, 0.99      ])
14.7779 	EXP 	polygon: pos = array([0.10247312, 0.99      ])
14.7945 	EXP 	polygon: pos = array([0.10247312, 0.99      ])
14.8109 	EXP 	polygon: pos = array([0.10247312, 0.99      ])
14.8276 	EXP 	polygon: pos = array([0.10247312, 0.99      ])
14.8444 	EXP 	polygon: pos = array([0.10247312, 0.99      ])
14.8612 	EXP 	polygon: pos = array([0.10247312, 0.99      ])
14.8833 	EXP 	polygon: pos = array([0.10247312, 0.99      ])
14.9007 	EXP 	polygon: pos = array([0.10247312, 0.99      ])
14.9158 	EXP 	polygon: pos = array([0.10247312, 0.99      ])
14.9298 	EXP 	polygon: pos = array([0.10247312, 0.99      ])
14.9455 	EXP 	polygon: pos = array([0.10247312, 0.99      ])
14.9641 	EXP 	polygon: pos = array([0.10247312, 0.99      ])
14.9792 	EXP 	polygon: pos = array([0.10247312, 0.99      ])
14.9956 	EXP 	polygon: pos = array([0.10247312, 0.99      ])
15.0124 	EXP 	polygon: pos = array([0.10247312, 0.99      ])
15.0292 	EXP 	polygon: pos = array([0.10247312, 0.99      ])
15.0455 	EXP 	polygon: pos = array([0.10247312, 0.99      ])
15.0626 	EXP 	polygon: pos = array([0.10247312, 0.99      ])
15.0793 	EXP 	polygon: pos = array([0.10247312, 0.99      ])
15.0955 	EXP 	polygon: pos = array([0.10247312, 0.99      ])
15.1114 	EXP 	polygon: pos = array([0.10247312, 0.99      ])
15.1282 	EXP 	polygon: pos = array([0.10247312, 0.99      ])
15.1450 	EXP 	polygon: pos = array([0.10247312, 0.99      ])
15.1613 	EXP 	polygon: pos = array([0.10247312, 0.99      ])
15.1779 	EXP 	polygon: pos = array([0.10247312, 0.99      ])
15.1944 	EXP 	polygon: pos = array([0.10247312, 0.99      ])
15.2113 	EXP 	polygon: pos = array([0.10247312, 0.99      ])
15.2279 	EXP 	polygon: pos = array([0.10247312, 0.99      ])
15.2450 	EXP 	polygon: pos = array([0.10247312, 0.99      ])
15.2624 	EXP 	polygon: pos = array([0.10247312, 0.99      ])
15.2788 	EXP 	polygon: pos = array([0.10247312, 0.99      ])
15.2955 	EXP 	polygon: pos = array([0.10247312, 0.99      ])
15.3115 	EXP 	polygon: pos = array([0.10247312, 0.99      ])
15.3291 	EXP 	polygon: pos = array([0.10247312, 0.99      ])
15.3460 	EXP 	polygon: pos = array([0.10247312, 0.99      ])
15.3620 	EXP 	polygon: pos = array([0.10247312, 0.99      ])
15.3790 	EXP 	polygon: pos = array([0.10247312, 0.99      ])
15.3961 	EXP 	polygon: pos = array([0.10247312, 0.99      ])
15.4119 	EXP 	polygon: pos = array([0.10247312, 0.99      ])
15.4282 	EXP 	polygon: pos = array([0.10247312, 0.99      ])
15.4451 	EXP 	polygon: pos = array([0.10247312, 0.99      ])
15.4619 	EXP 	polygon: pos = array([0.10247312, 0.99      ])
15.4792 	EXP 	polygon: pos = array([0.10247312, 0.99      ])
15.4950 	EXP 	polygon: pos = array([0.10247312, 0.99      ])
15.5116 	EXP 	polygon: pos = array([0.10247312, 0.99      ])
15.5283 	EXP 	polygon: pos = array([0.10247312, 0.99      ])
15.5449 	EXP 	polygon: pos = array([0.10247312, 0.99      ])
15.5614 	EXP 	polygon: pos = array([0.10247312, 0.99      ])
15.5791 	EXP 	polygon: pos = array([0.10247312, 0.99      ])
15.5950 	EXP 	polygon: pos = array([0.10247312, 0.99      ])
15.6114 	EXP 	polygon: pos = array([0.10247312, 0.99      ])
15.6286 	EXP 	polygon: pos = array([0.10247312, 0.99      ])
15.6452 	EXP 	polygon: pos = array([0.10247312, 0.99      ])
15.6632 	EXP 	polygon: pos = array([0.10247312, 0.99      ])
15.6782 	EXP 	polygon: pos = array([0.10247312, 0.99      ])
15.6954 	EXP 	polygon: pos = array([0.17129032, 0.99      ])
15.7112 	EXP 	polygon: pos = array([0.2444086, 0.99     ])
15.7282 	EXP 	polygon: pos = array([0.34548387, 0.99      ])
15.7460 	EXP 	polygon: pos = array([0.41860215, 0.99      ])
15.7628 	EXP 	polygon: pos = array([0.45516129, 0.99      ])
15.7797 	EXP 	polygon: pos = array([0.57344086, 0.99      ])
15.7962 	EXP 	polygon: pos = array([0.6444086, 0.99     ])
15.8126 	EXP 	polygon: pos = array([0.71537634, 0.99      ])
15.8295 	EXP 	polygon: pos = array([0.7583871, 0.99     ])
15.8460 	EXP 	polygon: pos = array([0.80139785, 0.99      ])
15.8625 	EXP 	polygon: pos = array([0.86376344, 0.87054688])
15.8791 	EXP 	polygon: pos = array([0.92397849, 0.7975    ])
15.8979 	EXP 	polygon: pos = array([0.96268817, 0.65140625])
15.9129 	EXP 	polygon: pos = array([0.96268817, 0.5396875 ])
15.9325 	EXP 	polygon: pos = array([0.9755914, 0.45375  ])
15.9458 	EXP 	polygon: pos = array([0.97989247, 0.45375   ])
15.9645 	EXP 	polygon: pos = array([0.99   , 0.45375])
15.9786 	EXP 	polygon: pos = array([0.99   , 0.45375])
15.9964 	EXP 	polygon: pos = array([0.99   , 0.45375])
16.0125 	EXP 	polygon: pos = array([0.8788172, 0.45375  ])
16.0293 	EXP 	polygon: pos = array([0.77774194, 0.45375   ])
16.0459 	EXP 	polygon: pos = array([0.73473118, 0.47953125])
16.0625 	EXP 	polygon: pos = array([0.72182796, 0.5396875 ])
16.0791 	EXP 	polygon: pos = array([0.72182796, 0.5740625 ])
16.0956 	EXP 	polygon: pos = array([0.72182796, 0.67289062])
16.1123 	EXP 	polygon: pos = array([0.6444086 , 0.85765625])
16.1284 	EXP 	polygon: pos = array([0.53258065, 0.99      ])
16.1463 	EXP 	polygon: pos = array([0.42505376, 0.99      ])
16.1618 	EXP 	polygon: pos = array([0.27021505, 0.99      ])
16.1786 	EXP 	polygon: pos = array([0.09602151, 0.99      ])
16.1956 	EXP 	polygon: pos = array([0.03365591, 0.99      ])
16.2123 	EXP 	polygon: pos = array([0.03365591, 0.99      ])
16.2286 	EXP 	polygon: pos = array([0.07236559, 0.99      ])
16.2455 	EXP 	polygon: pos = array([0.07236559, 0.99      ])
16.2619 	EXP 	polygon: pos = array([0.11107527, 0.99      ])
16.2785 	EXP 	polygon: pos = array([0.12397849, 0.99      ])
16.2950 	EXP 	polygon: pos = array([0.17129032, 0.99      ])
16.3116 	EXP 	polygon: pos = array([0.20139785, 0.99      ])
16.3284 	EXP 	polygon: pos = array([0.25301075, 0.99      ])
16.3453 	EXP 	polygon: pos = array([0.35623656, 0.99      ])
16.3622 	EXP 	polygon: pos = array([0.42505376, 0.99      ])
16.3791 	EXP 	polygon: pos = array([0.51107527, 0.99      ])
16.3955 	EXP 	polygon: pos = array([0.71967742, 0.99      ])
16.4124 	EXP 	polygon: pos = array([0.71967742, 0.99      ])
16.4285 	EXP 	polygon: pos = array([0.98634409, 0.99      ])
16.4459 	EXP 	polygon: pos = array([0.98634409, 0.99      ])
16.4628 	EXP 	polygon: pos = array([0.99, 0.99])
16.4787 	EXP 	polygon: pos = array([0.99, 0.99])
16.4953 	EXP 	polygon: pos = array([0.99, 0.99])
16.5118 	EXP 	polygon: pos = array([0.99, 0.99])
16.5287 	EXP 	polygon: pos = array([0.99, 0.99])
16.5463 	EXP 	polygon: pos = array([0.99, 0.99])
16.5634 	EXP 	polygon: pos = array([0.99, 0.99])
16.5791 	EXP 	polygon: pos = array([0.99, 0.99])
16.5959 	EXP 	polygon: pos = array([0.99, 0.99])
16.6129 	EXP 	polygon: pos = array([0.99, 0.99])
16.6287 	EXP 	polygon: pos = array([0.99, 0.99])
16.6456 	EXP 	polygon: pos = array([0.99, 0.99])
16.6622 	EXP 	polygon: pos = array([0.99     , 0.8834375])
16.6786 	EXP 	polygon: pos = array([0.99      , 0.62132813])
16.6953 	EXP 	polygon: pos = array([0.99     , 0.4021875])
16.7132 	EXP 	polygon: pos = array([0.99      , 0.18304687])
16.7286 	EXP 	polygon: pos = array([ 0.99     , -0.0103125])
16.7451 	EXP 	polygon: pos = array([ 0.99     , -0.0790625])
16.7618 	EXP 	polygon: pos = array([ 0.99    , -0.130625])
16.7783 	EXP 	polygon: pos = array([ 0.97129032, -0.130625  ])
16.7948 	EXP 	polygon: pos = array([ 0.77344086, -0.130625  ])
16.8115 	EXP 	polygon: pos = array([ 0.55623656, -0.130625  ])
16.8290 	EXP 	polygon: pos = array([ 0.27021505, -0.130625  ])
16.8463 	EXP 	polygon: pos = array([ 0.07451613, -0.130625  ])
16.8630 	EXP 	polygon: pos = array([-0.18354839, -0.0103125 ])
16.8794 	EXP 	polygon: pos = array([-0.34483871,  0.15296875])
16.8955 	EXP 	polygon: pos = array([-0.47817204,  0.31625   ])
16.9134 	EXP 	polygon: pos = array([-0.53408602,  0.44085937])
16.9294 	EXP 	polygon: pos = array([-0.53408602,  0.4709375 ])
16.9479 	EXP 	polygon: pos = array([-0.51473118,  0.488125  ])
16.9647 	EXP 	polygon: pos = array([-0.50827957,  0.5396875 ])
16.9805 	EXP 	polygon: pos = array([-0.50827957,  0.5740625 ])
16.9963 	EXP 	polygon: pos = array([-0.50827957,  0.6428125 ])
17.0133 	EXP 	polygon: pos = array([-0.50827957,  0.77171875])
17.0298 	EXP 	polygon: pos = array([-0.50827957,  0.87054688])
17.0458 	EXP 	polygon: pos = array([-0.50827957,  0.99      ])
17.0630 	EXP 	polygon: pos = array([-0.50827957,  0.99      ])
17.0799 	EXP 	polygon: pos = array([-0.50827957,  0.99      ])
17.0956 	EXP 	polygon: pos = array([-0.49537634,  0.99      ])
17.1132 	EXP 	polygon: pos = array([-0.4416129,  0.99     ])
17.1301 	EXP 	polygon: pos = array([-0.37064516,  0.99      ])
17.1465 	EXP 	polygon: pos = array([-0.28677419,  0.99      ])
17.1634 	EXP 	polygon: pos = array([-0.1727957,  0.99     ])
17.1803 	EXP 	polygon: pos = array([-0.08247312,  0.99      ])
17.1962 	EXP 	polygon: pos = array([0.02505376, 0.99      ])
17.2132 	EXP 	polygon: pos = array([0.10247312, 0.99      ])
17.2298 	EXP 	polygon: pos = array([0.17774194, 0.99      ])
17.2463 	EXP 	polygon: pos = array([0.28526882, 0.99      ])
17.2631 	EXP 	polygon: pos = array([0.38849462, 0.99      ])
17.2799 	EXP 	polygon: pos = array([0.45516129, 0.99      ])
17.2963 	EXP 	polygon: pos = array([0.48096774, 0.99      ])
17.3129 	EXP 	polygon: pos = array([0.49817204, 0.99      ])
17.3299 	EXP 	polygon: pos = array([0.49817204, 0.99      ])
17.3455 	EXP 	polygon: pos = array([0.49817204, 0.99      ])
17.3620 	EXP 	polygon: pos = array([0.43795699, 0.831875  ])
17.3791 	EXP 	polygon: pos = array([0.40354839, 0.78460937])
17.3955 	EXP 	polygon: pos = array([0.34548387, 0.66      ])
17.4124 	EXP 	polygon: pos = array([0.20139785, 0.5396875 ])
17.4298 	EXP 	polygon: pos = array([0.12612903, 0.5396875 ])
17.4465 	EXP 	polygon: pos = array([0.10247312, 0.5396875 ])
17.4631 	EXP 	polygon: pos = array([0.04010753, 0.5396875 ])
17.4799 	EXP 	polygon: pos = array([0.00354839, 0.5396875 ])
17.4967 	EXP 	polygon: pos = array([-0.07817204,  0.5396875 ])
17.5133 	EXP 	polygon: pos = array([-0.1211828,  0.5396875])
17.5302 	EXP 	polygon: pos = array([-0.16419355,  0.5396875 ])
17.5468 	EXP 	polygon: pos = array([-0.18784946,  0.5396875 ])
17.5638 	EXP 	polygon: pos = array([-0.23731183,  0.5396875 ])
17.5794 	EXP 	polygon: pos = array([-0.29322581,  0.5396875 ])
17.5966 	EXP 	polygon: pos = array([-0.33623656,  0.5396875 ])
17.6127 	EXP 	polygon: pos = array([-0.39215054,  0.5396875 ])
17.6294 	EXP 	polygon: pos = array([-0.4416129,  0.5396875])
17.6465 	EXP 	polygon: pos = array([-0.49967742,  0.5396875 ])
17.6632 	EXP 	polygon: pos = array([-0.53408602,  0.625625  ])
17.6796 	EXP 	polygon: pos = array([-0.59,  0.66])
17.6971 	EXP 	polygon: pos = array([-0.64591398,  0.7115625 ])
17.7139 	EXP 	polygon: pos = array([-0.67602151,  0.7459375 ])
17.7306 	EXP 	polygon: pos = array([-0.68892473,  0.7975    ])
17.7467 	EXP 	polygon: pos = array([-0.71258065,  0.831875  ])
17.7638 	EXP 	polygon: pos = array([-0.70612903,  0.8834375 ])
17.7804 	EXP 	polygon: pos = array([-0.73193548,  0.935     ])
17.7971 	EXP 	polygon: pos = array([-0.74483871,  0.99      ])
17.8133 	EXP 	polygon: pos = array([-0.77494624,  0.99      ])
17.8291 	EXP 	polygon: pos = array([-0.80075269,  0.99      ])
17.8455 	EXP 	polygon: pos = array([-0.81795699,  0.99      ])
17.8622 	EXP 	polygon: pos = array([-0.84376344,  0.99      ])
17.8790 	EXP 	polygon: pos = array([-0.87387097,  0.99      ])
17.8957 	EXP 	polygon: pos = array([-0.90397849,  0.935     ])
17.9121 	EXP 	polygon: pos = array([-0.91688172,  0.7975    ])
17.9292 	EXP 	polygon: pos = array([-0.9727957,  0.6428125])
17.9484 	EXP 	polygon: pos = array([-0.9727957,  0.5396875])
17.9683 	EXP 	polygon: pos = array([-0.9727957 ,  0.42796875])
17.9805 	EXP 	polygon: pos = array([-0.92978495,  0.2646875 ])
17.9972 	EXP 	polygon: pos = array([-0.88677419,  0.20453125])
18.0135 	EXP 	polygon: pos = array([-0.80935484,  0.1615625 ])
18.0304 	EXP 	polygon: pos = array([-0.68677419,  0.0928125 ])
18.0480 	EXP 	polygon: pos = array([-0.49322581,  0.006875  ])
18.0628 	EXP 	polygon: pos = array([-0.30397849, -0.0275    ])
18.0795 	EXP 	polygon: pos = array([-0.12978495, -0.0790625 ])
18.0971 	EXP 	polygon: pos = array([ 0.09602151, -0.0790625 ])
18.1130 	EXP 	polygon: pos = array([ 0.21645161, -0.0790625 ])
18.1306 	EXP 	polygon: pos = array([ 0.35193548, -0.0103125 ])
18.1472 	EXP 	polygon: pos = array([0.41860215, 0.22601562])
18.1639 	EXP 	polygon: pos = array([0.45516129, 0.6084375 ])
18.1802 	EXP 	polygon: pos = array([0.45516129, 0.83617188])
18.1971 	EXP 	polygon: pos = array([0.3927957, 0.99     ])
18.2137 	EXP 	polygon: pos = array([0.30247312, 0.99      ])
18.2300 	EXP 	polygon: pos = array([0.19064516, 0.99      ])
18.2469 	EXP 	polygon: pos = array([0.11107527, 0.99      ])
18.2635 	EXP 	polygon: pos = array([0.10247312, 0.99      ])
18.2797 	EXP 	polygon: pos = array([0.10247312, 0.99      ])
18.2972 	EXP 	polygon: pos = array([0.10247312, 0.99      ])
18.3140 	EXP 	polygon: pos = array([0.10247312, 0.99      ])
18.3304 	EXP 	polygon: pos = array([0.10247312, 0.99      ])
18.3468 	EXP 	polygon: pos = array([0.07666667, 0.99      ])
18.3639 	EXP 	polygon: pos = array([0.05946237, 0.99      ])
18.3805 	EXP 	polygon: pos = array([0.05946237, 0.99      ])
18.3970 	EXP 	polygon: pos = array([0.05946237, 0.99      ])
18.4139 	EXP 	polygon: pos = array([0.05301075, 0.99      ])
18.4305 	EXP 	polygon: pos = array([0.05946237, 0.99      ])
18.4476 	EXP 	polygon: pos = array([0.04010753, 0.99      ])
18.4630 	EXP 	polygon: pos = array([0.03365591, 0.99      ])
18.4806 	EXP 	polygon: pos = array([0.01645161, 0.99      ])
18.4968 	EXP 	polygon: pos = array([-0.00935484,  0.99      ])
18.5140 	EXP 	polygon: pos = array([-0.06526882,  0.99      ])
18.5306 	EXP 	polygon: pos = array([-0.12548387,  0.99      ])
18.5477 	EXP 	polygon: pos = array([-0.18139785,  0.99      ])
18.5645 	EXP 	polygon: pos = array([-0.29322581,  0.831875  ])
18.5804 	EXP 	polygon: pos = array([-0.38139785,  0.73734375])
18.5972 	EXP 	polygon: pos = array([-0.48892473,  0.625625  ])
18.6138 	EXP 	polygon: pos = array([-0.62225806,  0.5396875 ])
18.6303 	EXP 	polygon: pos = array([-0.70182796,  0.4021875 ])
18.6470 	EXP 	polygon: pos = array([-0.80075269,  0.2475    ])
18.6632 	EXP 	polygon: pos = array([-0.87387097,  0.11859375])
18.6806 	EXP 	polygon: pos = array([-0.90397849, -0.0103125 ])
18.6973 	EXP 	polygon: pos = array([-0.94913978, -0.0790625 ])
18.7141 	EXP 	polygon: pos = array([-0.99    , -0.130625])
18.7308 	EXP 	polygon: pos = array([-0.99    , -0.130625])
18.7475 	EXP 	polygon: pos = array([-0.99 , -0.165])
18.7642 	EXP 	polygon: pos = array([-0.99      , -0.17789062])
18.7807 	EXP 	polygon: pos = array([-0.99     , -0.2165625])
18.7975 	EXP 	polygon: pos = array([-0.99     , -0.2165625])
18.8137 	EXP 	polygon: pos = array([-0.99     , -0.2165625])
18.8305 	EXP 	polygon: pos = array([-0.99     , -0.2165625])
18.8475 	EXP 	polygon: pos = array([-0.99     , -0.2165625])
18.8636 	EXP 	polygon: pos = array([-0.97924731, -0.2509375 ])
18.8810 	EXP 	polygon: pos = array([-0.91043011, -0.336875  ])
18.8968 	EXP 	polygon: pos = array([-0.86096774, -0.41421875])
18.9146 	EXP 	polygon: pos = array([-0.78784946, -0.474375  ])
18.9297 	EXP 	polygon: pos = array([-0.69322581, -0.5603125 ])
18.9465 	EXP 	polygon: pos = array([-0.53408602, -0.70640625])
18.9641 	EXP 	polygon: pos = array([-0.48892473, -0.75796875])
18.9798 	EXP 	polygon: pos = array([-0.3555914, -0.886875 ])
18.9960 	EXP 	polygon: pos = array([-0.26741935, -0.955625  ])
19.0127 	EXP 	polygon: pos = array([-0.2072043, -0.99     ])
19.0300 	EXP 	polygon: pos = array([-0.1727957, -0.99     ])
19.0474 	EXP 	polygon: pos = array([-0.1211828, -0.99     ])
19.0637 	EXP 	polygon: pos = array([-0.11473118, -0.99      ])
19.0807 	EXP 	polygon: pos = array([-0.09537634, -0.99      ])
19.0976 	EXP 	polygon: pos = array([-0.10182796, -0.99      ])
19.1144 	EXP 	polygon: pos = array([-0.10182796, -0.99      ])
19.1313 	EXP 	polygon: pos = array([-0.09537634, -0.99      ])
19.1474 	EXP 	polygon: pos = array([-0.1211828, -0.99     ])
19.1641 	EXP 	polygon: pos = array([-0.1211828, -0.99     ])
19.1807 	EXP 	polygon: pos = array([-0.12548387, -0.99      ])
19.1973 	EXP 	polygon: pos = array([-0.1383871, -0.99     ])
19.2141 	EXP 	polygon: pos = array([-0.1383871, -0.99     ])
19.2307 	EXP 	polygon: pos = array([-0.1383871, -0.99     ])
19.2475 	EXP 	polygon: pos = array([-0.1727957, -0.99     ])
19.2640 	EXP 	polygon: pos = array([-0.18139785, -0.99      ])
19.2811 	EXP 	polygon: pos = array([-0.18139785, -0.99      ])
19.3004 	EXP 	polygon: pos = array([-0.18139785, -0.89546875])
19.3137 	EXP 	polygon: pos = array([-0.21150538, -0.818125  ])
19.3303 	EXP 	polygon: pos = array([-0.2244086 , -0.70640625])
19.3479 	EXP 	polygon: pos = array([-0.2244086, -0.64625  ])
19.3641 	EXP 	polygon: pos = array([-0.2244086, -0.5603125])
19.3810 	EXP 	polygon: pos = array([-0.2244086 , -0.41421875])
19.3973 	EXP 	polygon: pos = array([-0.18139785, -0.26382813])
19.4142 	EXP 	polygon: pos = array([-0.18139785, -0.19078125])
19.4309 	EXP 	polygon: pos = array([-0.16849462, -0.11773438])
19.4478 	EXP 	polygon: pos = array([-0.16419355,  0.006875  ])
19.4640 	EXP 	polygon: pos = array([-0.16419355,  0.11859375])
19.4811 	EXP 	polygon: pos = array([-0.16419355,  0.27757813])
19.4980 	EXP 	polygon: pos = array([-0.16419355,  0.42796875])
19.5150 	EXP 	polygon: pos = array([-0.14483871,  0.51390625])
19.5310 	EXP 	polygon: pos = array([-0.0588172 ,  0.65140625])
19.5476 	EXP 	polygon: pos = array([0.02935484, 0.72875   ])
19.5644 	EXP 	polygon: pos = array([0.0788172 , 0.77171875])
19.5811 	EXP 	polygon: pos = array([0.10247312, 0.8834375 ])
19.5976 	EXP 	polygon: pos = array([0.11107527, 0.9521875 ])
19.6141 	EXP 	polygon: pos = array([0.11107527, 0.99      ])
19.6309 	EXP 	polygon: pos = array([0.11107527, 0.99      ])
19.6475 	EXP 	polygon: pos = array([0.11107527, 0.99      ])
19.6636 	EXP 	polygon: pos = array([0.11107527, 0.99      ])
19.6811 	EXP 	polygon: pos = array([0.11107527, 0.99      ])
19.6968 	EXP 	polygon: pos = array([0.11107527, 0.99      ])
19.7154 	EXP 	polygon: pos = array([0.11107527, 0.99      ])
19.7316 	EXP 	polygon: pos = array([0.11107527, 0.99      ])
19.7473 	EXP 	polygon: pos = array([0.11107527, 0.99      ])
19.7645 	EXP 	polygon: pos = array([0.11107527, 0.99      ])
19.7812 	EXP 	polygon: pos = array([0.11107527, 0.99      ])
19.7977 	EXP 	polygon: pos = array([0.11107527, 0.99      ])
19.8143 	EXP 	polygon: pos = array([0.11107527, 0.99      ])
19.8309 	EXP 	polygon: pos = array([0.11107527, 0.99      ])
19.8482 	EXP 	polygon: pos = array([0.11107527, 0.99      ])
19.8642 	EXP 	polygon: pos = array([0.11107527, 0.99      ])
19.8812 	EXP 	polygon: pos = array([0.11107527, 0.99      ])
19.8981 	EXP 	polygon: pos = array([0.11107527, 0.99      ])
19.9148 	EXP 	polygon: pos = array([0.11107527, 0.99      ])
19.9318 	EXP 	polygon: pos = array([0.11107527, 0.99      ])
19.9489 	EXP 	polygon: pos = array([0.11107527, 0.99      ])
19.9659 	EXP 	polygon: pos = array([0.11107527, 0.99      ])
19.9808 	EXP 	polygon: pos = array([0.07666667, 0.99      ])
19.9973 	EXP 	polygon: pos = array([0.07666667, 0.99      ])
20.0144 	EXP 	polygon: pos = array([0.06376344, 0.99      ])
20.0298 	EXP 	polygon: pos = array([0.03365591, 0.99      ])
20.0466 	EXP 	polygon: pos = array([0.03365591, 0.99      ])
20.0632 	EXP 	polygon: pos = array([-0.01365591,  0.99      ])
20.0799 	EXP 	polygon: pos = array([-0.09107527,  0.90921875])
20.0966 	EXP 	polygon: pos = array([-0.15774194,  0.831875  ])
20.1132 	EXP 	polygon: pos = array([-0.20075269,  0.72015625])
20.1310 	EXP 	polygon: pos = array([-0.25451613,  0.61273438])
20.1482 	EXP 	polygon: pos = array([-0.31903226,  0.52679688])
20.1644 	EXP 	polygon: pos = array([-0.38139785,  0.29046875])
20.1807 	EXP 	polygon: pos = array([-0.42870968,  0.17015625])
20.1985 	EXP 	polygon: pos = array([-0.47817204, -0.0103125 ])
20.2144 	EXP 	polygon: pos = array([-0.50827957, -0.10484375])
20.2315 	EXP 	polygon: pos = array([-0.51473118, -0.2165625 ])
20.2476 	EXP 	polygon: pos = array([-0.56419355, -0.3025    ])
20.2640 	EXP 	polygon: pos = array([-0.60290323, -0.4228125 ])
20.2810 	EXP 	polygon: pos = array([-0.62655914, -0.53453125])
20.2975 	EXP 	polygon: pos = array([-0.65021505, -0.6290625 ])
20.3141 	EXP 	polygon: pos = array([-0.68892473, -0.6978125 ])
20.3304 	EXP 	polygon: pos = array([-0.69322581, -0.78375   ])
20.3484 	EXP 	polygon: pos = array([-0.73193548, -0.9040625 ])
20.3649 	EXP 	polygon: pos = array([-0.73193548, -0.94273438])
20.3813 	EXP 	polygon: pos = array([-0.73193548, -0.99      ])
20.3980 	EXP 	polygon: pos = array([-0.73193548, -0.99      ])
20.4145 	EXP 	polygon: pos = array([-0.73193548, -0.99      ])
20.4312 	EXP 	polygon: pos = array([-0.73623656, -0.99      ])
20.4484 	EXP 	polygon: pos = array([-0.74913978, -0.99      ])
20.4653 	EXP 	polygon: pos = array([-0.74913978, -0.99      ])
20.4815 	EXP 	polygon: pos = array([-0.74913978, -0.99      ])
20.4986 	EXP 	polygon: pos = array([-0.71688172, -0.99      ])
20.5148 	EXP 	polygon: pos = array([-0.68892473, -0.99      ])
20.5318 	EXP 	polygon: pos = array([-0.64376344, -0.99      ])
20.5477 	EXP 	polygon: pos = array([-0.57924731, -0.99      ])
20.5645 	EXP 	polygon: pos = array([-0.49537634, -0.99      ])
20.5808 	EXP 	polygon: pos = array([-0.42870968, -0.99      ])
20.5980 	EXP 	polygon: pos = array([-0.34913978, -0.99      ])
20.6145 	EXP 	polygon: pos = array([-0.31258065, -0.99      ])
20.6312 	EXP 	polygon: pos = array([-0.26741935, -0.99      ])
20.6480 	EXP 	polygon: pos = array([-0.23731183, -0.99      ])
20.6649 	EXP 	polygon: pos = array([-0.19430108, -0.99      ])
20.6815 	EXP 	polygon: pos = array([-0.15774194, -0.99      ])
20.6986 	EXP 	polygon: pos = array([-0.1383871, -0.99     ])
20.7152 	EXP 	polygon: pos = array([-0.10182796, -0.99      ])
20.7321 	EXP 	polygon: pos = array([-0.04591398, -0.99      ])
20.7486 	EXP 	polygon: pos = array([-0.01365591, -0.99      ])
20.7648 	EXP 	polygon: pos = array([ 0.01645161, -0.99      ])
20.7809 	EXP 	polygon: pos = array([-0.00935484, -0.99      ])
20.7981 	EXP 	polygon: pos = array([-0.00935484, -0.99      ])
20.8149 	EXP 	polygon: pos = array([-0.00935484, -0.99      ])
20.8315 	EXP 	polygon: pos = array([-0.00935484, -0.99      ])
20.8480 	EXP 	polygon: pos = array([-0.00935484, -0.99      ])
20.8650 	EXP 	polygon: pos = array([-0.00935484, -0.99      ])
20.8811 	EXP 	polygon: pos = array([-0.00935484, -0.99      ])
20.8985 	EXP 	polygon: pos = array([-0.00935484, -0.96851562])
20.9152 	EXP 	polygon: pos = array([-0.00935484, -0.77945312])
20.9324 	EXP 	polygon: pos = array([-0.00935484, -0.51304687])
20.9493 	EXP 	polygon: pos = array([ 0.01645161, -0.23375   ])
20.9665 	EXP 	polygon: pos = array([ 0.03365591, -0.05328125])
20.9815 	EXP 	polygon: pos = array([0.05946237, 0.18304687])
20.9984 	EXP 	polygon: pos = array([0.07666667, 0.4709375 ])
21.0151 	EXP 	polygon: pos = array([0.10247312, 0.70726562])
21.0318 	EXP 	polygon: pos = array([0.10247312, 0.93070312])
21.0476 	EXP 	polygon: pos = array([0.10247312, 0.99      ])
21.0651 	EXP 	polygon: pos = array([0.10462366, 0.99      ])
21.0815 	EXP 	polygon: pos = array([0.11107527, 0.99      ])
21.0987 	EXP 	polygon: pos = array([0.11107527, 0.99      ])
21.1154 	EXP 	polygon: pos = array([0.11107527, 0.99      ])
21.1309 	EXP 	polygon: pos = array([0.11107527, 0.99      ])
21.1478 	EXP 	polygon: pos = array([0.11107527, 0.99      ])
21.1637 	EXP 	polygon: pos = array([0.11107527, 0.99      ])
21.1804 	EXP 	polygon: pos = array([0.11107527, 0.99      ])
21.1978 	EXP 	polygon: pos = array([0.11107527, 0.99      ])
21.2145 	EXP 	polygon: pos = array([0.11107527, 0.99      ])
21.2308 	EXP 	polygon: pos = array([0.11107527, 0.99      ])
21.2478 	EXP 	polygon: pos = array([0.11107527, 0.99      ])
21.2649 	EXP 	polygon: pos = array([0.11107527, 0.99      ])
21.2820 	EXP 	polygon: pos = array([0.11107527, 0.99      ])
21.2988 	EXP 	polygon: pos = array([0.11107527, 0.99      ])
21.3152 	EXP 	polygon: pos = array([0.11107527, 0.99      ])
21.3330 	EXP 	polygon: pos = array([0.11107527, 0.99      ])
21.3354 	DATA 	Keypress: space
21.3479 	EXP 	polygon: pos = array([0.11107527, 0.99      ])
21.3652 	EXP 	unnamed TextStim: autoDraw = False
21.3652 	EXP 	polygon: autoDraw = False
21.3783 	EXP 	Created unnamed TextStim = TextStim(__class__=<class 'psychopy.visual.text.TextStim'>, alignHoriz=method-wrapper(...), alignText='center', alignVert=method-wrapper(...), anchorHoriz='center', anchorVert='center', antialias=True, autoLog=True, bold=False, color=array([1., 1., 1.]), colorSpace='rgb', contrast=1.0, depth=0, flipHoriz=False, flipVert=False, font='', fontFiles=[], height=0.075, italic=False, languageStyle='LTR', name='unnamed TextStim', opacity=1.0, ori=0.0, pos=array([0., 0.]), rgb=UNKNOWN, text='TRAINING TRIALS', units='norm', win=Window(...), wrapWidth=1)
21.3882 	EXP 	unnamed TextStim: autoDraw = True
21.3882 	EXP 	polygon: pos = array([0.11107527, 0.99      ])
21.3882 	EXP 	polygon: autoDraw = True
21.4001 	EXP 	polygon: pos = array([0.11107527, 0.99      ])
21.4001 	EXP 	polygon: autoDraw = True
21.4145 	EXP 	polygon: pos = array([0.11107527, 0.99      ])
21.4145 	EXP 	polygon: autoDraw = True
21.4317 	EXP 	polygon: pos = array([0.11107527, 0.99      ])
21.4317 	EXP 	polygon: autoDraw = True
21.4488 	EXP 	polygon: pos = array([0.11107527, 0.99      ])
21.4488 	EXP 	polygon: autoDraw = True
21.4651 	EXP 	polygon: pos = array([0.11107527, 0.99      ])
21.4651 	EXP 	polygon: autoDraw = True
21.4819 	EXP 	polygon: pos = array([0.11107527, 0.99      ])
21.4819 	EXP 	polygon: autoDraw = True
21.4987 	EXP 	polygon: pos = array([0.11107527, 0.99      ])
21.4987 	EXP 	polygon: autoDraw = True
21.5154 	EXP 	polygon: pos = array([0.11107527, 0.99      ])
21.5154 	EXP 	polygon: autoDraw = True
21.5322 	EXP 	polygon: pos = array([0.11107527, 0.99      ])
21.5322 	EXP 	polygon: autoDraw = True
21.5487 	EXP 	polygon: pos = array([0.11107527, 0.99      ])
21.5487 	EXP 	polygon: autoDraw = True
21.5652 	EXP 	polygon: pos = array([0.11107527, 0.99      ])
21.5652 	EXP 	polygon: autoDraw = True
21.5819 	EXP 	polygon: pos = array([0.11107527, 0.99      ])
21.5819 	EXP 	polygon: autoDraw = True
21.5988 	EXP 	polygon: pos = array([0.11107527, 0.99      ])
21.5988 	EXP 	polygon: autoDraw = True
21.6149 	EXP 	polygon: pos = array([0.11107527, 0.99      ])
21.6149 	EXP 	polygon: autoDraw = True
21.6316 	EXP 	polygon: pos = array([0.11107527, 0.99      ])
21.6316 	EXP 	polygon: autoDraw = True
21.6482 	EXP 	polygon: pos = array([0.11107527, 0.99      ])
21.6482 	EXP 	polygon: autoDraw = True
21.6653 	EXP 	polygon: pos = array([0.11107527, 0.99      ])
21.6653 	EXP 	polygon: autoDraw = True
21.6817 	EXP 	polygon: pos = array([0.11107527, 0.99      ])
21.6817 	EXP 	polygon: autoDraw = True
21.6989 	EXP 	polygon: pos = array([0.11107527, 0.99      ])
21.6989 	EXP 	polygon: autoDraw = True
21.7160 	EXP 	polygon: pos = array([0.11107527, 0.99      ])
21.7160 	EXP 	polygon: autoDraw = True
21.7324 	EXP 	polygon: pos = array([0.11107527, 0.99      ])
21.7324 	EXP 	polygon: autoDraw = True
21.7489 	EXP 	polygon: pos = array([0.11107527, 0.99      ])
21.7489 	EXP 	polygon: autoDraw = True
21.7647 	EXP 	polygon: pos = array([0.11107527, 0.99      ])
21.7647 	EXP 	polygon: autoDraw = True
21.7810 	EXP 	polygon: pos = array([0.11107527, 0.99      ])
21.7810 	EXP 	polygon: autoDraw = True
21.7980 	EXP 	polygon: pos = array([0.11107527, 0.99      ])
21.7980 	EXP 	polygon: autoDraw = True
21.8145 	EXP 	polygon: pos = array([0.11107527, 0.99      ])
21.8145 	EXP 	polygon: autoDraw = True
21.8311 	EXP 	polygon: pos = array([0.11107527, 0.99      ])
21.8311 	EXP 	polygon: autoDraw = True
21.8475 	EXP 	polygon: pos = array([0.11107527, 0.99      ])
21.8475 	EXP 	polygon: autoDraw = True
21.8643 	EXP 	polygon: pos = array([0.11107527, 0.99      ])
21.8643 	EXP 	polygon: autoDraw = True
21.8812 	EXP 	polygon: pos = array([0.11107527, 0.99      ])
21.8812 	EXP 	polygon: autoDraw = True
21.8989 	EXP 	polygon: pos = array([0.11107527, 0.99      ])
21.8989 	EXP 	polygon: autoDraw = True
21.9159 	EXP 	polygon: pos = array([0.11107527, 0.99      ])
21.9159 	EXP 	polygon: autoDraw = True
21.9320 	EXP 	polygon: pos = array([0.11107527, 0.99      ])
21.9320 	EXP 	polygon: autoDraw = True
21.9502 	EXP 	polygon: pos = array([0.11107527, 0.99      ])
21.9502 	EXP 	polygon: autoDraw = True
21.9653 	EXP 	polygon: pos = array([0.11107527, 0.99      ])
21.9653 	EXP 	polygon: autoDraw = True
21.9813 	EXP 	polygon: pos = array([0.11107527, 0.99      ])
21.9813 	EXP 	polygon: autoDraw = True
21.9981 	EXP 	polygon: pos = array([0.11107527, 0.99      ])
21.9981 	EXP 	polygon: autoDraw = True
22.0145 	EXP 	polygon: pos = array([0.11107527, 0.99      ])
22.0145 	EXP 	polygon: autoDraw = True
22.0311 	EXP 	polygon: pos = array([0.11107527, 0.99      ])
22.0311 	EXP 	polygon: autoDraw = True
22.0477 	EXP 	polygon: pos = array([0.11107527, 0.99      ])
22.0477 	EXP 	polygon: autoDraw = True
22.0650 	EXP 	polygon: pos = array([0.11107527, 0.99      ])
22.0650 	EXP 	polygon: autoDraw = True
22.0826 	EXP 	polygon: pos = array([0.11107527, 0.99      ])
22.0826 	EXP 	polygon: autoDraw = True
22.0993 	EXP 	polygon: pos = array([0.11107527, 0.99      ])
22.0993 	EXP 	polygon: autoDraw = True
22.1156 	EXP 	polygon: pos = array([0.11107527, 0.99      ])
22.1156 	EXP 	polygon: autoDraw = True
22.1323 	EXP 	polygon: pos = array([0.11107527, 0.99      ])
22.1323 	EXP 	polygon: autoDraw = True
22.1485 	EXP 	polygon: pos = array([0.11107527, 0.99      ])
22.1485 	EXP 	polygon: autoDraw = True
22.1649 	EXP 	polygon: pos = array([0.11107527, 0.99      ])
22.1649 	EXP 	polygon: autoDraw = True
22.1815 	EXP 	polygon: pos = array([0.11107527, 0.99      ])
22.1815 	EXP 	polygon: autoDraw = True
22.1979 	EXP 	polygon: pos = array([0.11107527, 0.99      ])
22.1979 	EXP 	polygon: autoDraw = True
22.2146 	EXP 	polygon: pos = array([0.11107527, 0.99      ])
22.2146 	EXP 	polygon: autoDraw = True
22.2313 	EXP 	polygon: pos = array([0.11107527, 0.99      ])
22.2313 	EXP 	polygon: autoDraw = True
22.2475 	EXP 	polygon: pos = array([0.11107527, 0.99      ])
22.2475 	EXP 	polygon: autoDraw = True
22.2643 	EXP 	polygon: pos = array([0.11107527, 0.99      ])
22.2643 	EXP 	polygon: autoDraw = True
22.2809 	EXP 	polygon: pos = array([0.11107527, 0.99      ])
22.2809 	EXP 	polygon: autoDraw = True
22.2975 	EXP 	polygon: pos = array([0.11107527, 0.99      ])
22.2975 	EXP 	polygon: autoDraw = True
22.3144 	EXP 	polygon: pos = array([0.11107527, 0.99      ])
22.3144 	EXP 	polygon: autoDraw = True
22.3310 	EXP 	polygon: pos = array([0.11107527, 0.99      ])
22.3310 	EXP 	polygon: autoDraw = True
22.3493 	EXP 	polygon: pos = array([0.11107527, 0.99      ])
22.3493 	EXP 	polygon: autoDraw = True
22.3657 	EXP 	polygon: pos = array([0.11107527, 0.99      ])
22.3657 	EXP 	polygon: autoDraw = True
22.3826 	EXP 	polygon: pos = array([0.11107527, 0.99      ])
22.3826 	EXP 	polygon: autoDraw = True
22.3992 	EXP 	polygon: pos = array([0.11107527, 0.99      ])
22.3992 	EXP 	polygon: autoDraw = True
22.4156 	EXP 	polygon: pos = array([0.11107527, 0.99      ])
22.4156 	EXP 	polygon: autoDraw = True
22.4316 	EXP 	polygon: pos = array([0.11107527, 0.99      ])
22.4316 	EXP 	polygon: autoDraw = True
22.4483 	EXP 	polygon: pos = array([0.11107527, 0.99      ])
22.4483 	EXP 	polygon: autoDraw = True
22.4649 	EXP 	polygon: pos = array([0.11107527, 0.99      ])
22.4649 	EXP 	polygon: autoDraw = True
22.4815 	EXP 	polygon: pos = array([0.11107527, 0.99      ])
22.4815 	EXP 	polygon: autoDraw = True
22.4981 	EXP 	polygon: pos = array([0.11107527, 0.99      ])
22.4981 	EXP 	polygon: autoDraw = True
22.5147 	EXP 	polygon: pos = array([0.11107527, 0.99      ])
22.5147 	EXP 	polygon: autoDraw = True
22.5314 	EXP 	polygon: pos = array([0.11107527, 0.99      ])
22.5314 	EXP 	polygon: autoDraw = True
22.5480 	EXP 	polygon: pos = array([0.11107527, 0.99      ])
22.5480 	EXP 	polygon: autoDraw = True
22.5661 	EXP 	polygon: pos = array([0.11107527, 0.99      ])
22.5661 	EXP 	polygon: autoDraw = True
22.5821 	EXP 	polygon: pos = array([0.11107527, 0.99      ])
22.5821 	EXP 	polygon: autoDraw = True
22.5996 	EXP 	polygon: pos = array([0.11107527, 0.99      ])
22.5996 	EXP 	polygon: autoDraw = True
22.6152 	EXP 	polygon: pos = array([0.11107527, 0.99      ])
22.6152 	EXP 	polygon: autoDraw = True
22.6313 	EXP 	polygon: pos = array([0.11107527, 0.99      ])
22.6313 	EXP 	polygon: autoDraw = True
22.6485 	EXP 	polygon: pos = array([0.11107527, 0.99      ])
22.6485 	EXP 	polygon: autoDraw = True
22.6650 	EXP 	polygon: pos = array([0.11107527, 0.99      ])
22.6650 	EXP 	polygon: autoDraw = True
22.6827 	EXP 	polygon: pos = array([0.11107527, 0.99      ])
22.6827 	EXP 	polygon: autoDraw = True
22.6994 	EXP 	polygon: pos = array([0.11107527, 0.99      ])
22.6994 	EXP 	polygon: autoDraw = True
22.7153 	EXP 	polygon: pos = array([0.11107527, 0.99      ])
22.7153 	EXP 	polygon: autoDraw = True
22.7326 	EXP 	polygon: pos = array([0.11107527, 0.99      ])
22.7326 	EXP 	polygon: autoDraw = True
22.7487 	EXP 	polygon: pos = array([0.11107527, 0.99      ])
22.7487 	EXP 	polygon: autoDraw = True
22.7659 	EXP 	polygon: pos = array([0.11107527, 0.99      ])
22.7659 	EXP 	polygon: autoDraw = True
22.7829 	EXP 	polygon: pos = array([0.11107527, 0.99      ])
22.7829 	EXP 	polygon: autoDraw = True
22.7990 	EXP 	polygon: pos = array([0.11107527, 0.99      ])
22.7990 	EXP 	polygon: autoDraw = True
22.8156 	EXP 	polygon: pos = array([0.11107527, 0.99      ])
22.8156 	EXP 	polygon: autoDraw = True
22.8318 	EXP 	polygon: pos = array([0.11107527, 0.99      ])
22.8318 	EXP 	polygon: autoDraw = True
22.8484 	EXP 	polygon: pos = array([0.11107527, 0.99      ])
22.8484 	EXP 	polygon: autoDraw = True
22.8655 	EXP 	polygon: pos = array([0.11107527, 0.99      ])
22.8655 	EXP 	polygon: autoDraw = True
22.8831 	EXP 	polygon: pos = array([0.11107527, 0.99      ])
22.8831 	EXP 	polygon: autoDraw = True
22.8995 	EXP 	polygon: pos = array([0.11107527, 0.99      ])
22.8995 	EXP 	polygon: autoDraw = True
22.9164 	EXP 	polygon: pos = array([0.11107527, 0.99      ])
22.9164 	EXP 	polygon: autoDraw = True
22.9333 	EXP 	polygon: pos = array([0.11107527, 0.99      ])
22.9333 	EXP 	polygon: autoDraw = True
22.9507 	EXP 	polygon: pos = array([0.11107527, 0.99      ])
22.9507 	EXP 	polygon: autoDraw = True
22.9668 	EXP 	polygon: pos = array([0.11107527, 0.99      ])
22.9668 	EXP 	polygon: autoDraw = True
22.9826 	EXP 	polygon: pos = array([0.11107527, 0.99      ])
22.9826 	EXP 	polygon: autoDraw = True
22.9984 	EXP 	polygon: pos = array([0.11107527, 0.99      ])
22.9984 	EXP 	polygon: autoDraw = True
23.0152 	EXP 	polygon: pos = array([0.11107527, 0.99      ])
23.0152 	EXP 	polygon: autoDraw = True
23.0317 	EXP 	polygon: pos = array([0.11107527, 0.99      ])
23.0317 	EXP 	polygon: autoDraw = True
23.0483 	EXP 	polygon: pos = array([0.11107527, 0.99      ])
23.0483 	EXP 	polygon: autoDraw = True
23.0649 	EXP 	polygon: pos = array([0.11107527, 0.99      ])
23.0649 	EXP 	polygon: autoDraw = True
23.0818 	EXP 	polygon: pos = array([0.11107527, 0.99      ])
23.0818 	EXP 	polygon: autoDraw = True
23.0984 	EXP 	polygon: pos = array([0.11107527, 0.99      ])
23.0984 	EXP 	polygon: autoDraw = True
23.1160 	EXP 	polygon: pos = array([0.11107527, 0.99      ])
23.1160 	EXP 	polygon: autoDraw = True
23.1330 	EXP 	polygon: pos = array([0.11107527, 0.99      ])
23.1330 	EXP 	polygon: autoDraw = True
23.1486 	EXP 	polygon: pos = array([0.11107527, 0.99      ])
23.1486 	EXP 	polygon: autoDraw = True
23.1653 	EXP 	polygon: pos = array([0.11107527, 0.99      ])
23.1653 	EXP 	polygon: autoDraw = True
23.1825 	EXP 	polygon: pos = array([0.11107527, 0.99      ])
23.1825 	EXP 	polygon: autoDraw = True
23.1993 	EXP 	polygon: pos = array([0.11107527, 0.99      ])
23.1993 	EXP 	polygon: autoDraw = True
23.2158 	EXP 	polygon: pos = array([0.11107527, 0.99      ])
23.2158 	EXP 	polygon: autoDraw = True
23.2320 	EXP 	polygon: pos = array([0.11107527, 0.99      ])
23.2320 	EXP 	polygon: autoDraw = True
23.2499 	EXP 	polygon: pos = array([0.11107527, 0.99      ])
23.2499 	EXP 	polygon: autoDraw = True
23.2666 	EXP 	polygon: pos = array([0.11107527, 0.99      ])
23.2666 	EXP 	polygon: autoDraw = True
23.2830 	EXP 	polygon: pos = array([0.11107527, 0.99      ])
23.2830 	EXP 	polygon: autoDraw = True
23.2998 	EXP 	polygon: pos = array([0.11107527, 0.99      ])
23.2998 	EXP 	polygon: autoDraw = True
23.3161 	EXP 	polygon: pos = array([0.11107527, 0.99      ])
23.3161 	EXP 	polygon: autoDraw = True
23.3335 	EXP 	polygon: pos = array([0.11107527, 0.99      ])
23.3335 	EXP 	polygon: autoDraw = True
23.3488 	EXP 	polygon: pos = array([0.11107527, 0.99      ])
23.3488 	EXP 	polygon: autoDraw = True
23.3650 	EXP 	polygon: pos = array([0.11107527, 0.99      ])
23.3650 	EXP 	polygon: autoDraw = True
23.3814 	EXP 	polygon: pos = array([0.11107527, 0.99      ])
23.3814 	EXP 	polygon: autoDraw = True
23.3980 	EXP 	polygon: pos = array([0.11107527, 0.99      ])
23.3980 	EXP 	polygon: autoDraw = True
23.4148 	EXP 	polygon: pos = array([0.11107527, 0.99      ])
23.4148 	EXP 	polygon: autoDraw = True
23.4318 	EXP 	polygon: pos = array([0.11107527, 0.99      ])
23.4318 	EXP 	polygon: autoDraw = True
23.4488 	EXP 	polygon: pos = array([0.11107527, 0.99      ])
23.4488 	EXP 	polygon: autoDraw = True
23.4662 	EXP 	polygon: pos = array([0.11107527, 0.99      ])
23.4662 	EXP 	polygon: autoDraw = True
23.4831 	EXP 	polygon: pos = array([0.11107527, 0.99      ])
23.4831 	EXP 	polygon: autoDraw = True
23.4998 	EXP 	polygon: pos = array([0.11107527, 0.99      ])
23.4998 	EXP 	polygon: autoDraw = True
23.5161 	EXP 	polygon: pos = array([0.11107527, 0.99      ])
23.5161 	EXP 	polygon: autoDraw = True
23.5325 	EXP 	polygon: pos = array([0.11107527, 0.99      ])
23.5325 	EXP 	polygon: autoDraw = True
23.5493 	EXP 	polygon: pos = array([0.11107527, 0.99      ])
23.5493 	EXP 	polygon: autoDraw = True
23.5661 	EXP 	polygon: pos = array([0.11107527, 0.99      ])
23.5661 	EXP 	polygon: autoDraw = True
23.5829 	EXP 	polygon: pos = array([0.11107527, 0.99      ])
23.5829 	EXP 	polygon: autoDraw = True
23.5996 	EXP 	polygon: pos = array([0.11107527, 0.99      ])
23.5996 	EXP 	polygon: autoDraw = True
23.6155 	EXP 	polygon: pos = array([0.11107527, 0.99      ])
23.6155 	EXP 	polygon: autoDraw = True
23.6336 	EXP 	polygon: pos = array([0.11107527, 0.99      ])
23.6336 	EXP 	polygon: autoDraw = True
23.6497 	EXP 	polygon: pos = array([0.11107527, 0.99      ])
23.6497 	EXP 	polygon: autoDraw = True
23.6667 	EXP 	polygon: pos = array([0.11107527, 0.99      ])
23.6667 	EXP 	polygon: autoDraw = True
23.6834 	EXP 	polygon: pos = array([0.11107527, 0.99      ])
23.6834 	EXP 	polygon: autoDraw = True
23.7002 	EXP 	polygon: pos = array([0.11107527, 0.99      ])
23.7002 	EXP 	polygon: autoDraw = True
23.7162 	EXP 	polygon: pos = array([0.11107527, 0.99      ])
23.7162 	EXP 	polygon: autoDraw = True
23.7331 	EXP 	polygon: pos = array([0.11107527, 0.99      ])
23.7331 	EXP 	polygon: autoDraw = True
23.7497 	EXP 	polygon: pos = array([0.11107527, 0.99      ])
23.7497 	EXP 	polygon: autoDraw = True
23.7658 	EXP 	polygon: pos = array([0.11107527, 0.99      ])
23.7658 	EXP 	polygon: autoDraw = True
23.7828 	EXP 	polygon: pos = array([0.11107527, 0.99      ])
23.7828 	EXP 	polygon: autoDraw = True
23.7996 	EXP 	polygon: pos = array([0.11107527, 0.99      ])
23.7996 	EXP 	polygon: autoDraw = True
23.8164 	EXP 	polygon: pos = array([0.11107527, 0.99      ])
23.8164 	EXP 	polygon: autoDraw = True
23.8332 	EXP 	polygon: pos = array([0.11107527, 0.99      ])
23.8332 	EXP 	polygon: autoDraw = True
23.8501 	EXP 	polygon: pos = array([0.11107527, 0.99      ])
23.8501 	EXP 	polygon: autoDraw = True
23.8664 	EXP 	polygon: pos = array([0.11107527, 0.99      ])
23.8664 	EXP 	polygon: autoDraw = True
23.8833 	EXP 	polygon: pos = array([0.11107527, 0.99      ])
23.8833 	EXP 	polygon: autoDraw = True
23.9000 	EXP 	polygon: pos = array([0.11107527, 0.99      ])
23.9000 	EXP 	polygon: autoDraw = True
23.9159 	EXP 	polygon: pos = array([0.11107527, 0.99      ])
23.9159 	EXP 	polygon: autoDraw = True
23.9334 	EXP 	polygon: pos = array([0.11107527, 0.99      ])
23.9334 	EXP 	polygon: autoDraw = True
23.9503 	EXP 	polygon: pos = array([0.11107527, 0.99      ])
23.9503 	EXP 	polygon: autoDraw = True
23.9678 	EXP 	polygon: pos = array([0.11107527, 0.99      ])
23.9678 	EXP 	polygon: autoDraw = True
23.9824 	EXP 	polygon: pos = array([0.11107527, 0.99      ])
23.9824 	EXP 	polygon: autoDraw = True
24.0000 	EXP 	polygon: pos = array([0.11107527, 0.99      ])
24.0000 	EXP 	polygon: autoDraw = True
24.0166 	EXP 	polygon: pos = array([0.11107527, 0.99      ])
24.0166 	EXP 	polygon: autoDraw = True
24.0332 	EXP 	polygon: pos = array([0.11107527, 0.99      ])
24.0332 	EXP 	polygon: autoDraw = True
24.0503 	EXP 	polygon: pos = array([0.11107527, 0.99      ])
24.0503 	EXP 	polygon: autoDraw = True
24.0669 	EXP 	polygon: pos = array([0.11107527, 0.99      ])
24.0669 	EXP 	polygon: autoDraw = True
24.0833 	EXP 	polygon: pos = array([0.11107527, 0.99      ])
24.0833 	EXP 	polygon: autoDraw = True
24.1002 	EXP 	polygon: pos = array([0.11107527, 0.99      ])
24.1002 	EXP 	polygon: autoDraw = True
24.1163 	EXP 	polygon: pos = array([0.11107527, 0.99      ])
24.1163 	EXP 	polygon: autoDraw = True
24.1333 	EXP 	polygon: pos = array([0.11107527, 0.99      ])
24.1333 	EXP 	polygon: autoDraw = True
24.1497 	EXP 	polygon: pos = array([0.11107527, 0.99      ])
24.1497 	EXP 	polygon: autoDraw = True
24.1663 	EXP 	polygon: pos = array([0.11107527, 0.99      ])
24.1663 	EXP 	polygon: autoDraw = True
24.1832 	EXP 	polygon: pos = array([0.11107527, 0.99      ])
24.1832 	EXP 	polygon: autoDraw = True
24.1997 	EXP 	polygon: pos = array([0.11107527, 0.99      ])
24.1997 	EXP 	polygon: autoDraw = True
24.2168 	EXP 	polygon: pos = array([0.11107527, 0.99      ])
24.2168 	EXP 	polygon: autoDraw = True
24.2327 	EXP 	polygon: pos = array([0.11107527, 0.99      ])
24.2327 	EXP 	polygon: autoDraw = True
24.2498 	EXP 	polygon: pos = array([0.11107527, 0.99      ])
24.2498 	EXP 	polygon: autoDraw = True
24.2671 	EXP 	polygon: pos = array([0.11107527, 0.99      ])
24.2671 	EXP 	polygon: autoDraw = True
24.2834 	EXP 	polygon: pos = array([0.11107527, 0.99      ])
24.2834 	EXP 	polygon: autoDraw = True
24.3002 	EXP 	polygon: pos = array([0.11107527, 0.99      ])
24.3002 	EXP 	polygon: autoDraw = True
24.3167 	EXP 	polygon: pos = array([0.11107527, 0.99      ])
24.3167 	EXP 	polygon: autoDraw = True
24.3337 	EXP 	polygon: pos = array([0.11107527, 0.99      ])
24.3337 	EXP 	polygon: autoDraw = True
24.3499 	EXP 	polygon: pos = array([0.11107527, 0.99      ])
24.3499 	EXP 	polygon: autoDraw = True
24.3665 	EXP 	polygon: pos = array([0.11107527, 0.99      ])
24.3665 	EXP 	polygon: autoDraw = True
24.3834 	EXP 	polygon: pos = array([0.11107527, 0.99      ])
24.3834 	EXP 	polygon: autoDraw = True
24.4001 	EXP 	unnamed TextStim: autoDraw = False
24.4001 	EXP 	polygon: autoDraw = False
24.4066 	EXP 	window1: mouseVisible = True
